{"/Users/irfandi/.local/share/opencode/worktree/d686a6dfff4eca54f64908f2ecb63fded89b9888/silent-river/packages/vault/src/crypto.ts": {"path":"/Users/irfandi/.local/share/opencode/worktree/d686a6dfff4eca54f64908f2ecb63fded89b9888/silent-river/packages/vault/src/crypto.ts","all":false,"statementMap":{"0":{"start":{"line":1,"column":0},"end":{"line":1,"column":88}},"11":{"start":{"line":12,"column":0},"end":{"line":12,"column":36}},"13":{"start":{"line":14,"column":0},"end":{"line":14,"column":126}},"14":{"start":{"line":15,"column":0},"end":{"line":15,"column":40}},"15":{"start":{"line":16,"column":0},"end":{"line":16,"column":42}},"16":{"start":{"line":17,"column":0},"end":{"line":17,"column":52}},"17":{"start":{"line":18,"column":0},"end":{"line":18,"column":28}},"18":{"start":{"line":19,"column":0},"end":{"line":19,"column":11}},"19":{"start":{"line":20,"column":0},"end":{"line":20,"column":36}},"20":{"start":{"line":21,"column":0},"end":{"line":21,"column":32}},"21":{"start":{"line":22,"column":0},"end":{"line":22,"column":38}},"22":{"start":{"line":23,"column":0},"end":{"line":23,"column":35}},"23":{"start":{"line":24,"column":0},"end":{"line":24,"column":16}},"24":{"start":{"line":25,"column":0},"end":{"line":25,"column":7}},"25":{"start":{"line":26,"column":0},"end":{"line":26,"column":22}},"26":{"start":{"line":27,"column":0},"end":{"line":27,"column":3}},"28":{"start":{"line":29,"column":0},"end":{"line":29,"column":64}},"29":{"start":{"line":30,"column":0},"end":{"line":30,"column":1}},"31":{"start":{"line":32,"column":0},"end":{"line":32,"column":88}},"32":{"start":{"line":33,"column":0},"end":{"line":33,"column":29}},"33":{"start":{"line":34,"column":0},"end":{"line":34,"column":1}},"35":{"start":{"line":36,"column":0},"end":{"line":36,"column":72}},"36":{"start":{"line":37,"column":0},"end":{"line":37,"column":29}},"37":{"start":{"line":38,"column":0},"end":{"line":38,"column":1}},"39":{"start":{"line":40,"column":0},"end":{"line":40,"column":106}},"40":{"start":{"line":41,"column":0},"end":{"line":41,"column":26}},"41":{"start":{"line":42,"column":0},"end":{"line":42,"column":77}},"42":{"start":{"line":43,"column":0},"end":{"line":43,"column":3}},"44":{"start":{"line":45,"column":0},"end":{"line":45,"column":40}},"45":{"start":{"line":46,"column":0},"end":{"line":46,"column":93}},"46":{"start":{"line":47,"column":0},"end":{"line":47,"column":3}},"48":{"start":{"line":49,"column":0},"end":{"line":49,"column":56}},"49":{"start":{"line":50,"column":0},"end":{"line":50,"column":79}},"50":{"start":{"line":51,"column":0},"end":{"line":51,"column":34}},"52":{"start":{"line":53,"column":0},"end":{"line":53,"column":29}},"53":{"start":{"line":54,"column":0},"end":{"line":54,"column":1}},"55":{"start":{"line":56,"column":0},"end":{"line":56,"column":91}},"56":{"start":{"line":57,"column":0},"end":{"line":57,"column":26}},"57":{"start":{"line":58,"column":0},"end":{"line":58,"column":67}},"58":{"start":{"line":59,"column":0},"end":{"line":59,"column":3}},"60":{"start":{"line":61,"column":0},"end":{"line":61,"column":40}},"61":{"start":{"line":62,"column":0},"end":{"line":62,"column":65}},"62":{"start":{"line":63,"column":0},"end":{"line":63,"column":3}},"64":{"start":{"line":65,"column":0},"end":{"line":65,"column":42}},"65":{"start":{"line":66,"column":0},"end":{"line":66,"column":67}},"66":{"start":{"line":67,"column":0},"end":{"line":67,"column":3}},"68":{"start":{"line":69,"column":0},"end":{"line":69,"column":7}},"69":{"start":{"line":70,"column":0},"end":{"line":70,"column":62}},"70":{"start":{"line":71,"column":0},"end":{"line":71,"column":29}},"71":{"start":{"line":72,"column":0},"end":{"line":72,"column":85}},"72":{"start":{"line":73,"column":0},"end":{"line":73,"column":21}},"73":{"start":{"line":74,"column":0},"end":{"line":74,"column":19}},"74":{"start":{"line":75,"column":0},"end":{"line":75,"column":99}},"75":{"start":{"line":76,"column":0},"end":{"line":76,"column":3}},"76":{"start":{"line":77,"column":0},"end":{"line":77,"column":1}},"78":{"start":{"line":79,"column":0},"end":{"line":79,"column":51}},"79":{"start":{"line":80,"column":0},"end":{"line":80,"column":17}},"80":{"start":{"line":81,"column":0},"end":{"line":81,"column":1}},"82":{"start":{"line":83,"column":0},"end":{"line":83,"column":62}},"83":{"start":{"line":84,"column":0},"end":{"line":84,"column":30}},"84":{"start":{"line":85,"column":0},"end":{"line":85,"column":17}},"85":{"start":{"line":86,"column":0},"end":{"line":86,"column":3}},"86":{"start":{"line":87,"column":0},"end":{"line":87,"column":31}},"87":{"start":{"line":88,"column":0},"end":{"line":88,"column":1}},"89":{"start":{"line":90,"column":0},"end":{"line":90,"column":86}},"90":{"start":{"line":91,"column":0},"end":{"line":91,"column":10}},"91":{"start":{"line":92,"column":0},"end":{"line":92,"column":51}},"92":{"start":{"line":93,"column":0},"end":{"line":93,"column":35}},"93":{"start":{"line":94,"column":0},"end":{"line":94,"column":39}},"94":{"start":{"line":95,"column":0},"end":{"line":95,"column":37}},"95":{"start":{"line":96,"column":0},"end":{"line":96,"column":26}},"96":{"start":{"line":97,"column":0},"end":{"line":97,"column":4}},"97":{"start":{"line":98,"column":0},"end":{"line":98,"column":1}},"99":{"start":{"line":100,"column":0},"end":{"line":100,"column":88}},"100":{"start":{"line":101,"column":0},"end":{"line":101,"column":10}},"101":{"start":{"line":102,"column":0},"end":{"line":102,"column":55}},"102":{"start":{"line":103,"column":0},"end":{"line":103,"column":39}},"103":{"start":{"line":104,"column":0},"end":{"line":104,"column":43}},"104":{"start":{"line":105,"column":0},"end":{"line":105,"column":41}},"105":{"start":{"line":106,"column":0},"end":{"line":106,"column":26}},"106":{"start":{"line":107,"column":0},"end":{"line":107,"column":4}},"107":{"start":{"line":108,"column":0},"end":{"line":108,"column":1}}},"s":{"0":1,"11":1,"13":94,"14":94,"15":93,"16":93,"17":93,"18":93,"19":93,"20":93,"21":93,"22":93,"23":93,"24":93,"25":93,"26":93,"28":1,"29":1,"31":1,"32":83,"33":83,"35":1,"36":155,"37":155,"39":1,"40":152,"41":1,"42":1,"44":152,"45":1,"46":1,"48":150,"49":150,"50":150,"52":150,"53":150,"55":1,"56":140,"57":1,"58":1,"60":140,"61":0,"62":0,"64":140,"65":0,"66":0,"68":139,"69":139,"70":139,"71":139,"72":139,"73":140,"74":7,"75":7,"76":140,"78":1,"79":220,"80":220,"82":1,"83":129,"84":1,"85":1,"86":128,"87":128,"89":1,"90":2,"91":2,"92":2,"93":2,"94":2,"95":2,"96":2,"97":2,"99":1,"100":1,"101":1,"102":1,"103":1,"104":1,"105":1,"106":1,"107":1},"branchMap":{"0":{"type":"branch","line":14,"loc":{"start":{"line":14,"column":0},"end":{"line":30,"column":1}},"locations":[{"start":{"line":14,"column":0},"end":{"line":30,"column":1}}]},"1":{"type":"branch","line":15,"loc":{"start":{"line":15,"column":39},"end":{"line":27,"column":3}},"locations":[{"start":{"line":15,"column":39},"end":{"line":27,"column":3}}]},"2":{"type":"branch","line":27,"loc":{"start":{"line":27,"column":2},"end":{"line":30,"column":1}},"locations":[{"start":{"line":27,"column":2},"end":{"line":30,"column":1}}]},"3":{"type":"branch","line":32,"loc":{"start":{"line":32,"column":7},"end":{"line":34,"column":1}},"locations":[{"start":{"line":32,"column":7},"end":{"line":34,"column":1}}]},"4":{"type":"branch","line":36,"loc":{"start":{"line":36,"column":7},"end":{"line":38,"column":1}},"locations":[{"start":{"line":36,"column":7},"end":{"line":38,"column":1}}]},"5":{"type":"branch","line":40,"loc":{"start":{"line":40,"column":7},"end":{"line":54,"column":1}},"locations":[{"start":{"line":40,"column":7},"end":{"line":54,"column":1}}]},"6":{"type":"branch","line":41,"loc":{"start":{"line":41,"column":25},"end":{"line":43,"column":3}},"locations":[{"start":{"line":41,"column":25},"end":{"line":43,"column":3}}]},"7":{"type":"branch","line":43,"loc":{"start":{"line":43,"column":2},"end":{"line":45,"column":39}},"locations":[{"start":{"line":43,"column":2},"end":{"line":45,"column":39}}]},"8":{"type":"branch","line":45,"loc":{"start":{"line":45,"column":39},"end":{"line":47,"column":3}},"locations":[{"start":{"line":45,"column":39},"end":{"line":47,"column":3}}]},"9":{"type":"branch","line":47,"loc":{"start":{"line":47,"column":2},"end":{"line":54,"column":1}},"locations":[{"start":{"line":47,"column":2},"end":{"line":54,"column":1}}]},"10":{"type":"branch","line":56,"loc":{"start":{"line":56,"column":7},"end":{"line":77,"column":1}},"locations":[{"start":{"line":56,"column":7},"end":{"line":77,"column":1}}]},"11":{"type":"branch","line":57,"loc":{"start":{"line":57,"column":25},"end":{"line":59,"column":3}},"locations":[{"start":{"line":57,"column":25},"end":{"line":59,"column":3}}]},"12":{"type":"branch","line":59,"loc":{"start":{"line":59,"column":2},"end":{"line":61,"column":39}},"locations":[{"start":{"line":59,"column":2},"end":{"line":61,"column":39}}]},"13":{"type":"branch","line":61,"loc":{"start":{"line":61,"column":39},"end":{"line":63,"column":3}},"locations":[{"start":{"line":61,"column":39},"end":{"line":63,"column":3}}]},"14":{"type":"branch","line":63,"loc":{"start":{"line":63,"column":2},"end":{"line":65,"column":41}},"locations":[{"start":{"line":63,"column":2},"end":{"line":65,"column":41}}]},"15":{"type":"branch","line":65,"loc":{"start":{"line":65,"column":41},"end":{"line":67,"column":3}},"locations":[{"start":{"line":65,"column":41},"end":{"line":67,"column":3}}]},"16":{"type":"branch","line":67,"loc":{"start":{"line":67,"column":2},"end":{"line":74,"column":11}},"locations":[{"start":{"line":67,"column":2},"end":{"line":74,"column":11}}]},"17":{"type":"branch","line":74,"loc":{"start":{"line":74,"column":2},"end":{"line":76,"column":3}},"locations":[{"start":{"line":74,"column":2},"end":{"line":76,"column":3}}]},"18":{"type":"branch","line":79,"loc":{"start":{"line":79,"column":7},"end":{"line":81,"column":1}},"locations":[{"start":{"line":79,"column":7},"end":{"line":81,"column":1}}]},"19":{"type":"branch","line":83,"loc":{"start":{"line":83,"column":7},"end":{"line":88,"column":1}},"locations":[{"start":{"line":83,"column":7},"end":{"line":88,"column":1}}]},"20":{"type":"branch","line":84,"loc":{"start":{"line":84,"column":29},"end":{"line":86,"column":3}},"locations":[{"start":{"line":84,"column":29},"end":{"line":86,"column":3}}]},"21":{"type":"branch","line":86,"loc":{"start":{"line":86,"column":2},"end":{"line":88,"column":1}},"locations":[{"start":{"line":86,"column":2},"end":{"line":88,"column":1}}]},"22":{"type":"branch","line":90,"loc":{"start":{"line":90,"column":7},"end":{"line":98,"column":1}},"locations":[{"start":{"line":90,"column":7},"end":{"line":98,"column":1}}]},"23":{"type":"branch","line":100,"loc":{"start":{"line":100,"column":7},"end":{"line":108,"column":1}},"locations":[{"start":{"line":100,"column":7},"end":{"line":108,"column":1}}]}},"b":{"0":[94],"1":[93],"2":[1],"3":[83],"4":[155],"5":[152],"6":[1],"7":[151],"8":[1],"9":[150],"10":[140],"11":[1],"12":[139],"13":[0],"14":[139],"15":[0],"16":[139],"17":[7],"18":[220],"19":[129],"20":[1],"21":[128],"22":[2],"23":[1]},"fnMap":{"0":{"name":"deriveKey","decl":{"start":{"line":14,"column":0},"end":{"line":30,"column":1}},"loc":{"start":{"line":14,"column":0},"end":{"line":30,"column":1}},"line":14},"1":{"name":"generateSalt","decl":{"start":{"line":32,"column":7},"end":{"line":34,"column":1}},"loc":{"start":{"line":32,"column":7},"end":{"line":34,"column":1}},"line":32},"2":{"name":"generateIV","decl":{"start":{"line":36,"column":7},"end":{"line":38,"column":1}},"loc":{"start":{"line":36,"column":7},"end":{"line":38,"column":1}},"line":36},"3":{"name":"encrypt","decl":{"start":{"line":40,"column":7},"end":{"line":54,"column":1}},"loc":{"start":{"line":40,"column":7},"end":{"line":54,"column":1}},"line":40},"4":{"name":"decrypt","decl":{"start":{"line":56,"column":7},"end":{"line":77,"column":1}},"loc":{"start":{"line":56,"column":7},"end":{"line":77,"column":1}},"line":56},"5":{"name":"secureClear","decl":{"start":{"line":79,"column":7},"end":{"line":81,"column":1}},"loc":{"start":{"line":79,"column":7},"end":{"line":81,"column":1}},"line":79},"6":{"name":"secureCompare","decl":{"start":{"line":83,"column":7},"end":{"line":88,"column":1}},"loc":{"start":{"line":83,"column":7},"end":{"line":88,"column":1}},"line":83},"7":{"name":"serializeEncryptedData","decl":{"start":{"line":90,"column":7},"end":{"line":98,"column":1}},"loc":{"start":{"line":90,"column":7},"end":{"line":98,"column":1}},"line":90},"8":{"name":"deserializeEncryptedData","decl":{"start":{"line":100,"column":7},"end":{"line":108,"column":1}},"loc":{"start":{"line":100,"column":7},"end":{"line":108,"column":1}},"line":100}},"f":{"0":94,"1":83,"2":155,"3":152,"4":140,"5":220,"6":129,"7":2,"8":1}}
,"/Users/irfandi/.local/share/opencode/worktree/d686a6dfff4eca54f64908f2ecb63fded89b9888/silent-river/packages/vault/src/index.ts": {"path":"/Users/irfandi/.local/share/opencode/worktree/d686a6dfff4eca54f64908f2ecb63fded89b9888/silent-river/packages/vault/src/index.ts","all":true,"statementMap":{"0":{"start":{"line":1,"column":0},"end":{"line":1,"column":8}}},"s":{"0":0},"branchMap":{"0":{"type":"branch","line":1,"loc":{"start":{"line":1,"column":807},"end":{"line":47,"column":31}},"locations":[{"start":{"line":1,"column":807},"end":{"line":47,"column":31}}]}},"b":{"0":[0]},"fnMap":{"0":{"name":"(empty-report)","decl":{"start":{"line":1,"column":807},"end":{"line":47,"column":31}},"loc":{"start":{"line":1,"column":807},"end":{"line":47,"column":31}},"line":1}},"f":{"0":0}}
,"/Users/irfandi/.local/share/opencode/worktree/d686a6dfff4eca54f64908f2ecb63fded89b9888/silent-river/packages/vault/src/key-cache.ts": {"path":"/Users/irfandi/.local/share/opencode/worktree/d686a6dfff4eca54f64908f2ecb63fded89b9888/silent-river/packages/vault/src/key-cache.ts","all":false,"statementMap":{"0":{"start":{"line":1,"column":0},"end":{"line":1,"column":53}},"17":{"start":{"line":18,"column":0},"end":{"line":18,"column":53}},"18":{"start":{"line":19,"column":0},"end":{"line":19,"column":49}},"19":{"start":{"line":20,"column":0},"end":{"line":20,"column":54}},"20":{"start":{"line":21,"column":0},"end":{"line":21,"column":17}},"21":{"start":{"line":22,"column":0},"end":{"line":22,"column":2}},"23":{"start":{"line":24,"column":0},"end":{"line":24,"column":23}},"24":{"start":{"line":25,"column":0},"end":{"line":25,"column":57}},"25":{"start":{"line":26,"column":0},"end":{"line":26,"column":34}},"26":{"start":{"line":27,"column":0},"end":{"line":27,"column":57}},"28":{"start":{"line":29,"column":0},"end":{"line":29,"column":53}},"29":{"start":{"line":30,"column":0},"end":{"line":30,"column":58}},"30":{"start":{"line":31,"column":0},"end":{"line":31,"column":33}},"31":{"start":{"line":32,"column":0},"end":{"line":32,"column":3}},"33":{"start":{"line":34,"column":0},"end":{"line":34,"column":15}},"34":{"start":{"line":35,"column":0},"end":{"line":35,"column":21}},"35":{"start":{"line":36,"column":0},"end":{"line":36,"column":17}},"36":{"start":{"line":37,"column":0},"end":{"line":37,"column":51}},"37":{"start":{"line":38,"column":0},"end":{"line":38,"column":22}},"38":{"start":{"line":39,"column":0},"end":{"line":39,"column":60}},"39":{"start":{"line":40,"column":0},"end":{"line":40,"column":44}},"41":{"start":{"line":42,"column":0},"end":{"line":42,"column":40}},"42":{"start":{"line":43,"column":0},"end":{"line":43,"column":40}},"43":{"start":{"line":44,"column":0},"end":{"line":44,"column":26}},"44":{"start":{"line":45,"column":0},"end":{"line":45,"column":36}},"45":{"start":{"line":46,"column":0},"end":{"line":46,"column":5}},"47":{"start":{"line":48,"column":0},"end":{"line":48,"column":61}},"48":{"start":{"line":49,"column":0},"end":{"line":49,"column":37}},"49":{"start":{"line":50,"column":0},"end":{"line":50,"column":15}},"50":{"start":{"line":51,"column":0},"end":{"line":51,"column":3}},"52":{"start":{"line":53,"column":0},"end":{"line":53,"column":52}},"53":{"start":{"line":54,"column":0},"end":{"line":54,"column":60}},"54":{"start":{"line":55,"column":0},"end":{"line":55,"column":44}},"55":{"start":{"line":56,"column":0},"end":{"line":56,"column":16}},"56":{"start":{"line":57,"column":0},"end":{"line":57,"column":29}},"57":{"start":{"line":58,"column":0},"end":{"line":58,"column":35}},"58":{"start":{"line":59,"column":0},"end":{"line":59,"column":5}},"59":{"start":{"line":60,"column":0},"end":{"line":60,"column":3}},"61":{"start":{"line":62,"column":0},"end":{"line":62,"column":25}},"62":{"start":{"line":63,"column":0},"end":{"line":63,"column":47}},"63":{"start":{"line":64,"column":0},"end":{"line":64,"column":29}},"64":{"start":{"line":65,"column":0},"end":{"line":65,"column":5}},"65":{"start":{"line":66,"column":0},"end":{"line":66,"column":24}},"66":{"start":{"line":67,"column":0},"end":{"line":67,"column":3}},"68":{"start":{"line":69,"column":0},"end":{"line":69,"column":15}},"73":{"start":{"line":74,"column":0},"end":{"line":74,"column":5}},"74":{"start":{"line":75,"column":0},"end":{"line":75,"column":29}},"75":{"start":{"line":76,"column":0},"end":{"line":76,"column":42}},"76":{"start":{"line":77,"column":0},"end":{"line":77,"column":42}},"78":{"start":{"line":79,"column":0},"end":{"line":79,"column":47}},"79":{"start":{"line":80,"column":0},"end":{"line":80,"column":44}},"80":{"start":{"line":81,"column":0},"end":{"line":81,"column":58}},"81":{"start":{"line":82,"column":0},"end":{"line":82,"column":38}},"82":{"start":{"line":83,"column":0},"end":{"line":83,"column":7}},"83":{"start":{"line":84,"column":0},"end":{"line":84,"column":58}},"84":{"start":{"line":85,"column":0},"end":{"line":85,"column":38}},"85":{"start":{"line":86,"column":0},"end":{"line":86,"column":7}},"86":{"start":{"line":87,"column":0},"end":{"line":87,"column":5}},"88":{"start":{"line":89,"column":0},"end":{"line":89,"column":12}},"89":{"start":{"line":90,"column":0},"end":{"line":90,"column":29}},"90":{"start":{"line":91,"column":0},"end":{"line":91,"column":23}},"91":{"start":{"line":92,"column":0},"end":{"line":92,"column":18}},"92":{"start":{"line":93,"column":0},"end":{"line":93,"column":18}},"93":{"start":{"line":94,"column":0},"end":{"line":94,"column":6}},"94":{"start":{"line":95,"column":0},"end":{"line":95,"column":3}},"96":{"start":{"line":97,"column":0},"end":{"line":97,"column":19}},"97":{"start":{"line":98,"column":0},"end":{"line":98,"column":32}},"98":{"start":{"line":99,"column":0},"end":{"line":99,"column":43}},"99":{"start":{"line":100,"column":0},"end":{"line":100,"column":35}},"100":{"start":{"line":101,"column":0},"end":{"line":101,"column":5}},"101":{"start":{"line":102,"column":0},"end":{"line":102,"column":25}},"102":{"start":{"line":103,"column":0},"end":{"line":103,"column":3}},"104":{"start":{"line":105,"column":0},"end":{"line":105,"column":69}},"106":{"start":{"line":107,"column":0},"end":{"line":107,"column":45}},"107":{"start":{"line":108,"column":0},"end":{"line":108,"column":76}},"108":{"start":{"line":109,"column":0},"end":{"line":109,"column":3}},"110":{"start":{"line":111,"column":0},"end":{"line":111,"column":51}},"111":{"start":{"line":112,"column":0},"end":{"line":112,"column":27}},"112":{"start":{"line":113,"column":0},"end":{"line":113,"column":38}},"113":{"start":{"line":114,"column":0},"end":{"line":114,"column":44}},"115":{"start":{"line":116,"column":0},"end":{"line":116,"column":72}},"116":{"start":{"line":117,"column":0},"end":{"line":117,"column":3}},"118":{"start":{"line":119,"column":0},"end":{"line":119,"column":69}},"119":{"start":{"line":120,"column":0},"end":{"line":120,"column":54}},"120":{"start":{"line":121,"column":0},"end":{"line":121,"column":23}},"121":{"start":{"line":122,"column":0},"end":{"line":122,"column":5}},"123":{"start":{"line":124,"column":0},"end":{"line":124,"column":31}},"124":{"start":{"line":125,"column":0},"end":{"line":125,"column":28}},"125":{"start":{"line":126,"column":0},"end":{"line":126,"column":30}},"126":{"start":{"line":127,"column":0},"end":{"line":127,"column":28}},"127":{"start":{"line":128,"column":0},"end":{"line":128,"column":33}},"128":{"start":{"line":129,"column":0},"end":{"line":129,"column":21}},"129":{"start":{"line":130,"column":0},"end":{"line":130,"column":7}},"130":{"start":{"line":131,"column":0},"end":{"line":131,"column":3}},"132":{"start":{"line":133,"column":0},"end":{"line":133,"column":29}},"133":{"start":{"line":134,"column":0},"end":{"line":134,"column":40}},"134":{"start":{"line":135,"column":0},"end":{"line":135,"column":32}},"136":{"start":{"line":137,"column":0},"end":{"line":137,"column":55}},"137":{"start":{"line":138,"column":0},"end":{"line":138,"column":48}},"138":{"start":{"line":139,"column":0},"end":{"line":139,"column":44}},"139":{"start":{"line":140,"column":0},"end":{"line":140,"column":24}},"140":{"start":{"line":141,"column":0},"end":{"line":141,"column":7}},"141":{"start":{"line":142,"column":0},"end":{"line":142,"column":5}},"143":{"start":{"line":144,"column":0},"end":{"line":144,"column":20}},"144":{"start":{"line":145,"column":0},"end":{"line":145,"column":47}},"145":{"start":{"line":146,"column":0},"end":{"line":146,"column":18}},"146":{"start":{"line":147,"column":0},"end":{"line":147,"column":31}},"147":{"start":{"line":148,"column":0},"end":{"line":148,"column":7}},"148":{"start":{"line":149,"column":0},"end":{"line":149,"column":36}},"149":{"start":{"line":150,"column":0},"end":{"line":150,"column":5}},"150":{"start":{"line":151,"column":0},"end":{"line":151,"column":3}},"152":{"start":{"line":153,"column":0},"end":{"line":153,"column":41}},"153":{"start":{"line":154,"column":0},"end":{"line":154,"column":47}},"154":{"start":{"line":155,"column":0},"end":{"line":155,"column":22}},"155":{"start":{"line":156,"column":0},"end":{"line":156,"column":42}},"156":{"start":{"line":157,"column":0},"end":{"line":157,"column":3}},"158":{"start":{"line":159,"column":0},"end":{"line":159,"column":28}},"159":{"start":{"line":160,"column":0},"end":{"line":160,"column":27}},"160":{"start":{"line":161,"column":0},"end":{"line":161,"column":55}},"161":{"start":{"line":162,"column":0},"end":{"line":162,"column":40}},"162":{"start":{"line":163,"column":0},"end":{"line":163,"column":46}},"164":{"start":{"line":165,"column":0},"end":{"line":165,"column":75}},"165":{"start":{"line":166,"column":0},"end":{"line":166,"column":31}},"166":{"start":{"line":167,"column":0},"end":{"line":167,"column":32}},"167":{"start":{"line":168,"column":0},"end":{"line":168,"column":7}},"168":{"start":{"line":169,"column":0},"end":{"line":169,"column":5}},"169":{"start":{"line":170,"column":0},"end":{"line":170,"column":3}},"170":{"start":{"line":171,"column":0},"end":{"line":171,"column":1}},"172":{"start":{"line":173,"column":0},"end":{"line":173,"column":76}},"173":{"start":{"line":174,"column":0},"end":{"line":174,"column":30}},"174":{"start":{"line":175,"column":0},"end":{"line":175,"column":1}}},"s":{"0":1,"17":1,"18":1,"19":1,"20":1,"21":1,"23":1,"24":1,"25":36,"26":36,"28":1,"29":36,"30":36,"31":36,"33":1,"34":30,"35":30,"36":30,"37":30,"38":30,"39":30,"41":30,"42":7,"43":7,"44":7,"45":7,"47":23,"48":23,"49":23,"50":30,"52":1,"53":2,"54":2,"55":2,"56":2,"57":2,"58":2,"59":2,"61":1,"62":65,"63":20,"64":20,"65":65,"66":65,"68":1,"73":22,"74":22,"75":22,"76":22,"78":22,"79":29,"80":29,"81":18,"82":18,"83":29,"84":29,"85":29,"86":29,"88":22,"89":22,"90":22,"91":22,"92":22,"93":22,"94":22,"96":1,"97":38,"98":36,"99":36,"100":36,"101":38,"102":38,"104":1,"106":32,"107":32,"108":32,"110":1,"111":7,"112":7,"113":7,"115":7,"116":7,"118":1,"119":23,"120":1,"121":1,"123":23,"124":23,"125":23,"126":23,"127":23,"128":23,"129":23,"130":23,"132":1,"133":1,"134":1,"136":1,"137":2,"138":2,"139":2,"140":2,"141":2,"143":1,"144":1,"145":1,"146":1,"147":1,"148":1,"149":1,"150":1,"152":1,"153":36,"154":0,"155":36,"156":36,"158":1,"159":0,"160":0,"161":0,"162":0,"164":0,"165":0,"166":0,"167":0,"168":0,"169":0,"170":1,"172":1,"173":36,"174":36},"branchMap":{"0":{"type":"branch","line":25,"loc":{"start":{"line":25,"column":10},"end":{"line":27,"column":57}},"locations":[{"start":{"line":25,"column":10},"end":{"line":27,"column":57}}]},"1":{"type":"branch","line":29,"loc":{"start":{"line":29,"column":2},"end":{"line":32,"column":3}},"locations":[{"start":{"line":29,"column":2},"end":{"line":32,"column":3}}]},"2":{"type":"branch","line":34,"loc":{"start":{"line":34,"column":2},"end":{"line":51,"column":3}},"locations":[{"start":{"line":34,"column":2},"end":{"line":51,"column":3}}]},"3":{"type":"branch","line":42,"loc":{"start":{"line":42,"column":8},"end":{"line":42,"column":39}},"locations":[{"start":{"line":42,"column":8},"end":{"line":42,"column":39}}]},"4":{"type":"branch","line":42,"loc":{"start":{"line":42,"column":39},"end":{"line":46,"column":5}},"locations":[{"start":{"line":42,"column":39},"end":{"line":46,"column":5}}]},"5":{"type":"branch","line":46,"loc":{"start":{"line":46,"column":4},"end":{"line":50,"column":15}},"locations":[{"start":{"line":46,"column":4},"end":{"line":50,"column":15}}]},"6":{"type":"branch","line":53,"loc":{"start":{"line":53,"column":2},"end":{"line":60,"column":3}},"locations":[{"start":{"line":53,"column":2},"end":{"line":60,"column":3}}]},"7":{"type":"branch","line":62,"loc":{"start":{"line":62,"column":2},"end":{"line":67,"column":3}},"locations":[{"start":{"line":62,"column":2},"end":{"line":67,"column":3}}]},"8":{"type":"branch","line":63,"loc":{"start":{"line":63,"column":46},"end":{"line":65,"column":5}},"locations":[{"start":{"line":63,"column":46},"end":{"line":65,"column":5}}]},"9":{"type":"branch","line":69,"loc":{"start":{"line":69,"column":2},"end":{"line":95,"column":3}},"locations":[{"start":{"line":69,"column":2},"end":{"line":95,"column":3}}]},"10":{"type":"branch","line":79,"loc":{"start":{"line":79,"column":46},"end":{"line":87,"column":5}},"locations":[{"start":{"line":79,"column":46},"end":{"line":87,"column":5}}]},"11":{"type":"branch","line":81,"loc":{"start":{"line":81,"column":11},"end":{"line":81,"column":57}},"locations":[{"start":{"line":81,"column":11},"end":{"line":81,"column":57}}]},"12":{"type":"branch","line":81,"loc":{"start":{"line":81,"column":57},"end":{"line":83,"column":7}},"locations":[{"start":{"line":81,"column":57},"end":{"line":83,"column":7}}]},"13":{"type":"branch","line":84,"loc":{"start":{"line":84,"column":11},"end":{"line":84,"column":57}},"locations":[{"start":{"line":84,"column":11},"end":{"line":84,"column":57}}]},"14":{"type":"branch","line":97,"loc":{"start":{"line":97,"column":2},"end":{"line":103,"column":3}},"locations":[{"start":{"line":97,"column":2},"end":{"line":103,"column":3}}]},"15":{"type":"branch","line":98,"loc":{"start":{"line":98,"column":31},"end":{"line":101,"column":5}},"locations":[{"start":{"line":98,"column":31},"end":{"line":101,"column":5}}]},"16":{"type":"branch","line":105,"loc":{"start":{"line":105,"column":10},"end":{"line":109,"column":3}},"locations":[{"start":{"line":105,"column":10},"end":{"line":109,"column":3}}]},"17":{"type":"branch","line":111,"loc":{"start":{"line":111,"column":10},"end":{"line":117,"column":3}},"locations":[{"start":{"line":111,"column":10},"end":{"line":117,"column":3}}]},"18":{"type":"branch","line":119,"loc":{"start":{"line":119,"column":10},"end":{"line":131,"column":3}},"locations":[{"start":{"line":119,"column":10},"end":{"line":131,"column":3}}]},"19":{"type":"branch","line":120,"loc":{"start":{"line":120,"column":53},"end":{"line":122,"column":5}},"locations":[{"start":{"line":120,"column":53},"end":{"line":122,"column":5}}]},"20":{"type":"branch","line":133,"loc":{"start":{"line":133,"column":10},"end":{"line":151,"column":3}},"locations":[{"start":{"line":133,"column":10},"end":{"line":151,"column":3}}]},"21":{"type":"branch","line":137,"loc":{"start":{"line":137,"column":54},"end":{"line":142,"column":5}},"locations":[{"start":{"line":137,"column":54},"end":{"line":142,"column":5}}]},"22":{"type":"branch","line":153,"loc":{"start":{"line":153,"column":10},"end":{"line":157,"column":3}},"locations":[{"start":{"line":153,"column":10},"end":{"line":157,"column":3}}]},"23":{"type":"branch","line":173,"loc":{"start":{"line":173,"column":7},"end":{"line":175,"column":1}},"locations":[{"start":{"line":173,"column":7},"end":{"line":175,"column":1}}]}},"b":{"0":[36],"1":[36],"2":[30],"3":[7],"4":[7],"5":[23],"6":[2],"7":[65],"8":[20],"9":[22],"10":[29],"11":[11],"12":[18],"13":[11],"14":[38],"15":[36],"16":[32],"17":[7],"18":[23],"19":[1],"20":[1],"21":[2],"22":[36],"23":[36]},"fnMap":{"0":{"name":"<instance_members_initializer>","decl":{"start":{"line":25,"column":10},"end":{"line":27,"column":57}},"loc":{"start":{"line":25,"column":10},"end":{"line":27,"column":57}},"line":25},"1":{"name":"KeyCache","decl":{"start":{"line":29,"column":2},"end":{"line":32,"column":3}},"loc":{"start":{"line":29,"column":2},"end":{"line":32,"column":3}},"line":29},"2":{"name":"getKey","decl":{"start":{"line":34,"column":2},"end":{"line":51,"column":3}},"loc":{"start":{"line":34,"column":2},"end":{"line":51,"column":3}},"line":34},"3":{"name":"invalidate","decl":{"start":{"line":53,"column":2},"end":{"line":60,"column":3}},"loc":{"start":{"line":53,"column":2},"end":{"line":60,"column":3}},"line":53},"4":{"name":"invalidateAll","decl":{"start":{"line":62,"column":2},"end":{"line":67,"column":3}},"loc":{"start":{"line":62,"column":2},"end":{"line":67,"column":3}},"line":62},"5":{"name":"getStats","decl":{"start":{"line":69,"column":2},"end":{"line":95,"column":3}},"loc":{"start":{"line":69,"column":2},"end":{"line":95,"column":3}},"line":69},"6":{"name":"destroy","decl":{"start":{"line":97,"column":2},"end":{"line":103,"column":3}},"loc":{"start":{"line":97,"column":2},"end":{"line":103,"column":3}},"line":97},"7":{"name":"_generateCacheKey","decl":{"start":{"line":105,"column":10},"end":{"line":109,"column":3}},"loc":{"start":{"line":105,"column":10},"end":{"line":109,"column":3}},"line":105},"8":{"name":"_isValid","decl":{"start":{"line":111,"column":10},"end":{"line":117,"column":3}},"loc":{"start":{"line":111,"column":10},"end":{"line":117,"column":3}},"line":111},"9":{"name":"_store","decl":{"start":{"line":119,"column":10},"end":{"line":131,"column":3}},"loc":{"start":{"line":119,"column":10},"end":{"line":131,"column":3}},"line":119},"10":{"name":"_evictLRU","decl":{"start":{"line":133,"column":10},"end":{"line":151,"column":3}},"loc":{"start":{"line":133,"column":10},"end":{"line":151,"column":3}},"line":133},"11":{"name":"_startCleanupInterval","decl":{"start":{"line":153,"column":10},"end":{"line":157,"column":3}},"loc":{"start":{"line":153,"column":10},"end":{"line":157,"column":3}},"line":153},"12":{"name":"_cleanup","decl":{"start":{"line":159,"column":10},"end":{"line":170,"column":3}},"loc":{"start":{"line":159,"column":10},"end":{"line":170,"column":3}},"line":159},"13":{"name":"createKeyCache","decl":{"start":{"line":173,"column":7},"end":{"line":175,"column":1}},"loc":{"start":{"line":173,"column":7},"end":{"line":175,"column":1}},"line":173}},"f":{"0":36,"1":36,"2":30,"3":2,"4":65,"5":22,"6":38,"7":32,"8":7,"9":23,"10":1,"11":36,"12":0,"13":36}}
,"/Users/irfandi/.local/share/opencode/worktree/d686a6dfff4eca54f64908f2ecb63fded89b9888/silent-river/packages/vault/src/password-manager.ts": {"path":"/Users/irfandi/.local/share/opencode/worktree/d686a6dfff4eca54f64908f2ecb63fded89b9888/silent-river/packages/vault/src/password-manager.ts","all":false,"statementMap":{"0":{"start":{"line":1,"column":0},"end":{"line":1,"column":48}},"10":{"start":{"line":11,"column":0},"end":{"line":11,"column":48}},"11":{"start":{"line":12,"column":0},"end":{"line":12,"column":28}},"12":{"start":{"line":13,"column":0},"end":{"line":13,"column":2}},"14":{"start":{"line":15,"column":0},"end":{"line":15,"column":30}},"15":{"start":{"line":16,"column":0},"end":{"line":16,"column":38}},"16":{"start":{"line":17,"column":0},"end":{"line":17,"column":30}},"17":{"start":{"line":18,"column":0},"end":{"line":18,"column":41}},"18":{"start":{"line":19,"column":0},"end":{"line":19,"column":55}},"19":{"start":{"line":20,"column":0},"end":{"line":20,"column":27}},"21":{"start":{"line":22,"column":0},"end":{"line":22,"column":51}},"22":{"start":{"line":23,"column":0},"end":{"line":23,"column":20}},"23":{"start":{"line":24,"column":0},"end":{"line":24,"column":41}},"24":{"start":{"line":25,"column":0},"end":{"line":25,"column":16}},"25":{"start":{"line":26,"column":0},"end":{"line":26,"column":6}},"26":{"start":{"line":27,"column":0},"end":{"line":27,"column":56}},"27":{"start":{"line":28,"column":0},"end":{"line":28,"column":3}},"29":{"start":{"line":30,"column":0},"end":{"line":30,"column":49}},"30":{"start":{"line":31,"column":0},"end":{"line":31,"column":26}},"31":{"start":{"line":32,"column":0},"end":{"line":32,"column":13}},"32":{"start":{"line":33,"column":0},"end":{"line":33,"column":5}},"34":{"start":{"line":35,"column":0},"end":{"line":35,"column":9}},"35":{"start":{"line":36,"column":0},"end":{"line":36,"column":74}},"36":{"start":{"line":37,"column":0},"end":{"line":37,"column":29}},"37":{"start":{"line":38,"column":0},"end":{"line":38,"column":33}},"38":{"start":{"line":39,"column":0},"end":{"line":39,"column":21}},"39":{"start":{"line":40,"column":0},"end":{"line":40,"column":71}},"40":{"start":{"line":41,"column":0},"end":{"line":41,"column":5}},"41":{"start":{"line":42,"column":0},"end":{"line":42,"column":3}},"43":{"start":{"line":44,"column":0},"end":{"line":44,"column":16}},"44":{"start":{"line":45,"column":0},"end":{"line":45,"column":22}},"45":{"start":{"line":46,"column":0},"end":{"line":46,"column":29}},"46":{"start":{"line":47,"column":0},"end":{"line":47,"column":25}},"47":{"start":{"line":48,"column":0},"end":{"line":48,"column":5}},"48":{"start":{"line":49,"column":0},"end":{"line":49,"column":35}},"49":{"start":{"line":50,"column":0},"end":{"line":50,"column":26}},"50":{"start":{"line":51,"column":0},"end":{"line":51,"column":31}},"51":{"start":{"line":52,"column":0},"end":{"line":52,"column":3}},"53":{"start":{"line":54,"column":0},"end":{"line":54,"column":81}},"54":{"start":{"line":55,"column":0},"end":{"line":55,"column":27}},"55":{"start":{"line":56,"column":0},"end":{"line":56,"column":31}},"56":{"start":{"line":57,"column":0},"end":{"line":57,"column":43}},"57":{"start":{"line":58,"column":0},"end":{"line":58,"column":3}},"59":{"start":{"line":60,"column":0},"end":{"line":60,"column":81}},"60":{"start":{"line":61,"column":0},"end":{"line":61,"column":27}},"61":{"start":{"line":62,"column":0},"end":{"line":62,"column":31}},"62":{"start":{"line":63,"column":0},"end":{"line":63,"column":43}},"63":{"start":{"line":64,"column":0},"end":{"line":64,"column":3}},"65":{"start":{"line":66,"column":0},"end":{"line":66,"column":82}},"66":{"start":{"line":67,"column":0},"end":{"line":67,"column":27}},"68":{"start":{"line":69,"column":0},"end":{"line":69,"column":9}},"69":{"start":{"line":70,"column":0},"end":{"line":70,"column":80}},"71":{"start":{"line":72,"column":0},"end":{"line":72,"column":29}},"72":{"start":{"line":73,"column":0},"end":{"line":73,"column":37}},"73":{"start":{"line":74,"column":0},"end":{"line":74,"column":33}},"74":{"start":{"line":75,"column":0},"end":{"line":75,"column":21}},"75":{"start":{"line":76,"column":0},"end":{"line":76,"column":56}},"76":{"start":{"line":77,"column":0},"end":{"line":77,"column":5}},"77":{"start":{"line":78,"column":0},"end":{"line":78,"column":3}},"79":{"start":{"line":80,"column":0},"end":{"line":80,"column":25}},"80":{"start":{"line":81,"column":0},"end":{"line":81,"column":51}},"81":{"start":{"line":82,"column":0},"end":{"line":82,"column":3}},"83":{"start":{"line":84,"column":0},"end":{"line":84,"column":23}},"84":{"start":{"line":85,"column":0},"end":{"line":85,"column":26}},"85":{"start":{"line":86,"column":0},"end":{"line":86,"column":3}},"87":{"start":{"line":88,"column":0},"end":{"line":88,"column":41}},"88":{"start":{"line":89,"column":0},"end":{"line":89,"column":49}},"89":{"start":{"line":90,"column":0},"end":{"line":90,"column":18}},"90":{"start":{"line":91,"column":0},"end":{"line":91,"column":5}},"91":{"start":{"line":92,"column":0},"end":{"line":92,"column":81}},"92":{"start":{"line":93,"column":0},"end":{"line":93,"column":3}},"94":{"start":{"line":95,"column":0},"end":{"line":95,"column":19}},"95":{"start":{"line":96,"column":0},"end":{"line":96,"column":16}},"96":{"start":{"line":97,"column":0},"end":{"line":97,"column":29}},"97":{"start":{"line":98,"column":0},"end":{"line":98,"column":3}},"99":{"start":{"line":100,"column":0},"end":{"line":100,"column":35}},"100":{"start":{"line":101,"column":0},"end":{"line":101,"column":41}},"101":{"start":{"line":102,"column":0},"end":{"line":102,"column":68}},"102":{"start":{"line":103,"column":0},"end":{"line":103,"column":5}},"103":{"start":{"line":104,"column":0},"end":{"line":104,"column":3}},"105":{"start":{"line":106,"column":0},"end":{"line":106,"column":39}},"106":{"start":{"line":107,"column":0},"end":{"line":107,"column":31}},"107":{"start":{"line":108,"column":0},"end":{"line":108,"column":90}},"108":{"start":{"line":109,"column":0},"end":{"line":109,"column":22}},"109":{"start":{"line":110,"column":0},"end":{"line":110,"column":46}},"110":{"start":{"line":111,"column":0},"end":{"line":111,"column":20}},"111":{"start":{"line":112,"column":0},"end":{"line":112,"column":18}},"112":{"start":{"line":113,"column":0},"end":{"line":113,"column":5}},"113":{"start":{"line":114,"column":0},"end":{"line":114,"column":3}},"115":{"start":{"line":116,"column":0},"end":{"line":116,"column":39}},"116":{"start":{"line":117,"column":0},"end":{"line":117,"column":30}},"117":{"start":{"line":118,"column":0},"end":{"line":118,"column":40}},"118":{"start":{"line":119,"column":0},"end":{"line":119,"column":33}},"119":{"start":{"line":120,"column":0},"end":{"line":120,"column":5}},"120":{"start":{"line":121,"column":0},"end":{"line":121,"column":3}},"121":{"start":{"line":122,"column":0},"end":{"line":122,"column":1}},"123":{"start":{"line":124,"column":0},"end":{"line":124,"column":88}},"124":{"start":{"line":125,"column":0},"end":{"line":125,"column":37}},"125":{"start":{"line":126,"column":0},"end":{"line":126,"column":1}}},"s":{"0":1,"10":1,"11":1,"12":1,"14":1,"15":1,"16":19,"17":19,"18":19,"19":19,"21":1,"22":19,"23":19,"24":19,"25":19,"26":19,"27":19,"29":1,"30":12,"31":1,"32":1,"34":11,"35":11,"36":11,"37":11,"38":12,"39":0,"40":0,"41":12,"43":1,"44":25,"45":11,"46":11,"47":11,"48":25,"49":25,"50":25,"51":25,"53":1,"54":7,"55":7,"56":7,"57":7,"59":1,"60":3,"61":3,"62":3,"63":3,"65":1,"66":2,"68":2,"69":2,"71":1,"72":1,"73":1,"74":2,"75":0,"76":0,"77":2,"79":1,"80":9,"81":9,"83":1,"84":9,"85":9,"87":1,"88":2,"89":1,"90":1,"91":2,"92":2,"94":1,"95":20,"96":20,"97":20,"99":1,"100":12,"101":3,"102":3,"103":12,"105":1,"106":20,"107":20,"108":20,"109":20,"110":2,"111":20,"112":20,"113":20,"115":1,"116":45,"117":20,"118":20,"119":20,"120":45,"121":1,"123":1,"124":19,"125":19},"branchMap":{"0":{"type":"branch","line":16,"loc":{"start":{"line":16,"column":10},"end":{"line":20,"column":27}},"locations":[{"start":{"line":16,"column":10},"end":{"line":20,"column":27}}]},"1":{"type":"branch","line":22,"loc":{"start":{"line":22,"column":2},"end":{"line":28,"column":3}},"locations":[{"start":{"line":22,"column":2},"end":{"line":28,"column":3}}]},"2":{"type":"branch","line":30,"loc":{"start":{"line":30,"column":2},"end":{"line":42,"column":3}},"locations":[{"start":{"line":30,"column":2},"end":{"line":42,"column":3}}]},"3":{"type":"branch","line":31,"loc":{"start":{"line":31,"column":25},"end":{"line":33,"column":5}},"locations":[{"start":{"line":31,"column":25},"end":{"line":33,"column":5}}]},"4":{"type":"branch","line":33,"loc":{"start":{"line":33,"column":4},"end":{"line":39,"column":13}},"locations":[{"start":{"line":33,"column":4},"end":{"line":39,"column":13}}]},"5":{"type":"branch","line":39,"loc":{"start":{"line":39,"column":4},"end":{"line":41,"column":5}},"locations":[{"start":{"line":39,"column":4},"end":{"line":41,"column":5}}]},"6":{"type":"branch","line":44,"loc":{"start":{"line":44,"column":2},"end":{"line":52,"column":3}},"locations":[{"start":{"line":44,"column":2},"end":{"line":52,"column":3}}]},"7":{"type":"branch","line":45,"loc":{"start":{"line":45,"column":21},"end":{"line":48,"column":5}},"locations":[{"start":{"line":45,"column":21},"end":{"line":48,"column":5}}]},"8":{"type":"branch","line":54,"loc":{"start":{"line":54,"column":2},"end":{"line":58,"column":3}},"locations":[{"start":{"line":54,"column":2},"end":{"line":58,"column":3}}]},"9":{"type":"branch","line":60,"loc":{"start":{"line":60,"column":2},"end":{"line":64,"column":3}},"locations":[{"start":{"line":60,"column":2},"end":{"line":64,"column":3}}]},"10":{"type":"branch","line":66,"loc":{"start":{"line":66,"column":2},"end":{"line":78,"column":3}},"locations":[{"start":{"line":66,"column":2},"end":{"line":78,"column":3}}]},"11":{"type":"branch","line":70,"loc":{"start":{"line":70,"column":78},"end":{"line":75,"column":13}},"locations":[{"start":{"line":70,"column":78},"end":{"line":75,"column":13}}]},"12":{"type":"branch","line":75,"loc":{"start":{"line":75,"column":4},"end":{"line":77,"column":5}},"locations":[{"start":{"line":75,"column":4},"end":{"line":77,"column":5}}]},"13":{"type":"branch","line":80,"loc":{"start":{"line":80,"column":2},"end":{"line":82,"column":3}},"locations":[{"start":{"line":80,"column":2},"end":{"line":82,"column":3}}]},"14":{"type":"branch","line":81,"loc":{"start":{"line":81,"column":17},"end":{"line":81,"column":51}},"locations":[{"start":{"line":81,"column":17},"end":{"line":81,"column":51}}]},"15":{"type":"branch","line":84,"loc":{"start":{"line":84,"column":2},"end":{"line":86,"column":3}},"locations":[{"start":{"line":84,"column":2},"end":{"line":86,"column":3}}]},"16":{"type":"branch","line":88,"loc":{"start":{"line":88,"column":2},"end":{"line":93,"column":3}},"locations":[{"start":{"line":88,"column":2},"end":{"line":93,"column":3}}]},"17":{"type":"branch","line":89,"loc":{"start":{"line":89,"column":13},"end":{"line":89,"column":48}},"locations":[{"start":{"line":89,"column":13},"end":{"line":89,"column":48}}]},"18":{"type":"branch","line":89,"loc":{"start":{"line":89,"column":48},"end":{"line":92,"column":38}},"locations":[{"start":{"line":89,"column":48},"end":{"line":92,"column":38}}]},"19":{"type":"branch","line":92,"loc":{"start":{"line":92,"column":24},"end":{"line":92,"column":81}},"locations":[{"start":{"line":92,"column":24},"end":{"line":92,"column":81}}]},"20":{"type":"branch","line":95,"loc":{"start":{"line":95,"column":2},"end":{"line":98,"column":3}},"locations":[{"start":{"line":95,"column":2},"end":{"line":98,"column":3}}]},"21":{"type":"branch","line":100,"loc":{"start":{"line":100,"column":10},"end":{"line":104,"column":3}},"locations":[{"start":{"line":100,"column":10},"end":{"line":104,"column":3}}]},"22":{"type":"branch","line":101,"loc":{"start":{"line":101,"column":13},"end":{"line":101,"column":40}},"locations":[{"start":{"line":101,"column":13},"end":{"line":101,"column":40}}]},"23":{"type":"branch","line":101,"loc":{"start":{"line":101,"column":40},"end":{"line":103,"column":5}},"locations":[{"start":{"line":101,"column":40},"end":{"line":103,"column":5}}]},"24":{"type":"branch","line":106,"loc":{"start":{"line":106,"column":10},"end":{"line":114,"column":3}},"locations":[{"start":{"line":106,"column":10},"end":{"line":114,"column":3}}]},"25":{"type":"branch","line":108,"loc":{"start":{"line":108,"column":33},"end":{"line":108,"column":90}},"locations":[{"start":{"line":108,"column":33},"end":{"line":108,"column":90}}]},"26":{"type":"branch","line":110,"loc":{"start":{"line":110,"column":39},"end":{"line":112,"column":9}},"locations":[{"start":{"line":110,"column":39},"end":{"line":112,"column":9}}]},"27":{"type":"branch","line":116,"loc":{"start":{"line":116,"column":10},"end":{"line":121,"column":3}},"locations":[{"start":{"line":116,"column":10},"end":{"line":121,"column":3}}]},"28":{"type":"branch","line":117,"loc":{"start":{"line":117,"column":29},"end":{"line":120,"column":5}},"locations":[{"start":{"line":117,"column":29},"end":{"line":120,"column":5}}]},"29":{"type":"branch","line":124,"loc":{"start":{"line":124,"column":7},"end":{"line":126,"column":1}},"locations":[{"start":{"line":124,"column":7},"end":{"line":126,"column":1}}]}},"b":{"0":[19],"1":[19],"2":[12],"3":[1],"4":[11],"5":[0],"6":[25],"7":[11],"8":[7],"9":[3],"10":[2],"11":[1],"12":[0],"13":[9],"14":[8],"15":[9],"16":[2],"17":[1],"18":[1],"19":[0],"20":[20],"21":[12],"22":[9],"23":[3],"24":[20],"25":[0],"26":[2],"27":[45],"28":[20],"29":[19]},"fnMap":{"0":{"name":"<instance_members_initializer>","decl":{"start":{"line":16,"column":10},"end":{"line":20,"column":27}},"loc":{"start":{"line":16,"column":10},"end":{"line":20,"column":27}},"line":16},"1":{"name":"PasswordManager","decl":{"start":{"line":22,"column":2},"end":{"line":28,"column":3}},"loc":{"start":{"line":22,"column":2},"end":{"line":28,"column":3}},"line":22},"2":{"name":"unlock","decl":{"start":{"line":30,"column":2},"end":{"line":42,"column":3}},"loc":{"start":{"line":30,"column":2},"end":{"line":42,"column":3}},"line":30},"3":{"name":"lock","decl":{"start":{"line":44,"column":2},"end":{"line":52,"column":3}},"loc":{"start":{"line":44,"column":2},"end":{"line":52,"column":3}},"line":44},"4":{"name":"encrypt","decl":{"start":{"line":54,"column":2},"end":{"line":58,"column":3}},"loc":{"start":{"line":54,"column":2},"end":{"line":58,"column":3}},"line":54},"5":{"name":"decrypt","decl":{"start":{"line":60,"column":2},"end":{"line":64,"column":3}},"loc":{"start":{"line":60,"column":2},"end":{"line":64,"column":3}},"line":60},"6":{"name":"changePassword","decl":{"start":{"line":66,"column":2},"end":{"line":78,"column":3}},"loc":{"start":{"line":66,"column":2},"end":{"line":78,"column":3}},"line":66},"7":{"name":"isUnlocked","decl":{"start":{"line":80,"column":2},"end":{"line":82,"column":3}},"loc":{"start":{"line":80,"column":2},"end":{"line":82,"column":3}},"line":80},"8":{"name":"isLocked","decl":{"start":{"line":84,"column":2},"end":{"line":86,"column":3}},"loc":{"start":{"line":84,"column":2},"end":{"line":86,"column":3}},"line":84},"9":{"name":"getRemainingLockTime","decl":{"start":{"line":88,"column":2},"end":{"line":93,"column":3}},"loc":{"start":{"line":88,"column":2},"end":{"line":93,"column":3}},"line":88},"10":{"name":"destroy","decl":{"start":{"line":95,"column":2},"end":{"line":98,"column":3}},"loc":{"start":{"line":95,"column":2},"end":{"line":98,"column":3}},"line":95},"11":{"name":"_ensureUnlocked","decl":{"start":{"line":100,"column":10},"end":{"line":104,"column":3}},"loc":{"start":{"line":100,"column":10},"end":{"line":104,"column":3}},"line":100},"12":{"name":"_resetAutoLockTimer","decl":{"start":{"line":106,"column":10},"end":{"line":114,"column":3}},"loc":{"start":{"line":106,"column":10},"end":{"line":114,"column":3}},"line":106},"13":{"name":"_clearAutoLockTimer","decl":{"start":{"line":116,"column":10},"end":{"line":121,"column":3}},"loc":{"start":{"line":116,"column":10},"end":{"line":121,"column":3}},"line":116},"14":{"name":"createPasswordManager","decl":{"start":{"line":124,"column":7},"end":{"line":126,"column":1}},"loc":{"start":{"line":124,"column":7},"end":{"line":126,"column":1}},"line":124}},"f":{"0":19,"1":19,"2":12,"3":25,"4":7,"5":3,"6":2,"7":9,"8":9,"9":2,"10":20,"11":12,"12":20,"13":45,"14":19}}
,"/Users/irfandi/.local/share/opencode/worktree/d686a6dfff4eca54f64908f2ecb63fded89b9888/silent-river/packages/vault/src/types.ts": {"path":"/Users/irfandi/.local/share/opencode/worktree/d686a6dfff4eca54f64908f2ecb63fded89b9888/silent-river/packages/vault/src/types.ts","all":false,"statementMap":{"25":{"start":{"line":26,"column":0},"end":{"line":26,"column":50}},"26":{"start":{"line":27,"column":0},"end":{"line":27,"column":24}},"27":{"start":{"line":28,"column":0},"end":{"line":28,"column":20}},"28":{"start":{"line":29,"column":0},"end":{"line":29,"column":14}},"29":{"start":{"line":30,"column":0},"end":{"line":30,"column":17}},"30":{"start":{"line":31,"column":0},"end":{"line":31,"column":17}},"31":{"start":{"line":32,"column":0},"end":{"line":32,"column":16}},"32":{"start":{"line":33,"column":0},"end":{"line":33,"column":2}},"34":{"start":{"line":35,"column":0},"end":{"line":35,"column":36}},"35":{"start":{"line":36,"column":0},"end":{"line":36,"column":37}},"36":{"start":{"line":37,"column":0},"end":{"line":37,"column":33}},"38":{"start":{"line":39,"column":0},"end":{"line":39,"column":39}},"39":{"start":{"line":40,"column":0},"end":{"line":40,"column":32}},"40":{"start":{"line":41,"column":0},"end":{"line":41,"column":19}},"41":{"start":{"line":42,"column":0},"end":{"line":42,"column":29}},"42":{"start":{"line":43,"column":0},"end":{"line":43,"column":3}},"43":{"start":{"line":44,"column":0},"end":{"line":44,"column":1}},"45":{"start":{"line":46,"column":0},"end":{"line":46,"column":54}},"46":{"start":{"line":47,"column":0},"end":{"line":47,"column":17}},"47":{"start":{"line":48,"column":0},"end":{"line":48,"column":39}},"48":{"start":{"line":49,"column":0},"end":{"line":49,"column":39}},"49":{"start":{"line":50,"column":0},"end":{"line":50,"column":3}},"50":{"start":{"line":51,"column":0},"end":{"line":51,"column":1}},"52":{"start":{"line":53,"column":0},"end":{"line":53,"column":52}},"53":{"start":{"line":54,"column":0},"end":{"line":54,"column":65}},"54":{"start":{"line":55,"column":0},"end":{"line":55,"column":19}},"55":{"start":{"line":56,"column":0},"end":{"line":56,"column":37}},"56":{"start":{"line":57,"column":0},"end":{"line":57,"column":3}},"57":{"start":{"line":58,"column":0},"end":{"line":58,"column":1}},"59":{"start":{"line":60,"column":0},"end":{"line":60,"column":49}},"60":{"start":{"line":61,"column":0},"end":{"line":61,"column":54}},"61":{"start":{"line":62,"column":0},"end":{"line":62,"column":19}},"62":{"start":{"line":63,"column":0},"end":{"line":63,"column":34}},"63":{"start":{"line":64,"column":0},"end":{"line":64,"column":3}},"64":{"start":{"line":65,"column":0},"end":{"line":65,"column":1}}},"s":{"25":1,"26":1,"27":1,"28":1,"29":1,"30":1,"31":1,"32":1,"34":1,"35":1,"36":1,"38":1,"39":1,"40":23,"41":23,"42":23,"43":1,"45":1,"46":1,"47":1,"48":1,"49":1,"50":1,"52":1,"53":1,"54":2,"55":2,"56":2,"57":1,"59":1,"60":1,"61":13,"62":13,"63":13,"64":1},"branchMap":{"0":{"type":"branch","line":40,"loc":{"start":{"line":40,"column":2},"end":{"line":43,"column":3}},"locations":[{"start":{"line":40,"column":2},"end":{"line":43,"column":3}}]},"1":{"type":"branch","line":47,"loc":{"start":{"line":47,"column":2},"end":{"line":50,"column":3}},"locations":[{"start":{"line":47,"column":2},"end":{"line":50,"column":3}}]},"2":{"type":"branch","line":54,"loc":{"start":{"line":54,"column":2},"end":{"line":57,"column":3}},"locations":[{"start":{"line":54,"column":2},"end":{"line":57,"column":3}}]},"3":{"type":"branch","line":61,"loc":{"start":{"line":61,"column":2},"end":{"line":64,"column":3}},"locations":[{"start":{"line":61,"column":2},"end":{"line":64,"column":3}}]}},"b":{"0":[23],"1":[1],"2":[2],"3":[13]},"fnMap":{"0":{"name":"VaultError","decl":{"start":{"line":40,"column":2},"end":{"line":43,"column":3}},"loc":{"start":{"line":40,"column":2},"end":{"line":43,"column":3}},"line":40},"1":{"name":"InvalidPasswordError","decl":{"start":{"line":47,"column":2},"end":{"line":50,"column":3}},"loc":{"start":{"line":47,"column":2},"end":{"line":50,"column":3}},"line":47},"2":{"name":"CorruptedDataError","decl":{"start":{"line":54,"column":2},"end":{"line":57,"column":3}},"loc":{"start":{"line":54,"column":2},"end":{"line":57,"column":3}},"line":54},"3":{"name":"DecryptionError","decl":{"start":{"line":61,"column":2},"end":{"line":64,"column":3}},"loc":{"start":{"line":61,"column":2},"end":{"line":64,"column":3}},"line":61}},"f":{"0":23,"1":1,"2":2,"3":13}}
,"/Users/irfandi/.local/share/opencode/worktree/d686a6dfff4eca54f64908f2ecb63fded89b9888/silent-river/packages/vault/src/vault.ts": {"path":"/Users/irfandi/.local/share/opencode/worktree/d686a6dfff4eca54f64908f2ecb63fded89b9888/silent-river/packages/vault/src/vault.ts","all":false,"statementMap":{"0":{"start":{"line":1,"column":0},"end":{"line":1,"column":8}},"18":{"start":{"line":19,"column":0},"end":{"line":19,"column":20}},"19":{"start":{"line":20,"column":0},"end":{"line":20,"column":31}},"20":{"start":{"line":21,"column":0},"end":{"line":21,"column":37}},"21":{"start":{"line":22,"column":0},"end":{"line":22,"column":38}},"22":{"start":{"line":23,"column":0},"end":{"line":23,"column":31}},"24":{"start":{"line":25,"column":0},"end":{"line":25,"column":50}},"25":{"start":{"line":26,"column":0},"end":{"line":26,"column":58}},"26":{"start":{"line":27,"column":0},"end":{"line":27,"column":3}},"28":{"start":{"line":29,"column":0},"end":{"line":29,"column":53}},"29":{"start":{"line":30,"column":0},"end":{"line":30,"column":28}},"30":{"start":{"line":31,"column":0},"end":{"line":31,"column":59}},"31":{"start":{"line":32,"column":0},"end":{"line":32,"column":5}},"33":{"start":{"line":34,"column":0},"end":{"line":34,"column":55}},"34":{"start":{"line":35,"column":0},"end":{"line":35,"column":68}},"35":{"start":{"line":36,"column":0},"end":{"line":36,"column":29}},"36":{"start":{"line":37,"column":0},"end":{"line":37,"column":3}},"38":{"start":{"line":39,"column":0},"end":{"line":39,"column":68}},"39":{"start":{"line":40,"column":0},"end":{"line":40,"column":51}},"40":{"start":{"line":41,"column":0},"end":{"line":41,"column":3}},"42":{"start":{"line":43,"column":0},"end":{"line":43,"column":60}},"43":{"start":{"line":44,"column":0},"end":{"line":44,"column":30}},"45":{"start":{"line":46,"column":0},"end":{"line":46,"column":28}},"46":{"start":{"line":47,"column":0},"end":{"line":47,"column":67}},"48":{"start":{"line":49,"column":0},"end":{"line":49,"column":12}},"49":{"start":{"line":50,"column":0},"end":{"line":50,"column":17}},"50":{"start":{"line":51,"column":0},"end":{"line":51,"column":9}},"51":{"start":{"line":52,"column":0},"end":{"line":52,"column":37}},"52":{"start":{"line":53,"column":0},"end":{"line":53,"column":10}},"53":{"start":{"line":54,"column":0},"end":{"line":54,"column":31}},"54":{"start":{"line":55,"column":0},"end":{"line":55,"column":6}},"55":{"start":{"line":56,"column":0},"end":{"line":56,"column":3}},"57":{"start":{"line":58,"column":0},"end":{"line":58,"column":79}},"58":{"start":{"line":59,"column":0},"end":{"line":59,"column":48}},"59":{"start":{"line":60,"column":0},"end":{"line":60,"column":77}},"60":{"start":{"line":61,"column":0},"end":{"line":61,"column":5}},"62":{"start":{"line":63,"column":0},"end":{"line":63,"column":20}},"64":{"start":{"line":65,"column":0},"end":{"line":65,"column":19}},"65":{"start":{"line":66,"column":0},"end":{"line":66,"column":59}},"66":{"start":{"line":67,"column":0},"end":{"line":67,"column":62}},"67":{"start":{"line":68,"column":0},"end":{"line":68,"column":55}},"68":{"start":{"line":69,"column":0},"end":{"line":69,"column":81}},"69":{"start":{"line":70,"column":0},"end":{"line":70,"column":7}},"70":{"start":{"line":71,"column":0},"end":{"line":71,"column":35}},"71":{"start":{"line":72,"column":0},"end":{"line":72,"column":12}},"72":{"start":{"line":73,"column":0},"end":{"line":73,"column":77}},"73":{"start":{"line":74,"column":0},"end":{"line":74,"column":5}},"75":{"start":{"line":76,"column":0},"end":{"line":76,"column":9}},"76":{"start":{"line":77,"column":0},"end":{"line":77,"column":77}},"77":{"start":{"line":78,"column":0},"end":{"line":78,"column":15}},"78":{"start":{"line":79,"column":0},"end":{"line":79,"column":23}},"79":{"start":{"line":80,"column":0},"end":{"line":80,"column":5}},"80":{"start":{"line":81,"column":0},"end":{"line":81,"column":3}},"82":{"start":{"line":83,"column":0},"end":{"line":83,"column":35}},"83":{"start":{"line":84,"column":0},"end":{"line":84,"column":22}},"84":{"start":{"line":85,"column":0},"end":{"line":85,"column":3}},"86":{"start":{"line":87,"column":0},"end":{"line":87,"column":20}},"87":{"start":{"line":88,"column":0},"end":{"line":88,"column":20}},"88":{"start":{"line":89,"column":0},"end":{"line":89,"column":29}},"89":{"start":{"line":90,"column":0},"end":{"line":90,"column":23}},"90":{"start":{"line":91,"column":0},"end":{"line":91,"column":5}},"91":{"start":{"line":92,"column":0},"end":{"line":92,"column":21}},"92":{"start":{"line":93,"column":0},"end":{"line":93,"column":30}},"93":{"start":{"line":94,"column":0},"end":{"line":94,"column":24}},"94":{"start":{"line":95,"column":0},"end":{"line":95,"column":5}},"95":{"start":{"line":96,"column":0},"end":{"line":96,"column":30}},"96":{"start":{"line":97,"column":0},"end":{"line":97,"column":3}},"98":{"start":{"line":99,"column":0},"end":{"line":99,"column":32}},"99":{"start":{"line":100,"column":0},"end":{"line":100,"column":29}},"100":{"start":{"line":101,"column":0},"end":{"line":101,"column":3}},"102":{"start":{"line":103,"column":0},"end":{"line":103,"column":29}},"103":{"start":{"line":104,"column":0},"end":{"line":104,"column":55}},"104":{"start":{"line":105,"column":0},"end":{"line":105,"column":3}},"106":{"start":{"line":107,"column":0},"end":{"line":107,"column":28}},"107":{"start":{"line":108,"column":0},"end":{"line":108,"column":31}},"108":{"start":{"line":109,"column":0},"end":{"line":109,"column":3}},"110":{"start":{"line":111,"column":0},"end":{"line":111,"column":38}},"111":{"start":{"line":112,"column":0},"end":{"line":112,"column":43}},"112":{"start":{"line":113,"column":0},"end":{"line":113,"column":81}},"113":{"start":{"line":114,"column":0},"end":{"line":114,"column":5}},"114":{"start":{"line":115,"column":0},"end":{"line":115,"column":3}},"115":{"start":{"line":116,"column":0},"end":{"line":116,"column":1}},"117":{"start":{"line":118,"column":0},"end":{"line":118,"column":100}},"118":{"start":{"line":119,"column":0},"end":{"line":119,"column":34}},"119":{"start":{"line":120,"column":0},"end":{"line":120,"column":35}},"120":{"start":{"line":121,"column":0},"end":{"line":121,"column":15}},"121":{"start":{"line":122,"column":0},"end":{"line":122,"column":1}},"123":{"start":{"line":124,"column":0},"end":{"line":124,"column":42}},"124":{"start":{"line":125,"column":0},"end":{"line":125,"column":20}},"125":{"start":{"line":126,"column":0},"end":{"line":126,"column":19}},"126":{"start":{"line":127,"column":0},"end":{"line":127,"column":31}},"127":{"start":{"line":128,"column":0},"end":{"line":128,"column":27}},"128":{"start":{"line":129,"column":0},"end":{"line":129,"column":52}},"129":{"start":{"line":130,"column":0},"end":{"line":130,"column":7}},"130":{"start":{"line":131,"column":0},"end":{"line":131,"column":42}},"131":{"start":{"line":132,"column":0},"end":{"line":132,"column":13}},"132":{"start":{"line":133,"column":0},"end":{"line":133,"column":21}},"133":{"start":{"line":134,"column":0},"end":{"line":134,"column":3}},"134":{"start":{"line":135,"column":0},"end":{"line":135,"column":1}},"136":{"start":{"line":137,"column":0},"end":{"line":137,"column":42}},"137":{"start":{"line":138,"column":0},"end":{"line":138,"column":27}},"138":{"start":{"line":139,"column":0},"end":{"line":139,"column":19}},"139":{"start":{"line":140,"column":0},"end":{"line":140,"column":31}},"140":{"start":{"line":141,"column":0},"end":{"line":141,"column":20}},"141":{"start":{"line":142,"column":0},"end":{"line":142,"column":34}},"142":{"start":{"line":143,"column":0},"end":{"line":143,"column":62}},"143":{"start":{"line":144,"column":0},"end":{"line":144,"column":7}},"144":{"start":{"line":145,"column":0},"end":{"line":145,"column":75}},"145":{"start":{"line":146,"column":0},"end":{"line":146,"column":13}},"146":{"start":{"line":147,"column":0},"end":{"line":147,"column":21}},"147":{"start":{"line":148,"column":0},"end":{"line":148,"column":3}},"148":{"start":{"line":149,"column":0},"end":{"line":149,"column":1}}},"s":{"0":1,"18":1,"19":1,"20":69,"21":69,"22":69,"24":1,"25":69,"26":69,"28":1,"29":51,"30":1,"31":1,"33":50,"34":50,"35":50,"36":51,"38":1,"39":12,"40":12,"42":1,"43":146,"45":146,"46":146,"48":146,"49":146,"50":146,"51":146,"52":146,"53":146,"54":146,"55":146,"57":1,"58":128,"59":1,"60":1,"62":127,"64":128,"65":0,"66":128,"67":126,"68":2,"69":2,"70":124,"71":127,"72":1,"73":1,"75":124,"76":124,"77":124,"78":124,"79":124,"80":128,"82":1,"83":1,"84":1,"86":1,"87":30,"88":30,"89":30,"90":30,"91":30,"92":30,"93":30,"94":30,"95":30,"96":30,"98":1,"99":7,"100":7,"102":1,"103":2,"104":2,"106":1,"107":1,"108":1,"110":1,"111":146,"112":1,"113":1,"114":146,"115":1,"117":22,"118":22,"119":22,"120":22,"121":22,"123":9,"124":9,"125":9,"126":9,"127":9,"128":9,"129":9,"130":9,"131":9,"132":9,"133":9,"134":9,"136":11,"137":11,"138":11,"139":11,"140":11,"141":11,"142":11,"143":11,"144":11,"145":11,"146":11,"147":11,"148":11},"branchMap":{"0":{"type":"branch","line":20,"loc":{"start":{"line":20,"column":10},"end":{"line":23,"column":31}},"locations":[{"start":{"line":20,"column":10},"end":{"line":23,"column":31}}]},"1":{"type":"branch","line":25,"loc":{"start":{"line":25,"column":2},"end":{"line":27,"column":3}},"locations":[{"start":{"line":25,"column":2},"end":{"line":27,"column":3}}]},"2":{"type":"branch","line":29,"loc":{"start":{"line":29,"column":2},"end":{"line":37,"column":3}},"locations":[{"start":{"line":29,"column":2},"end":{"line":37,"column":3}}]},"3":{"type":"branch","line":30,"loc":{"start":{"line":30,"column":27},"end":{"line":32,"column":5}},"locations":[{"start":{"line":30,"column":27},"end":{"line":32,"column":5}}]},"4":{"type":"branch","line":32,"loc":{"start":{"line":32,"column":4},"end":{"line":36,"column":29}},"locations":[{"start":{"line":32,"column":4},"end":{"line":36,"column":29}}]},"5":{"type":"branch","line":39,"loc":{"start":{"line":39,"column":2},"end":{"line":41,"column":3}},"locations":[{"start":{"line":39,"column":2},"end":{"line":41,"column":3}}]},"6":{"type":"branch","line":43,"loc":{"start":{"line":43,"column":2},"end":{"line":56,"column":3}},"locations":[{"start":{"line":43,"column":2},"end":{"line":56,"column":3}}]},"7":{"type":"branch","line":58,"loc":{"start":{"line":58,"column":2},"end":{"line":81,"column":3}},"locations":[{"start":{"line":58,"column":2},"end":{"line":81,"column":3}}]},"8":{"type":"branch","line":59,"loc":{"start":{"line":59,"column":47},"end":{"line":61,"column":5}},"locations":[{"start":{"line":59,"column":47},"end":{"line":61,"column":5}}]},"9":{"type":"branch","line":61,"loc":{"start":{"line":61,"column":4},"end":{"line":65,"column":18}},"locations":[{"start":{"line":61,"column":4},"end":{"line":65,"column":18}}]},"10":{"type":"branch","line":65,"loc":{"start":{"line":65,"column":18},"end":{"line":67,"column":15}},"locations":[{"start":{"line":65,"column":18},"end":{"line":67,"column":15}}]},"11":{"type":"branch","line":67,"loc":{"start":{"line":67,"column":4},"end":{"line":74,"column":5}},"locations":[{"start":{"line":67,"column":4},"end":{"line":74,"column":5}}]},"12":{"type":"branch","line":67,"loc":{"start":{"line":67,"column":20},"end":{"line":67,"column":49}},"locations":[{"start":{"line":67,"column":20},"end":{"line":67,"column":49}}]},"13":{"type":"branch","line":67,"loc":{"start":{"line":67,"column":41},"end":{"line":67,"column":61}},"locations":[{"start":{"line":67,"column":41},"end":{"line":67,"column":61}}]},"14":{"type":"branch","line":67,"loc":{"start":{"line":67,"column":61},"end":{"line":72,"column":11}},"locations":[{"start":{"line":67,"column":61},"end":{"line":72,"column":11}}]},"15":{"type":"branch","line":68,"loc":{"start":{"line":68,"column":54},"end":{"line":70,"column":7}},"locations":[{"start":{"line":68,"column":54},"end":{"line":70,"column":7}}]},"16":{"type":"branch","line":70,"loc":{"start":{"line":70,"column":6},"end":{"line":72,"column":11}},"locations":[{"start":{"line":70,"column":6},"end":{"line":72,"column":11}}]},"17":{"type":"branch","line":72,"loc":{"start":{"line":72,"column":4},"end":{"line":74,"column":5}},"locations":[{"start":{"line":72,"column":4},"end":{"line":74,"column":5}}]},"18":{"type":"branch","line":74,"loc":{"start":{"line":74,"column":4},"end":{"line":80,"column":5}},"locations":[{"start":{"line":74,"column":4},"end":{"line":80,"column":5}}]},"19":{"type":"branch","line":83,"loc":{"start":{"line":83,"column":2},"end":{"line":85,"column":3}},"locations":[{"start":{"line":83,"column":2},"end":{"line":85,"column":3}}]},"20":{"type":"branch","line":87,"loc":{"start":{"line":87,"column":2},"end":{"line":97,"column":3}},"locations":[{"start":{"line":87,"column":2},"end":{"line":97,"column":3}}]},"21":{"type":"branch","line":99,"loc":{"start":{"line":99,"column":2},"end":{"line":101,"column":3}},"locations":[{"start":{"line":99,"column":2},"end":{"line":101,"column":3}}]},"22":{"type":"branch","line":103,"loc":{"start":{"line":103,"column":2},"end":{"line":105,"column":3}},"locations":[{"start":{"line":103,"column":2},"end":{"line":105,"column":3}}]},"23":{"type":"branch","line":104,"loc":{"start":{"line":104,"column":46},"end":{"line":104,"column":55}},"locations":[{"start":{"line":104,"column":46},"end":{"line":104,"column":55}}]},"24":{"type":"branch","line":107,"loc":{"start":{"line":107,"column":2},"end":{"line":109,"column":3}},"locations":[{"start":{"line":107,"column":2},"end":{"line":109,"column":3}}]},"25":{"type":"branch","line":111,"loc":{"start":{"line":111,"column":10},"end":{"line":115,"column":3}},"locations":[{"start":{"line":111,"column":10},"end":{"line":115,"column":3}}]},"26":{"type":"branch","line":112,"loc":{"start":{"line":112,"column":14},"end":{"line":112,"column":42}},"locations":[{"start":{"line":112,"column":14},"end":{"line":112,"column":42}}]},"27":{"type":"branch","line":112,"loc":{"start":{"line":112,"column":42},"end":{"line":114,"column":5}},"locations":[{"start":{"line":112,"column":42},"end":{"line":114,"column":5}}]},"28":{"type":"branch","line":118,"loc":{"start":{"line":118,"column":0},"end":{"line":122,"column":1}},"locations":[{"start":{"line":118,"column":0},"end":{"line":122,"column":1}}]},"29":{"type":"branch","line":124,"loc":{"start":{"line":124,"column":0},"end":{"line":135,"column":1}},"locations":[{"start":{"line":124,"column":0},"end":{"line":135,"column":1}}]},"30":{"type":"branch","line":137,"loc":{"start":{"line":137,"column":0},"end":{"line":149,"column":1}},"locations":[{"start":{"line":137,"column":0},"end":{"line":149,"column":1}}]}},"b":{"0":[69],"1":[69],"2":[51],"3":[1],"4":[50],"5":[12],"6":[146],"7":[128],"8":[1],"9":[127],"10":[0],"11":[127],"12":[126],"13":[126],"14":[126],"15":[2],"16":[124],"17":[1],"18":[124],"19":[1],"20":[30],"21":[7],"22":[2],"23":[0],"24":[1],"25":[146],"26":[145],"27":[1],"28":[22],"29":[9],"30":[11]},"fnMap":{"0":{"name":"<instance_members_initializer>","decl":{"start":{"line":20,"column":10},"end":{"line":23,"column":31}},"loc":{"start":{"line":20,"column":10},"end":{"line":23,"column":31}},"line":20},"1":{"name":"Vault","decl":{"start":{"line":25,"column":2},"end":{"line":27,"column":3}},"loc":{"start":{"line":25,"column":2},"end":{"line":27,"column":3}},"line":25},"2":{"name":"initialize","decl":{"start":{"line":29,"column":2},"end":{"line":37,"column":3}},"loc":{"start":{"line":29,"column":2},"end":{"line":37,"column":3}},"line":29},"3":{"name":"deriveKey","decl":{"start":{"line":39,"column":2},"end":{"line":41,"column":3}},"loc":{"start":{"line":39,"column":2},"end":{"line":41,"column":3}},"line":39},"4":{"name":"encrypt","decl":{"start":{"line":43,"column":2},"end":{"line":56,"column":3}},"loc":{"start":{"line":43,"column":2},"end":{"line":56,"column":3}},"line":43},"5":{"name":"decrypt","decl":{"start":{"line":58,"column":2},"end":{"line":81,"column":3}},"loc":{"start":{"line":58,"column":2},"end":{"line":81,"column":3}},"line":58},"6":{"name":"secureClear","decl":{"start":{"line":83,"column":2},"end":{"line":85,"column":3}},"loc":{"start":{"line":83,"column":2},"end":{"line":85,"column":3}},"line":83},"7":{"name":"clearKey","decl":{"start":{"line":87,"column":2},"end":{"line":97,"column":3}},"loc":{"start":{"line":87,"column":2},"end":{"line":97,"column":3}},"line":87},"8":{"name":"get isInitialized","decl":{"start":{"line":99,"column":2},"end":{"line":101,"column":3}},"loc":{"start":{"line":99,"column":2},"end":{"line":101,"column":3}},"line":99},"9":{"name":"get salt","decl":{"start":{"line":103,"column":2},"end":{"line":105,"column":3}},"loc":{"start":{"line":103,"column":2},"end":{"line":105,"column":3}},"line":103},"10":{"name":"getConfig","decl":{"start":{"line":107,"column":2},"end":{"line":109,"column":3}},"loc":{"start":{"line":107,"column":2},"end":{"line":109,"column":3}},"line":107},"11":{"name":"_ensureInitialized","decl":{"start":{"line":111,"column":10},"end":{"line":115,"column":3}},"loc":{"start":{"line":111,"column":10},"end":{"line":115,"column":3}},"line":111},"12":{"name":"createVault","decl":{"start":{"line":118,"column":0},"end":{"line":122,"column":1}},"loc":{"start":{"line":118,"column":0},"end":{"line":122,"column":1}},"line":118},"13":{"name":"encryptWithPassword","decl":{"start":{"line":124,"column":0},"end":{"line":135,"column":1}},"loc":{"start":{"line":124,"column":0},"end":{"line":135,"column":1}},"line":124},"14":{"name":"decryptWithPassword","decl":{"start":{"line":137,"column":0},"end":{"line":149,"column":1}},"loc":{"start":{"line":137,"column":0},"end":{"line":149,"column":1}},"line":137}},"f":{"0":69,"1":69,"2":51,"3":12,"4":146,"5":128,"6":1,"7":30,"8":7,"9":2,"10":1,"11":146,"12":22,"13":9,"14":11}}
}
