mode: atomic
pryx-core/cmd/skills/skills.go:19.59,21.16 2 0
pryx-core/cmd/skills/skills.go:21.16,22.25 1 0
pryx-core/cmd/skills/skills.go:22.25,24.4 1 0
pryx-core/cmd/skills/skills.go:25.3,25.18 1 0
pryx-core/cmd/skills/skills.go:28.2,29.51 2 0
pryx-core/cmd/skills/skills.go:29.51,31.3 1 0
pryx-core/cmd/skills/skills.go:32.2,32.30 1 0
pryx-core/cmd/skills/skills.go:32.30,34.3 1 0
pryx-core/cmd/skills/skills.go:35.2,35.18 1 0
pryx-core/cmd/skills/skills.go:38.61,40.16 2 0
pryx-core/cmd/skills/skills.go:40.16,42.3 1 0
pryx-core/cmd/skills/skills.go:43.2,43.63 1 0
pryx-core/cmd/skills/skills.go:43.63,45.3 1 0
pryx-core/cmd/skills/skills.go:46.2,46.40 1 0
pryx-core/cmd/skills/skills.go:49.26,51.16 2 0
pryx-core/cmd/skills/skills.go:51.16,53.3 1 0
pryx-core/cmd/skills/skills.go:54.2,54.52 1 0
pryx-core/cmd/skills/skills.go:57.33,61.27 3 0
pryx-core/cmd/skills/skills.go:61.27,62.14 1 0
pryx-core/cmd/skills/skills.go:63.27,64.23 1 0
pryx-core/cmd/skills/skills.go:65.23,66.21 1 0
pryx-core/cmd/skills/skills.go:67.11,70.12 3 0
pryx-core/cmd/skills/skills.go:74.2,76.16 3 0
pryx-core/cmd/skills/skills.go:76.16,79.3 2 0
pryx-core/cmd/skills/skills.go:81.2,83.24 3 0
pryx-core/cmd/skills/skills.go:83.24,84.34 1 0
pryx-core/cmd/skills/skills.go:84.34,85.12 1 0
pryx-core/cmd/skills/skills.go:87.3,87.35 1 0
pryx-core/cmd/skills/skills.go:90.2,90.44 1 0
pryx-core/cmd/skills/skills.go:90.44,90.88 1 0
pryx-core/cmd/skills/skills.go:92.2,92.16 1 0
pryx-core/cmd/skills/skills.go:92.16,94.17 2 0
pryx-core/cmd/skills/skills.go:94.17,97.4 2 0
pryx-core/cmd/skills/skills.go:98.3,99.11 2 0
pryx-core/cmd/skills/skills.go:102.2,104.30 3 0
pryx-core/cmd/skills/skills.go:104.30,106.18 2 0
pryx-core/cmd/skills/skills.go:106.18,108.4 1 0
pryx-core/cmd/skills/skills.go:109.3,110.38 2 0
pryx-core/cmd/skills/skills.go:110.38,112.4 1 0
pryx-core/cmd/skills/skills.go:113.3,113.41 1 0
pryx-core/cmd/skills/skills.go:115.2,115.10 1 0
pryx-core/cmd/skills/skills.go:118.33,119.19 1 0
pryx-core/cmd/skills/skills.go:119.19,122.3 2 0
pryx-core/cmd/skills/skills.go:123.2,127.16 4 0
pryx-core/cmd/skills/skills.go:127.16,130.3 2 0
pryx-core/cmd/skills/skills.go:132.2,133.9 2 0
pryx-core/cmd/skills/skills.go:133.9,136.3 2 0
pryx-core/cmd/skills/skills.go:138.2,144.10 7 0
pryx-core/cmd/skills/skills.go:147.21,150.16 3 0
pryx-core/cmd/skills/skills.go:150.16,153.3 2 0
pryx-core/cmd/skills/skills.go:154.2,161.24 6 0
pryx-core/cmd/skills/skills.go:161.24,162.17 1 0
pryx-core/cmd/skills/skills.go:162.17,165.12 3 0
pryx-core/cmd/skills/skills.go:167.3,167.19 1 0
pryx-core/cmd/skills/skills.go:167.19,170.12 3 0
pryx-core/cmd/skills/skills.go:172.3,172.38 1 0
pryx-core/cmd/skills/skills.go:172.38,175.12 3 0
pryx-core/cmd/skills/skills.go:177.3,177.31 1 0
pryx-core/cmd/skills/skills.go:180.2,180.16 1 0
pryx-core/cmd/skills/skills.go:180.16,183.3 2 0
pryx-core/cmd/skills/skills.go:184.2,185.10 2 0
pryx-core/cmd/skills/skills.go:188.53,191.16 3 0
pryx-core/cmd/skills/skills.go:191.16,194.3 2 0
pryx-core/cmd/skills/skills.go:195.2,195.33 1 0
pryx-core/cmd/skills/skills.go:195.33,198.3 2 0
pryx-core/cmd/skills/skills.go:200.2,202.16 3 0
pryx-core/cmd/skills/skills.go:202.16,205.3 2 0
pryx-core/cmd/skills/skills.go:207.2,207.12 1 0
pryx-core/cmd/skills/skills.go:207.12,209.3 1 0
pryx-core/cmd/skills/skills.go:209.8,211.3 1 0
pryx-core/cmd/skills/skills.go:212.2,212.52 1 0
pryx-core/cmd/skills/skills.go:212.52,215.3 2 0
pryx-core/cmd/skills/skills.go:217.2,217.12 1 0
pryx-core/cmd/skills/skills.go:217.12,219.3 1 0
pryx-core/cmd/skills/skills.go:219.8,221.3 1 0
pryx-core/cmd/skills/skills.go:222.2,222.10 1 0
pryx-core/cmd/skills/skills.go:225.13,226.22 1 0
pryx-core/cmd/skills/skills.go:226.22,229.3 2 0
pryx-core/cmd/skills/skills.go:231.2,234.13 3 0
pryx-core/cmd/skills/skills.go:235.14,236.25 1 0
pryx-core/cmd/skills/skills.go:237.14,238.25 1 0
pryx-core/cmd/skills/skills.go:239.15,240.22 1 0
pryx-core/cmd/skills/skills.go:241.16,242.20 1 0
pryx-core/cmd/skills/skills.go:242.20,245.4 2 0
pryx-core/cmd/skills/skills.go:246.3,246.43 1 0
pryx-core/cmd/skills/skills.go:247.17,248.20 1 0
pryx-core/cmd/skills/skills.go:248.20,251.4 2 0
pryx-core/cmd/skills/skills.go:252.3,252.44 1 0
pryx-core/cmd/skills/skills.go:253.17,254.20 1 0
pryx-core/cmd/skills/skills.go:254.20,257.4 2 0
pryx-core/cmd/skills/skills.go:258.3,259.13 2 0
pryx-core/cmd/skills/skills.go:260.19,261.20 1 0
pryx-core/cmd/skills/skills.go:261.20,264.4 2 0
pryx-core/cmd/skills/skills.go:265.3,266.13 2 0
pryx-core/cmd/skills/skills.go:267.10,270.13 3 0
pryx-core/cmd/skills/skills.go:274.14,289.2 14 0
pryx-core/cmd/pryx-core/config_cmd.go:12.35,13.19 1 0
pryx-core/cmd/pryx-core/config_cmd.go:13.19,16.3 2 0
pryx-core/cmd/pryx-core/config_cmd.go:18.2,22.59 4 0
pryx-core/cmd/pryx-core/config_cmd.go:22.59,24.3 1 0
pryx-core/cmd/pryx-core/config_cmd.go:26.2,28.17 2 0
pryx-core/cmd/pryx-core/config_cmd.go:29.14,31.11 2 0
pryx-core/cmd/pryx-core/config_cmd.go:32.13,33.20 1 0
pryx-core/cmd/pryx-core/config_cmd.go:33.20,36.4 2 0
pryx-core/cmd/pryx-core/config_cmd.go:37.3,39.10 3 0
pryx-core/cmd/pryx-core/config_cmd.go:39.10,42.4 2 0
pryx-core/cmd/pryx-core/config_cmd.go:43.3,44.11 2 0
pryx-core/cmd/pryx-core/config_cmd.go:45.13,46.20 1 0
pryx-core/cmd/pryx-core/config_cmd.go:46.20,49.4 2 0
pryx-core/cmd/pryx-core/config_cmd.go:50.3,53.30 3 0
pryx-core/cmd/pryx-core/config_cmd.go:53.30,55.61 2 0
pryx-core/cmd/pryx-core/config_cmd.go:55.61,58.5 2 0
pryx-core/cmd/pryx-core/config_cmd.go:59.4,60.12 2 0
pryx-core/cmd/pryx-core/config_cmd.go:63.3,63.57 1 0
pryx-core/cmd/pryx-core/config_cmd.go:63.57,66.4 2 0
pryx-core/cmd/pryx-core/config_cmd.go:68.3,68.40 1 0
pryx-core/cmd/pryx-core/config_cmd.go:68.40,71.4 2 0
pryx-core/cmd/pryx-core/config_cmd.go:72.3,73.11 2 0
pryx-core/cmd/pryx-core/config_cmd.go:74.10,76.11 2 0
pryx-core/cmd/pryx-core/config_cmd.go:80.20,85.2 4 0
pryx-core/cmd/pryx-core/config_cmd.go:87.38,92.36 4 0
pryx-core/cmd/pryx-core/config_cmd.go:92.36,95.30 3 0
pryx-core/cmd/pryx-core/config_cmd.go:95.30,96.12 1 0
pryx-core/cmd/pryx-core/config_cmd.go:99.3,100.75 2 0
pryx-core/cmd/pryx-core/config_cmd.go:100.75,102.4 1 0
pryx-core/cmd/pryx-core/config_cmd.go:103.3,103.39 1 0
pryx-core/cmd/pryx-core/config_cmd.go:107.68,111.36 3 0
pryx-core/cmd/pryx-core/config_cmd.go:111.36,114.17 3 0
pryx-core/cmd/pryx-core/config_cmd.go:114.17,116.4 1 0
pryx-core/cmd/pryx-core/config_cmd.go:118.2,118.18 1 0
pryx-core/cmd/pryx-core/config_cmd.go:121.66,125.36 3 0
pryx-core/cmd/pryx-core/config_cmd.go:125.36,128.17 3 0
pryx-core/cmd/pryx-core/config_cmd.go:128.17,130.19 2 0
pryx-core/cmd/pryx-core/config_cmd.go:130.19,132.5 1 0
pryx-core/cmd/pryx-core/config_cmd.go:133.4,133.34 1 0
pryx-core/cmd/pryx-core/config_cmd.go:133.34,136.5 2 0
pryx-core/cmd/pryx-core/config_cmd.go:137.4,137.57 1 0
pryx-core/cmd/pryx-core/config_cmd.go:140.2,140.50 1 0
pryx-core/cmd/pryx-core/config_cmd.go:143.42,156.2 2 0
pryx-core/cmd/pryx-core/config_cmd.go:158.53,162.2 3 0
pryx-core/cmd/pryx-core/cost_cmd.go:20.24,23.16 3 0
pryx-core/cmd/pryx-core/cost_cmd.go:23.16,26.3 2 0
pryx-core/cmd/pryx-core/cost_cmd.go:28.2,34.75 5 0
pryx-core/cmd/pryx-core/cost_cmd.go:37.33,38.20 1 0
pryx-core/cmd/pryx-core/cost_cmd.go:38.20,41.3 2 0
pryx-core/cmd/pryx-core/cost_cmd.go:43.2,48.13 4 0
pryx-core/cmd/pryx-core/cost_cmd.go:49.17,50.26 1 0
pryx-core/cmd/pryx-core/cost_cmd.go:51.15,52.31 1 0
pryx-core/cmd/pryx-core/cost_cmd.go:53.17,54.33 1 0
pryx-core/cmd/pryx-core/cost_cmd.go:55.16,56.32 1 0
pryx-core/cmd/pryx-core/cost_cmd.go:57.17,58.26 1 0
pryx-core/cmd/pryx-core/cost_cmd.go:59.18,60.27 1 0
pryx-core/cmd/pryx-core/cost_cmd.go:61.10,64.11 3 0
pryx-core/cmd/pryx-core/cost_cmd.go:68.22,82.2 13 0
pryx-core/cmd/pryx-core/cost_cmd.go:84.27,86.16 2 0
pryx-core/cmd/pryx-core/cost_cmd.go:86.16,89.3 2 0
pryx-core/cmd/pryx-core/cost_cmd.go:91.2,99.10 9 0
pryx-core/cmd/pryx-core/cost_cmd.go:102.38,104.19 2 0
pryx-core/cmd/pryx-core/cost_cmd.go:104.19,106.17 2 0
pryx-core/cmd/pryx-core/cost_cmd.go:106.17,109.4 2 0
pryx-core/cmd/pryx-core/cost_cmd.go:112.2,116.16 4 0
pryx-core/cmd/pryx-core/cost_cmd.go:116.16,119.3 2 0
pryx-core/cmd/pryx-core/cost_cmd.go:121.2,125.32 4 0
pryx-core/cmd/pryx-core/cost_cmd.go:125.32,132.3 1 0
pryx-core/cmd/pryx-core/cost_cmd.go:134.2,135.10 2 0
pryx-core/cmd/pryx-core/cost_cmd.go:138.40,140.19 2 0
pryx-core/cmd/pryx-core/cost_cmd.go:140.19,142.17 2 0
pryx-core/cmd/pryx-core/cost_cmd.go:142.17,145.4 2 0
pryx-core/cmd/pryx-core/cost_cmd.go:149.2,150.16 2 0
pryx-core/cmd/pryx-core/cost_cmd.go:150.16,153.3 2 0
pryx-core/cmd/pryx-core/cost_cmd.go:155.2,167.10 6 0
pryx-core/cmd/pryx-core/cost_cmd.go:170.39,171.20 1 0
pryx-core/cmd/pryx-core/cost_cmd.go:171.20,182.26 6 0
pryx-core/cmd/pryx-core/cost_cmd.go:182.26,184.4 1 0
pryx-core/cmd/pryx-core/cost_cmd.go:186.3,186.31 1 0
pryx-core/cmd/pryx-core/cost_cmd.go:186.31,188.41 2 0
pryx-core/cmd/pryx-core/cost_cmd.go:188.41,190.5 1 0
pryx-core/cmd/pryx-core/cost_cmd.go:193.3,193.11 1 0
pryx-core/cmd/pryx-core/cost_cmd.go:196.2,197.21 2 0
pryx-core/cmd/pryx-core/cost_cmd.go:197.21,199.3 1 0
pryx-core/cmd/pryx-core/cost_cmd.go:201.2,202.10 2 0
pryx-core/cmd/pryx-core/cost_cmd.go:205.42,208.33 2 0
pryx-core/cmd/pryx-core/cost_cmd.go:208.33,209.18 1 0
pryx-core/cmd/pryx-core/cost_cmd.go:210.18,211.24 1 0
pryx-core/cmd/pryx-core/cost_cmd.go:211.24,214.5 2 0
pryx-core/cmd/pryx-core/cost_cmd.go:215.4,216.18 2 0
pryx-core/cmd/pryx-core/cost_cmd.go:216.18,219.5 2 0
pryx-core/cmd/pryx-core/cost_cmd.go:220.4,220.7 1 0
pryx-core/cmd/pryx-core/cost_cmd.go:221.20,222.24 1 0
pryx-core/cmd/pryx-core/cost_cmd.go:222.24,225.5 2 0
pryx-core/cmd/pryx-core/cost_cmd.go:226.4,227.18 2 0
pryx-core/cmd/pryx-core/cost_cmd.go:227.18,230.5 2 0
pryx-core/cmd/pryx-core/cost_cmd.go:231.4,231.7 1 0
pryx-core/cmd/pryx-core/cost_cmd.go:235.2,243.10 4 0
pryx-core/cmd/pryx-core/cost_cmd.go:246.27,253.31 5 0
pryx-core/cmd/pryx-core/cost_cmd.go:253.31,256.3 1 0
pryx-core/cmd/pryx-core/cost_cmd.go:258.2,259.10 2 0
pryx-core/cmd/pryx-core/cost_cmd.go:262.28,268.2 4 0
pryx-core/cmd/pryx-core/main.go:36.13,37.23 1 0
pryx-core/cmd/pryx-core/main.go:37.23,38.21 1 0
pryx-core/cmd/pryx-core/main.go:39.17,40.35 1 0
pryx-core/cmd/pryx-core/main.go:41.14,42.32 1 0
pryx-core/cmd/pryx-core/main.go:43.17,44.24 1 0
pryx-core/cmd/pryx-core/main.go:45.15,46.33 1 0
pryx-core/cmd/pryx-core/main.go:49.17,50.35 1 0
pryx-core/cmd/pryx-core/main.go:51.19,52.37 1 0
pryx-core/cmd/pryx-core/main.go:53.31,55.10 2 0
pryx-core/cmd/pryx-core/main.go:59.2,64.16 4 0
pryx-core/cmd/pryx-core/main.go:64.16,66.3 1 0
pryx-core/cmd/pryx-core/main.go:67.2,74.16 5 0
pryx-core/cmd/pryx-core/main.go:74.16,76.3 1 0
pryx-core/cmd/pryx-core/main.go:76.8,76.34 1 0
pryx-core/cmd/pryx-core/main.go:76.34,79.3 2 0
pryx-core/cmd/pryx-core/main.go:81.2,83.16 3 0
pryx-core/cmd/pryx-core/main.go:83.16,85.3 1 0
pryx-core/cmd/pryx-core/main.go:85.8,87.3 1 0
pryx-core/cmd/pryx-core/main.go:89.2,90.20 2 0
pryx-core/cmd/pryx-core/main.go:90.20,92.3 1 0
pryx-core/cmd/pryx-core/main.go:93.2,101.52 6 0
pryx-core/cmd/pryx-core/main.go:101.52,104.46 3 0
pryx-core/cmd/pryx-core/main.go:104.46,106.4 1 0
pryx-core/cmd/pryx-core/main.go:108.2,112.16 3 0
pryx-core/cmd/pryx-core/main.go:112.16,114.3 1 0
pryx-core/cmd/pryx-core/main.go:114.8,117.3 2 0
pryx-core/cmd/pryx-core/main.go:119.2,125.12 6 0
pryx-core/cmd/pryx-core/main.go:125.12,128.7 3 0
pryx-core/cmd/pryx-core/main.go:128.7,129.11 1 0
pryx-core/cmd/pryx-core/main.go:130.20,131.35 1 0
pryx-core/cmd/pryx-core/main.go:132.29,133.11 1 0
pryx-core/cmd/pryx-core/main.go:138.2,145.12 2 0
pryx-core/cmd/pryx-core/main.go:145.12,146.68 1 0
pryx-core/cmd/pryx-core/main.go:146.68,148.4 1 0
pryx-core/cmd/pryx-core/main.go:151.2,159.23 8 0
pryx-core/cmd/pryx-core/main.go:162.69,172.31 2 0
pryx-core/cmd/pryx-core/main.go:172.31,173.83 1 0
pryx-core/cmd/pryx-core/main.go:173.83,174.12 1 0
pryx-core/cmd/pryx-core/main.go:179.14,230.2 50 0
pryx-core/cmd/pryx-core/main.go:232.22,239.31 6 0
pryx-core/cmd/pryx-core/main.go:239.31,241.21 2 0
pryx-core/cmd/pryx-core/main.go:241.21,243.4 1 0
pryx-core/cmd/pryx-core/main.go:243.9,245.4 1 0
pryx-core/cmd/pryx-core/main.go:246.3,246.93 1 0
pryx-core/cmd/pryx-core/main.go:246.93,248.4 1 0
pryx-core/cmd/pryx-core/main.go:250.2,250.17 1 0
pryx-core/cmd/pryx-core/mcp.go:13.32,14.19 1 0
pryx-core/cmd/pryx-core/mcp.go:14.19,17.3 2 0
pryx-core/cmd/pryx-core/mcp.go:19.2,21.13 2 0
pryx-core/cmd/pryx-core/mcp.go:22.20,23.30 1 0
pryx-core/cmd/pryx-core/mcp.go:24.13,25.29 1 0
pryx-core/cmd/pryx-core/mcp.go:26.32,27.32 1 0
pryx-core/cmd/pryx-core/mcp.go:28.14,29.30 1 0
pryx-core/cmd/pryx-core/mcp.go:30.14,31.30 1 0
pryx-core/cmd/pryx-core/mcp.go:32.10,35.11 3 0
pryx-core/cmd/pryx-core/mcp.go:39.36,42.27 2 0
pryx-core/cmd/pryx-core/mcp.go:42.27,43.37 1 0
pryx-core/cmd/pryx-core/mcp.go:43.37,45.4 1 0
pryx-core/cmd/pryx-core/mcp.go:48.2,49.16 2 0
pryx-core/cmd/pryx-core/mcp.go:49.16,52.3 2 0
pryx-core/cmd/pryx-core/mcp.go:54.2,54.16 1 0
pryx-core/cmd/pryx-core/mcp.go:54.16,56.3 1 0
pryx-core/cmd/pryx-core/mcp.go:58.2,58.16 1 0
pryx-core/cmd/pryx-core/mcp.go:58.16,60.17 2 0
pryx-core/cmd/pryx-core/mcp.go:60.17,63.4 2 0
pryx-core/cmd/pryx-core/mcp.go:64.3,64.28 1 0
pryx-core/cmd/pryx-core/mcp.go:65.8,70.28 4 0
pryx-core/cmd/pryx-core/mcp.go:70.28,74.4 3 0
pryx-core/cmd/pryx-core/mcp.go:74.9,75.42 1 0
pryx-core/cmd/pryx-core/mcp.go:75.42,77.38 2 0
pryx-core/cmd/pryx-core/mcp.go:77.38,79.6 1 0
pryx-core/cmd/pryx-core/mcp.go:80.5,81.25 2 0
pryx-core/cmd/pryx-core/mcp.go:81.25,83.6 1 0
pryx-core/cmd/pryx-core/mcp.go:84.5,84.32 1 0
pryx-core/cmd/pryx-core/mcp.go:84.32,86.6 1 0
pryx-core/cmd/pryx-core/mcp.go:87.5,87.27 1 0
pryx-core/cmd/pryx-core/mcp.go:87.27,89.6 1 0
pryx-core/cmd/pryx-core/mcp.go:90.5,90.18 1 0
pryx-core/cmd/pryx-core/mcp.go:95.2,95.10 1 0
pryx-core/cmd/pryx-core/mcp.go:98.35,99.19 1 0
pryx-core/cmd/pryx-core/mcp.go:99.19,103.3 3 0
pryx-core/cmd/pryx-core/mcp.go:105.2,113.20 7 0
pryx-core/cmd/pryx-core/mcp.go:113.20,115.14 2 0
pryx-core/cmd/pryx-core/mcp.go:116.22,117.24 1 0
pryx-core/cmd/pryx-core/mcp.go:117.24,120.5 2 0
pryx-core/cmd/pryx-core/mcp.go:121.4,122.10 2 0
pryx-core/cmd/pryx-core/mcp.go:123.22,124.24 1 0
pryx-core/cmd/pryx-core/mcp.go:124.24,127.5 2 0
pryx-core/cmd/pryx-core/mcp.go:128.4,129.10 2 0
pryx-core/cmd/pryx-core/mcp.go:130.17,131.24 1 0
pryx-core/cmd/pryx-core/mcp.go:131.24,134.5 2 0
pryx-core/cmd/pryx-core/mcp.go:135.4,136.10 2 0
pryx-core/cmd/pryx-core/mcp.go:137.22,138.24 1 0
pryx-core/cmd/pryx-core/mcp.go:138.24,141.5 2 0
pryx-core/cmd/pryx-core/mcp.go:142.4,143.10 2 0
pryx-core/cmd/pryx-core/mcp.go:144.11,147.12 3 0
pryx-core/cmd/pryx-core/mcp.go:151.2,151.42 1 0
pryx-core/cmd/pryx-core/mcp.go:151.42,154.3 2 0
pryx-core/cmd/pryx-core/mcp.go:157.2,158.16 2 0
pryx-core/cmd/pryx-core/mcp.go:158.16,161.3 2 0
pryx-core/cmd/pryx-core/mcp.go:164.2,164.44 1 0
pryx-core/cmd/pryx-core/mcp.go:164.44,166.3 1 0
pryx-core/cmd/pryx-core/mcp.go:169.2,175.20 2 0
pryx-core/cmd/pryx-core/mcp.go:175.20,180.3 1 0
pryx-core/cmd/pryx-core/mcp.go:182.2,186.55 3 0
pryx-core/cmd/pryx-core/mcp.go:186.55,189.3 2 0
pryx-core/cmd/pryx-core/mcp.go:191.2,194.10 3 0
pryx-core/cmd/pryx-core/mcp.go:197.38,198.19 1 0
pryx-core/cmd/pryx-core/mcp.go:198.19,201.3 2 0
pryx-core/cmd/pryx-core/mcp.go:203.2,206.16 3 0
pryx-core/cmd/pryx-core/mcp.go:206.16,209.3 2 0
pryx-core/cmd/pryx-core/mcp.go:211.2,211.45 1 0
pryx-core/cmd/pryx-core/mcp.go:211.45,214.3 2 0
pryx-core/cmd/pryx-core/mcp.go:216.2,219.55 3 0
pryx-core/cmd/pryx-core/mcp.go:219.55,222.3 2 0
pryx-core/cmd/pryx-core/mcp.go:224.2,226.10 2 0
pryx-core/cmd/pryx-core/mcp.go:229.36,230.19 1 0
pryx-core/cmd/pryx-core/mcp.go:230.19,233.3 2 0
pryx-core/cmd/pryx-core/mcp.go:235.2,238.16 3 0
pryx-core/cmd/pryx-core/mcp.go:238.16,241.3 2 0
pryx-core/cmd/pryx-core/mcp.go:243.2,244.13 2 0
pryx-core/cmd/pryx-core/mcp.go:244.13,247.3 2 0
pryx-core/cmd/pryx-core/mcp.go:249.2,253.22 3 0
pryx-core/cmd/pryx-core/mcp.go:253.22,257.3 3 0
pryx-core/cmd/pryx-core/mcp.go:257.8,257.36 1 0
pryx-core/cmd/pryx-core/mcp.go:257.36,261.3 3 0
pryx-core/cmd/pryx-core/mcp.go:261.8,261.42 1 0
pryx-core/cmd/pryx-core/mcp.go:261.42,264.3 2 0
pryx-core/cmd/pryx-core/mcp.go:264.8,267.3 2 0
pryx-core/cmd/pryx-core/mcp.go:269.2,269.10 1 0
pryx-core/cmd/pryx-core/mcp.go:272.36,273.19 1 0
pryx-core/cmd/pryx-core/mcp.go:273.19,276.3 2 0
pryx-core/cmd/pryx-core/mcp.go:278.2,281.16 3 0
pryx-core/cmd/pryx-core/mcp.go:281.16,284.3 2 0
pryx-core/cmd/pryx-core/mcp.go:286.2,287.13 2 0
pryx-core/cmd/pryx-core/mcp.go:287.13,290.3 2 0
pryx-core/cmd/pryx-core/mcp.go:292.2,295.24 3 0
pryx-core/cmd/pryx-core/mcp.go:295.24,299.3 3 0
pryx-core/cmd/pryx-core/mcp.go:299.8,301.33 2 0
pryx-core/cmd/pryx-core/mcp.go:301.33,304.4 2 0
pryx-core/cmd/pryx-core/mcp.go:304.9,306.4 1 0
pryx-core/cmd/pryx-core/mcp.go:309.2,309.10 1 0
pryx-core/cmd/pryx-core/mcp.go:312.17,329.2 16 0
pryx-core/cmd/pryx-core/mcp.go:331.39,334.2 2 0
pryx-core/cmd/pryx-core/mcp.go:336.69,338.47 2 0
pryx-core/cmd/pryx-core/mcp.go:338.47,340.3 1 0
pryx-core/cmd/pryx-core/mcp.go:342.2,343.16 2 0
pryx-core/cmd/pryx-core/mcp.go:343.16,345.3 1 0
pryx-core/cmd/pryx-core/mcp.go:347.2,347.39 1 0
pryx-core/cmd/pryx-core/provider_cmd.go:28.37,29.19 1 0
pryx-core/cmd/pryx-core/provider_cmd.go:29.19,32.3 2 0
pryx-core/cmd/pryx-core/provider_cmd.go:34.2,38.59 4 0
pryx-core/cmd/pryx-core/provider_cmd.go:38.59,40.3 1 0
pryx-core/cmd/pryx-core/provider_cmd.go:42.2,44.17 2 0
pryx-core/cmd/pryx-core/provider_cmd.go:45.14,46.31 1 0
pryx-core/cmd/pryx-core/provider_cmd.go:47.13,48.20 1 0
pryx-core/cmd/pryx-core/provider_cmd.go:48.20,53.4 4 0
pryx-core/cmd/pryx-core/provider_cmd.go:54.3,54.45 1 0
pryx-core/cmd/pryx-core/provider_cmd.go:55.17,56.20 1 0
pryx-core/cmd/pryx-core/provider_cmd.go:56.20,59.4 2 0
pryx-core/cmd/pryx-core/provider_cmd.go:60.3,60.37 1 0
pryx-core/cmd/pryx-core/provider_cmd.go:61.16,62.20 1 0
pryx-core/cmd/pryx-core/provider_cmd.go:62.20,65.4 2 0
pryx-core/cmd/pryx-core/provider_cmd.go:66.3,66.48 1 0
pryx-core/cmd/pryx-core/provider_cmd.go:67.13,68.20 1 0
pryx-core/cmd/pryx-core/provider_cmd.go:68.20,71.4 2 0
pryx-core/cmd/pryx-core/provider_cmd.go:72.3,72.45 1 0
pryx-core/cmd/pryx-core/provider_cmd.go:73.14,74.20 1 0
pryx-core/cmd/pryx-core/provider_cmd.go:74.20,77.4 2 0
pryx-core/cmd/pryx-core/provider_cmd.go:78.3,78.40 1 0
pryx-core/cmd/pryx-core/provider_cmd.go:79.10,81.11 2 0
pryx-core/cmd/pryx-core/provider_cmd.go:85.22,101.2 15 0
pryx-core/cmd/pryx-core/provider_cmd.go:103.45,106.2 2 0
pryx-core/cmd/pryx-core/provider_cmd.go:108.66,110.16 2 0
pryx-core/cmd/pryx-core/provider_cmd.go:110.16,113.3 2 0
pryx-core/cmd/pryx-core/provider_cmd.go:115.2,120.25 4 0
pryx-core/cmd/pryx-core/provider_cmd.go:120.25,123.3 2 0
pryx-core/cmd/pryx-core/provider_cmd.go:123.8,124.31 1 0
pryx-core/cmd/pryx-core/provider_cmd.go:124.31,126.35 2 0
pryx-core/cmd/pryx-core/provider_cmd.go:126.35,128.5 1 0
pryx-core/cmd/pryx-core/provider_cmd.go:129.4,131.23 3 0
pryx-core/cmd/pryx-core/provider_cmd.go:131.23,133.5 1 0
pryx-core/cmd/pryx-core/provider_cmd.go:134.4,134.17 1 0
pryx-core/cmd/pryx-core/provider_cmd.go:139.2,139.20 1 0
pryx-core/cmd/pryx-core/provider_cmd.go:139.20,147.39 6 0
pryx-core/cmd/pryx-core/provider_cmd.go:147.39,148.47 1 0
pryx-core/cmd/pryx-core/provider_cmd.go:148.47,150.42 2 0
pryx-core/cmd/pryx-core/provider_cmd.go:150.42,152.6 1 0
pryx-core/cmd/pryx-core/provider_cmd.go:153.5,153.80 1 0
pryx-core/cmd/pryx-core/provider_cmd.go:157.3,157.82 1 0
pryx-core/cmd/pryx-core/provider_cmd.go:160.2,160.10 1 0
pryx-core/cmd/pryx-core/provider_cmd.go:170.93,176.20 3 0
pryx-core/cmd/pryx-core/provider_cmd.go:176.20,177.37 1 0
pryx-core/cmd/pryx-core/provider_cmd.go:177.37,178.41 1 0
pryx-core/cmd/pryx-core/provider_cmd.go:178.41,186.5 2 0
pryx-core/cmd/pryx-core/provider_cmd.go:190.2,190.18 1 0
pryx-core/cmd/pryx-core/provider_cmd.go:193.88,195.51 1 0
pryx-core/cmd/pryx-core/provider_cmd.go:195.51,197.3 1 0
pryx-core/cmd/pryx-core/provider_cmd.go:200.2,201.30 2 0
pryx-core/cmd/pryx-core/provider_cmd.go:201.30,202.27 1 0
pryx-core/cmd/pryx-core/provider_cmd.go:202.27,204.4 1 0
pryx-core/cmd/pryx-core/provider_cmd.go:207.2,207.14 1 0
pryx-core/cmd/pryx-core/provider_cmd.go:210.62,211.51 1 0
pryx-core/cmd/pryx-core/provider_cmd.go:211.51,213.3 1 0
pryx-core/cmd/pryx-core/provider_cmd.go:215.2,216.30 2 0
pryx-core/cmd/pryx-core/provider_cmd.go:216.30,217.27 1 0
pryx-core/cmd/pryx-core/provider_cmd.go:217.27,219.4 1 0
pryx-core/cmd/pryx-core/provider_cmd.go:222.2,222.25 1 0
pryx-core/cmd/pryx-core/provider_cmd.go:225.47,226.14 1 0
pryx-core/cmd/pryx-core/provider_cmd.go:227.16,228.36 1 0
pryx-core/cmd/pryx-core/provider_cmd.go:229.19,230.39 1 0
pryx-core/cmd/pryx-core/provider_cmd.go:231.16,232.54 1 0
pryx-core/cmd/pryx-core/provider_cmd.go:233.20,234.40 1 0
pryx-core/cmd/pryx-core/provider_cmd.go:235.14,236.34 1 0
pryx-core/cmd/pryx-core/provider_cmd.go:237.13,238.33 1 0
pryx-core/cmd/pryx-core/provider_cmd.go:239.17,240.37 1 0
pryx-core/cmd/pryx-core/provider_cmd.go:241.16,242.36 1 0
pryx-core/cmd/pryx-core/provider_cmd.go:243.16,244.33 1 0
pryx-core/cmd/pryx-core/provider_cmd.go:245.10,246.20 1 0
pryx-core/cmd/pryx-core/provider_cmd.go:250.45,251.14 1 0
pryx-core/cmd/pryx-core/provider_cmd.go:252.16,253.37 1 0
pryx-core/cmd/pryx-core/provider_cmd.go:254.19,255.40 1 0
pryx-core/cmd/pryx-core/provider_cmd.go:256.16,257.56 1 0
pryx-core/cmd/pryx-core/provider_cmd.go:258.20,259.40 1 0
pryx-core/cmd/pryx-core/provider_cmd.go:260.14,261.42 1 0
pryx-core/cmd/pryx-core/provider_cmd.go:262.13,263.31 1 0
pryx-core/cmd/pryx-core/provider_cmd.go:264.17,265.37 1 0
pryx-core/cmd/pryx-core/provider_cmd.go:266.16,267.37 1 0
pryx-core/cmd/pryx-core/provider_cmd.go:268.16,269.51 1 0
pryx-core/cmd/pryx-core/provider_cmd.go:269.51,271.4 1 0
pryx-core/cmd/pryx-core/provider_cmd.go:272.3,272.34 1 0
pryx-core/cmd/pryx-core/provider_cmd.go:273.10,274.12 1 0
pryx-core/cmd/pryx-core/provider_cmd.go:278.49,292.40 2 0
pryx-core/cmd/pryx-core/provider_cmd.go:292.40,294.3 1 0
pryx-core/cmd/pryx-core/provider_cmd.go:295.2,295.28 1 0
pryx-core/cmd/pryx-core/provider_cmd.go:298.91,301.16 2 0
pryx-core/cmd/pryx-core/provider_cmd.go:301.16,304.3 2 0
pryx-core/cmd/pryx-core/provider_cmd.go:306.2,307.9 2 0
pryx-core/cmd/pryx-core/provider_cmd.go:307.9,311.3 3 0
pryx-core/cmd/pryx-core/provider_cmd.go:313.2,323.18 7 0
pryx-core/cmd/pryx-core/provider_cmd.go:323.18,325.57 1 0
pryx-core/cmd/pryx-core/provider_cmd.go:325.57,328.4 2 0
pryx-core/cmd/pryx-core/provider_cmd.go:329.3,329.57 1 0
pryx-core/cmd/pryx-core/provider_cmd.go:333.2,333.29 1 0
pryx-core/cmd/pryx-core/provider_cmd.go:333.29,335.40 2 0
pryx-core/cmd/pryx-core/provider_cmd.go:335.40,337.4 1 0
pryx-core/cmd/pryx-core/provider_cmd.go:337.9,339.4 1 0
pryx-core/cmd/pryx-core/provider_cmd.go:342.2,347.10 5 0
pryx-core/cmd/pryx-core/provider_cmd.go:350.61,353.16 2 0
pryx-core/cmd/pryx-core/provider_cmd.go:353.16,356.3 2 0
pryx-core/cmd/pryx-core/provider_cmd.go:358.2,358.45 1 0
pryx-core/cmd/pryx-core/provider_cmd.go:358.45,361.3 2 0
pryx-core/cmd/pryx-core/provider_cmd.go:363.2,368.18 5 0
pryx-core/cmd/pryx-core/provider_cmd.go:368.18,371.3 2 0
pryx-core/cmd/pryx-core/provider_cmd.go:373.2,373.56 1 0
pryx-core/cmd/pryx-core/provider_cmd.go:373.56,376.3 2 0
pryx-core/cmd/pryx-core/provider_cmd.go:378.2,379.10 2 0
pryx-core/cmd/pryx-core/provider_cmd.go:382.94,384.51 1 0
pryx-core/cmd/pryx-core/provider_cmd.go:384.51,386.3 1 0
pryx-core/cmd/pryx-core/provider_cmd.go:389.2,389.31 1 0
pryx-core/cmd/pryx-core/provider_cmd.go:389.31,391.40 2 0
pryx-core/cmd/pryx-core/provider_cmd.go:391.40,393.4 1 0
pryx-core/cmd/pryx-core/provider_cmd.go:393.9,395.4 1 0
pryx-core/cmd/pryx-core/provider_cmd.go:398.2,399.10 2 0
pryx-core/cmd/pryx-core/provider_cmd.go:402.91,405.16 2 0
pryx-core/cmd/pryx-core/provider_cmd.go:405.16,408.3 2 0
pryx-core/cmd/pryx-core/provider_cmd.go:410.2,411.9 2 0
pryx-core/cmd/pryx-core/provider_cmd.go:411.9,414.3 2 0
pryx-core/cmd/pryx-core/provider_cmd.go:417.2,417.42 1 0
pryx-core/cmd/pryx-core/provider_cmd.go:417.42,421.3 3 0
pryx-core/cmd/pryx-core/provider_cmd.go:423.2,424.39 2 0
pryx-core/cmd/pryx-core/provider_cmd.go:424.39,427.3 2 0
pryx-core/cmd/pryx-core/provider_cmd.go:429.2,430.10 2 0
pryx-core/cmd/pryx-core/provider_cmd.go:433.79,436.16 2 0
pryx-core/cmd/pryx-core/provider_cmd.go:436.16,439.3 2 0
pryx-core/cmd/pryx-core/provider_cmd.go:441.2,442.9 2 0
pryx-core/cmd/pryx-core/provider_cmd.go:442.9,445.3 2 0
pryx-core/cmd/pryx-core/provider_cmd.go:447.2,450.42 2 0
pryx-core/cmd/pryx-core/provider_cmd.go:450.42,454.3 3 0
pryx-core/cmd/pryx-core/provider_cmd.go:457.2,458.22 2 0
pryx-core/cmd/pryx-core/provider_cmd.go:458.22,460.3 1 0
pryx-core/cmd/pryx-core/provider_cmd.go:460.8,467.28 5 0
pryx-core/cmd/pryx-core/provider_cmd.go:467.28,468.18 1 0
pryx-core/cmd/pryx-core/provider_cmd.go:468.18,469.10 1 0
pryx-core/cmd/pryx-core/provider_cmd.go:471.4,472.11 2 0
pryx-core/cmd/pryx-core/provider_cmd.go:474.3,474.22 1 0
pryx-core/cmd/pryx-core/provider_cmd.go:474.22,476.4 1 0
pryx-core/cmd/pryx-core/provider_cmd.go:479.2,479.10 1 0
pryx-core/cmd/pryx-core/skills.go:16.35,17.19 1 0
pryx-core/cmd/pryx-core/skills.go:17.19,20.3 2 0
pryx-core/cmd/pryx-core/skills.go:22.2,25.13 3 0
pryx-core/cmd/pryx-core/skills.go:26.20,27.38 1 0
pryx-core/cmd/pryx-core/skills.go:28.14,29.37 1 0
pryx-core/cmd/pryx-core/skills.go:30.15,31.39 1 0
pryx-core/cmd/pryx-core/skills.go:32.16,33.39 1 0
pryx-core/cmd/pryx-core/skills.go:34.17,35.40 1 0
pryx-core/cmd/pryx-core/skills.go:36.17,37.40 1 0
pryx-core/cmd/pryx-core/skills.go:38.19,39.42 1 0
pryx-core/cmd/pryx-core/skills.go:40.10,43.11 3 0
pryx-core/cmd/pryx-core/skills.go:47.59,51.33 3 0
pryx-core/cmd/pryx-core/skills.go:51.33,53.14 2 0
pryx-core/cmd/pryx-core/skills.go:54.27,55.23 1 0
pryx-core/cmd/pryx-core/skills.go:56.23,57.21 1 0
pryx-core/cmd/pryx-core/skills.go:58.11,61.12 3 0
pryx-core/cmd/pryx-core/skills.go:65.2,68.16 3 0
pryx-core/cmd/pryx-core/skills.go:68.16,71.3 2 0
pryx-core/cmd/pryx-core/skills.go:73.2,74.42 2 0
pryx-core/cmd/pryx-core/skills.go:74.42,75.19 1 0
pryx-core/cmd/pryx-core/skills.go:75.19,76.23 1 0
pryx-core/cmd/pryx-core/skills.go:76.23,77.13 1 0
pryx-core/cmd/pryx-core/skills.go:80.3,80.51 1 0
pryx-core/cmd/pryx-core/skills.go:84.2,84.50 1 0
pryx-core/cmd/pryx-core/skills.go:84.50,86.3 1 0
pryx-core/cmd/pryx-core/skills.go:88.2,88.16 1 0
pryx-core/cmd/pryx-core/skills.go:88.16,90.17 2 0
pryx-core/cmd/pryx-core/skills.go:90.17,93.4 2 0
pryx-core/cmd/pryx-core/skills.go:94.3,94.28 1 0
pryx-core/cmd/pryx-core/skills.go:95.8,98.41 3 0
pryx-core/cmd/pryx-core/skills.go:98.41,100.22 2 0
pryx-core/cmd/pryx-core/skills.go:100.22,102.5 1 0
pryx-core/cmd/pryx-core/skills.go:102.10,102.29 1 0
pryx-core/cmd/pryx-core/skills.go:102.29,104.5 1 0
pryx-core/cmd/pryx-core/skills.go:104.10,106.5 1 0
pryx-core/cmd/pryx-core/skills.go:108.4,109.19 2 0
pryx-core/cmd/pryx-core/skills.go:109.19,111.5 1 0
pryx-core/cmd/pryx-core/skills.go:112.4,113.43 2 0
pryx-core/cmd/pryx-core/skills.go:113.43,115.5 1 0
pryx-core/cmd/pryx-core/skills.go:116.4,116.74 1 0
pryx-core/cmd/pryx-core/skills.go:120.2,120.10 1 0
pryx-core/cmd/pryx-core/skills.go:123.58,124.19 1 0
pryx-core/cmd/pryx-core/skills.go:124.19,127.3 2 0
pryx-core/cmd/pryx-core/skills.go:128.2,133.16 4 0
pryx-core/cmd/pryx-core/skills.go:133.16,136.3 2 0
pryx-core/cmd/pryx-core/skills.go:138.2,139.12 2 0
pryx-core/cmd/pryx-core/skills.go:139.12,142.3 2 0
pryx-core/cmd/pryx-core/skills.go:144.2,153.60 9 0
pryx-core/cmd/pryx-core/skills.go:153.60,155.3 1 0
pryx-core/cmd/pryx-core/skills.go:156.2,156.59 1 0
pryx-core/cmd/pryx-core/skills.go:156.59,158.3 1 0
pryx-core/cmd/pryx-core/skills.go:159.2,159.54 1 0
pryx-core/cmd/pryx-core/skills.go:159.54,161.69 2 0
pryx-core/cmd/pryx-core/skills.go:161.69,163.4 1 0
pryx-core/cmd/pryx-core/skills.go:166.2,166.10 1 0
pryx-core/cmd/pryx-core/skills.go:169.60,173.16 3 0
pryx-core/cmd/pryx-core/skills.go:173.16,176.3 2 0
pryx-core/cmd/pryx-core/skills.go:178.2,183.25 5 0
pryx-core/cmd/pryx-core/skills.go:183.25,186.3 2 0
pryx-core/cmd/pryx-core/skills.go:189.2,193.34 4 0
pryx-core/cmd/pryx-core/skills.go:193.34,197.23 2 0
pryx-core/cmd/pryx-core/skills.go:197.23,201.12 4 0
pryx-core/cmd/pryx-core/skills.go:205.3,205.21 1 0
pryx-core/cmd/pryx-core/skills.go:205.21,209.4 3 0
pryx-core/cmd/pryx-core/skills.go:211.3,211.42 1 0
pryx-core/cmd/pryx-core/skills.go:211.42,215.4 3 0
pryx-core/cmd/pryx-core/skills.go:218.3,218.35 1 0
pryx-core/cmd/pryx-core/skills.go:218.35,222.4 3 0
pryx-core/cmd/pryx-core/skills.go:224.3,224.25 1 0
pryx-core/cmd/pryx-core/skills.go:224.25,227.4 2 0
pryx-core/cmd/pryx-core/skills.go:227.9,229.4 1 0
pryx-core/cmd/pryx-core/skills.go:232.2,239.17 7 0
pryx-core/cmd/pryx-core/skills.go:239.17,243.3 3 0
pryx-core/cmd/pryx-core/skills.go:243.8,247.3 3 0
pryx-core/cmd/pryx-core/skills.go:250.60,251.19 1 0
pryx-core/cmd/pryx-core/skills.go:251.19,254.3 2 0
pryx-core/cmd/pryx-core/skills.go:255.2,260.16 4 0
pryx-core/cmd/pryx-core/skills.go:260.16,263.3 2 0
pryx-core/cmd/pryx-core/skills.go:265.2,266.12 2 0
pryx-core/cmd/pryx-core/skills.go:266.12,269.3 2 0
pryx-core/cmd/pryx-core/skills.go:272.2,275.16 4 0
pryx-core/cmd/pryx-core/skills.go:275.16,278.3 2 0
pryx-core/cmd/pryx-core/skills.go:280.2,280.39 1 0
pryx-core/cmd/pryx-core/skills.go:280.39,282.3 1 0
pryx-core/cmd/pryx-core/skills.go:284.2,284.38 1 0
pryx-core/cmd/pryx-core/skills.go:284.38,286.3 1 0
pryx-core/cmd/pryx-core/skills.go:286.8,288.68 2 0
pryx-core/cmd/pryx-core/skills.go:288.68,291.4 2 0
pryx-core/cmd/pryx-core/skills.go:292.3,292.46 1 0
pryx-core/cmd/pryx-core/skills.go:295.2,295.10 1 0
pryx-core/cmd/pryx-core/skills.go:298.61,299.19 1 0
pryx-core/cmd/pryx-core/skills.go:299.19,302.3 2 0
pryx-core/cmd/pryx-core/skills.go:303.2,308.16 4 0
pryx-core/cmd/pryx-core/skills.go:308.16,311.3 2 0
pryx-core/cmd/pryx-core/skills.go:313.2,314.12 2 0
pryx-core/cmd/pryx-core/skills.go:314.12,317.3 2 0
pryx-core/cmd/pryx-core/skills.go:320.2,323.16 4 0
pryx-core/cmd/pryx-core/skills.go:323.16,326.3 2 0
pryx-core/cmd/pryx-core/skills.go:328.2,328.39 1 0
pryx-core/cmd/pryx-core/skills.go:328.39,330.3 1 0
pryx-core/cmd/pryx-core/skills.go:332.2,332.39 1 0
pryx-core/cmd/pryx-core/skills.go:332.39,334.3 1 0
pryx-core/cmd/pryx-core/skills.go:334.8,336.68 2 0
pryx-core/cmd/pryx-core/skills.go:336.68,339.4 2 0
pryx-core/cmd/pryx-core/skills.go:340.3,340.47 1 0
pryx-core/cmd/pryx-core/skills.go:343.2,343.10 1 0
pryx-core/cmd/pryx-core/skills.go:346.61,347.19 1 0
pryx-core/cmd/pryx-core/skills.go:347.19,350.3 2 0
pryx-core/cmd/pryx-core/skills.go:351.2,357.10 5 0
pryx-core/cmd/pryx-core/skills.go:360.63,361.19 1 0
pryx-core/cmd/pryx-core/skills.go:361.19,364.3 2 0
pryx-core/cmd/pryx-core/skills.go:365.2,371.10 5 0
pryx-core/cmd/pryx-core/skills.go:374.20,389.2 14 0
pryx-core/cmd/pryx-core/skills.go:395.59,397.16 2 0
pryx-core/cmd/pryx-core/skills.go:397.16,398.25 1 0
pryx-core/cmd/pryx-core/skills.go:398.25,400.4 1 0
pryx-core/cmd/pryx-core/skills.go:401.3,401.18 1 0
pryx-core/cmd/pryx-core/skills.go:404.2,405.54 2 0
pryx-core/cmd/pryx-core/skills.go:405.54,407.3 1 0
pryx-core/cmd/pryx-core/skills.go:409.2,409.21 1 0
pryx-core/cmd/pryx-core/skills.go:412.64,414.16 2 0
pryx-core/cmd/pryx-core/skills.go:414.16,416.3 1 0
pryx-core/cmd/pryx-core/skills.go:418.2,418.39 1 0
pryx-core/internal/agent/agent.go:27.88,31.44 3 7
pryx-core/internal/agent/agent.go:32.108,33.16 1 5
pryx-core/internal/agent/agent.go:33.16,34.68 1 0
pryx-core/internal/agent/agent.go:34.68,36.5 1 0
pryx-core/internal/agent/agent.go:38.16,39.31 1 1
pryx-core/internal/agent/agent.go:40.10,41.78 1 1
pryx-core/internal/agent/agent.go:44.2,45.16 2 6
pryx-core/internal/agent/agent.go:45.16,47.3 1 0
pryx-core/internal/agent/agent.go:49.2,50.56 2 6
pryx-core/internal/agent/agent.go:50.56,52.3 1 0
pryx-core/internal/agent/agent.go:54.2,60.8 1 6
pryx-core/internal/agent/agent.go:63.48,70.6 4 1
pryx-core/internal/agent/agent.go:70.6,71.10 1 1
pryx-core/internal/agent/agent.go:72.21,73.14 1 1
pryx-core/internal/agent/agent.go:74.28,75.11 1 0
pryx-core/internal/agent/agent.go:75.11,77.5 1 0
pryx-core/internal/agent/agent.go:78.4,78.30 1 0
pryx-core/internal/agent/agent.go:83.65,84.19 1 10
pryx-core/internal/agent/agent.go:85.28,86.32 1 5
pryx-core/internal/agent/agent.go:87.31,88.35 1 4
pryx-core/internal/agent/agent.go:92.71,94.9 2 5
pryx-core/internal/agent/agent.go:94.9,97.3 2 1
pryx-core/internal/agent/agent.go:99.2,102.19 3 4
pryx-core/internal/agent/agent.go:102.19,104.3 1 1
pryx-core/internal/agent/agent.go:106.2,109.16 3 3
pryx-core/internal/agent/agent.go:109.16,112.3 2 0
pryx-core/internal/agent/agent.go:114.2,125.16 3 3
pryx-core/internal/agent/agent.go:125.16,128.3 2 1
pryx-core/internal/agent/agent.go:130.2,131.28 2 2
pryx-core/internal/agent/agent.go:131.28,132.23 1 4
pryx-core/internal/agent/agent.go:132.23,134.9 2 0
pryx-core/internal/agent/agent.go:136.3,144.17 3 4
pryx-core/internal/agent/agent.go:144.17,145.9 1 2
pryx-core/internal/agent/agent.go:149.2,149.76 1 2
pryx-core/internal/agent/agent.go:152.74,154.9 2 4
pryx-core/internal/agent/agent.go:154.9,157.3 2 2
pryx-core/internal/agent/agent.go:159.2,162.16 3 2
pryx-core/internal/agent/agent.go:162.16,165.3 2 0
pryx-core/internal/agent/agent.go:167.2,177.16 3 2
pryx-core/internal/agent/agent.go:177.16,180.3 2 1
pryx-core/internal/agent/agent.go:182.2,188.5 2 1
pryx-core/internal/agent/agent.go:191.69,192.28 1 5
pryx-core/internal/agent/agent.go:192.28,194.3 1 5
pryx-core/internal/agent/agent.go:196.2,204.40 2 0
pryx-core/internal/agent/agent.go:207.46,214.2 1 0
pryx-core/internal/agent/agent.go:216.47,218.2 1 0
pryx-core/internal/agent/validation.go:29.42,30.11 1 0
pryx-core/internal/agent/validation.go:31.22,32.16 1 0
pryx-core/internal/agent/validation.go:33.24,34.18 1 0
pryx-core/internal/agent/validation.go:35.21,36.15 1 0
pryx-core/internal/agent/validation.go:37.10,38.19 1 0
pryx-core/internal/agent/validation.go:43.66,47.2 1 0
pryx-core/internal/agent/validation.go:50.97,52.34 1 0
pryx-core/internal/agent/validation.go:52.34,58.3 1 0
pryx-core/internal/agent/validation.go:61.2,61.45 1 0
pryx-core/internal/agent/validation.go:61.45,67.3 1 0
pryx-core/internal/agent/validation.go:69.2,73.3 1 0
pryx-core/internal/agent/validation.go:77.69,79.40 2 0
pryx-core/internal/agent/validation.go:79.40,80.40 1 0
pryx-core/internal/agent/validation.go:80.40,82.4 1 0
pryx-core/internal/agent/validation.go:84.2,84.14 1 0
pryx-core/internal/agent/validation.go:88.80,92.18 3 0
pryx-core/internal/agent/validation.go:93.28,95.44 2 0
pryx-core/internal/agent/validation.go:96.35,98.45 2 0
pryx-core/internal/agent/validation.go:99.33,101.47 2 0
pryx-core/internal/agent/validation.go:102.19,104.49 2 0
pryx-core/internal/agent/validation.go:105.10,106.14 1 0
pryx-core/internal/agent/validation.go:111.97,133.66 5 0
pryx-core/internal/agent/validation.go:133.66,135.3 1 0
pryx-core/internal/agent/validation.go:138.2,138.50 1 0
pryx-core/internal/agent/validation.go:138.50,140.3 1 0
pryx-core/internal/agent/validation.go:143.2,143.49 1 0
pryx-core/internal/agent/validation.go:143.49,145.3 1 0
pryx-core/internal/agent/validation.go:147.2,147.25 1 0
pryx-core/internal/agent/validation.go:151.55,152.35 1 0
pryx-core/internal/agent/validation.go:152.35,153.38 1 0
pryx-core/internal/agent/validation.go:153.38,155.4 1 0
pryx-core/internal/agent/validation.go:157.2,157.14 1 0
pryx-core/internal/agent/validation.go:161.118,166.33 2 0
pryx-core/internal/agent/validation.go:166.33,172.3 1 0
pryx-core/internal/agent/validation.go:175.2,175.24 1 0
pryx-core/internal/agent/validation.go:175.24,177.36 2 0
pryx-core/internal/agent/validation.go:177.36,179.4 1 0
pryx-core/internal/agent/validation.go:181.3,181.45 1 0
pryx-core/internal/agent/validation.go:181.45,183.4 1 0
pryx-core/internal/agent/validation.go:184.3,184.24 1 0
pryx-core/internal/agent/validation.go:187.2,191.3 1 0
pryx-core/internal/agent/spawn/spawn.go:70.81,78.2 1 9
pryx-core/internal/agent/spawn/spawn.go:81.114,85.34 3 3
pryx-core/internal/agent/spawn/spawn.go:85.34,87.3 1 1
pryx-core/internal/agent/spawn/spawn.go:89.2,92.16 3 2
pryx-core/internal/agent/spawn/spawn.go:92.16,94.3 1 1
pryx-core/internal/agent/spawn/spawn.go:96.2,119.19 6 1
pryx-core/internal/agent/spawn/spawn.go:123.85,132.2 3 1
pryx-core/internal/agent/spawn/spawn.go:135.57,140.2 4 2
pryx-core/internal/agent/spawn/spawn.go:143.38,148.33 4 2
pryx-core/internal/agent/spawn/spawn.go:148.33,150.3 1 2
pryx-core/internal/agent/spawn/spawn.go:151.2,151.15 1 2
pryx-core/internal/agent/spawn/spawn.go:155.48,160.9 4 2
pryx-core/internal/agent/spawn/spawn.go:160.9,162.3 1 1
pryx-core/internal/agent/spawn/spawn.go:164.2,168.12 5 1
pryx-core/internal/agent/spawn/spawn.go:172.49,177.34 4 1
pryx-core/internal/agent/spawn/spawn.go:177.34,178.105 1 5
pryx-core/internal/agent/spawn/spawn.go:178.105,179.38 1 4
pryx-core/internal/agent/spawn/spawn.go:179.38,182.5 2 3
pryx-core/internal/agent/spawn/spawn.go:188.58,219.16 10 3
pryx-core/internal/agent/spawn/spawn.go:219.16,230.3 5 2
pryx-core/internal/agent/spawn/spawn.go:233.2,245.4 5 1
pryx-core/internal/agent/spawn/spawn.go:248.52,260.2 1 4
pryx-core/internal/agent/spawn/spawn.go:262.49,274.22 2 3
pryx-core/internal/agent/spawn/spawn.go:274.22,281.3 1 3
pryx-core/internal/agent/spawn/spawn.go:284.58,288.29 3 2
pryx-core/internal/agent/spawn/spawn.go:289.108,290.24 1 1
pryx-core/internal/agent/spawn/spawn.go:290.24,291.78 1 0
pryx-core/internal/agent/spawn/spawn.go:291.78,293.5 1 0
pryx-core/internal/agent/spawn/spawn.go:295.16,296.33 1 0
pryx-core/internal/agent/spawn/spawn.go:297.10,298.74 1 1
pryx-core/internal/agent/spawn/spawn.go:301.2,301.66 1 1
pryx-core/internal/agent/spawn/spawn.go:304.31,306.2 1 8
pryx-core/internal/agent/spawn/spawn.go:308.33,310.2 1 3
pryx-core/internal/agent/spawn/tool.go:19.62,24.2 1 0
pryx-core/internal/agent/spawn/tool.go:27.35,29.2 1 0
pryx-core/internal/agent/spawn/tool.go:32.42,42.2 1 0
pryx-core/internal/agent/spawn/tool.go:45.53,64.2 1 0
pryx-core/internal/agent/spawn/tool.go:67.112,74.54 2 0
pryx-core/internal/agent/spawn/tool.go:74.54,76.3 1 0
pryx-core/internal/agent/spawn/tool.go:78.2,78.21 1 0
pryx-core/internal/agent/spawn/tool.go:78.21,80.3 1 0
pryx-core/internal/agent/spawn/tool.go:83.2,84.21 2 0
pryx-core/internal/agent/spawn/tool.go:84.21,86.3 1 0
pryx-core/internal/agent/spawn/tool.go:89.2,90.25 2 0
pryx-core/internal/agent/spawn/tool.go:90.25,92.3 1 0
pryx-core/internal/agent/spawn/tool.go:95.2,96.16 2 0
pryx-core/internal/agent/spawn/tool.go:96.16,98.3 1 0
pryx-core/internal/agent/spawn/tool.go:101.2,102.16 2 0
pryx-core/internal/agent/spawn/tool.go:102.16,112.3 4 0
pryx-core/internal/agent/spawn/tool.go:114.2,121.8 1 0
pryx-core/internal/agent/spawn/tool.go:125.112,132.6 5 0
pryx-core/internal/agent/spawn/tool.go:132.6,133.10 1 0
pryx-core/internal/agent/spawn/tool.go:134.21,135.25 1 0
pryx-core/internal/agent/spawn/tool.go:136.19,138.11 2 0
pryx-core/internal/agent/spawn/tool.go:138.11,140.5 1 0
pryx-core/internal/agent/spawn/tool.go:142.4,146.18 5 0
pryx-core/internal/agent/spawn/tool.go:147.56,152.11 1 0
pryx-core/internal/agent/spawn/tool.go:159.84,161.9 2 0
pryx-core/internal/agent/spawn/tool.go:161.9,163.3 1 0
pryx-core/internal/agent/spawn/tool.go:165.2,174.8 3 0
pryx-core/internal/agent/spawn/tool.go:178.59,182.31 3 0
pryx-core/internal/agent/spawn/tool.go:182.31,191.3 3 0
pryx-core/internal/agent/spawn/tool.go:193.2,193.15 1 0
pryx-core/internal/agent/spawn/tool.go:197.73,199.2 1 0
pryx-core/internal/agent/spawn/tool.go:202.40,205.12 2 0
pryx-core/internal/agent/spawn/tool.go:205.12,206.27 1 0
pryx-core/internal/agent/spawn/tool.go:206.27,207.40 1 0
pryx-core/internal/agent/spawn/tool.go:207.41,210.5 0 0
pryx-core/internal/audit/export.go:18.61,20.2 1 1
pryx-core/internal/audit/export.go:23.68,25.16 2 4
pryx-core/internal/audit/export.go:25.16,27.3 1 0
pryx-core/internal/audit/export.go:29.2,29.19 1 4
pryx-core/internal/audit/export.go:29.19,31.3 1 1
pryx-core/internal/audit/export.go:33.2,33.21 1 4
pryx-core/internal/audit/export.go:34.14,35.47 1 2
pryx-core/internal/audit/export.go:36.13,37.46 1 1
pryx-core/internal/audit/export.go:38.15,39.48 1 1
pryx-core/internal/audit/export.go:40.10,41.64 1 0
pryx-core/internal/audit/export.go:46.59,47.32 1 1
pryx-core/internal/audit/export.go:47.32,52.27 2 3
pryx-core/internal/audit/export.go:52.27,54.4 1 0
pryx-core/internal/audit/export.go:57.3,57.56 1 3
pryx-core/internal/audit/export.go:57.56,59.4 1 0
pryx-core/internal/audit/export.go:61.2,61.16 1 1
pryx-core/internal/audit/export.go:65.49,66.26 1 0
pryx-core/internal/audit/export.go:67.30,69.29 2 0
pryx-core/internal/audit/export.go:69.29,70.27 1 0
pryx-core/internal/audit/export.go:70.27,72.5 1 0
pryx-core/internal/audit/export.go:72.10,74.5 1 0
pryx-core/internal/audit/export.go:76.3,76.16 1 0
pryx-core/internal/audit/export.go:77.21,78.26 1 0
pryx-core/internal/audit/export.go:78.26,80.4 1 0
pryx-core/internal/audit/export.go:81.3,81.11 1 0
pryx-core/internal/audit/export.go:82.10,83.11 1 0
pryx-core/internal/audit/export.go:88.38,95.42 3 0
pryx-core/internal/audit/export.go:95.42,96.42 1 0
pryx-core/internal/audit/export.go:96.42,98.4 1 0
pryx-core/internal/audit/export.go:100.2,100.14 1 0
pryx-core/internal/audit/export.go:104.44,106.2 1 0
pryx-core/internal/audit/export.go:108.47,109.43 1 0
pryx-core/internal/audit/export.go:109.43,110.35 1 0
pryx-core/internal/audit/export.go:110.35,112.4 1 0
pryx-core/internal/audit/export.go:114.2,114.14 1 0
pryx-core/internal/audit/export.go:118.74,133.32 3 2
pryx-core/internal/audit/export.go:133.32,146.39 2 6
pryx-core/internal/audit/export.go:146.39,148.4 1 3
pryx-core/internal/audit/export.go:150.3,150.20 1 6
pryx-core/internal/audit/export.go:153.2,153.49 1 2
pryx-core/internal/audit/export.go:157.75,160.32 2 1
pryx-core/internal/audit/export.go:160.32,169.28 2 3
pryx-core/internal/audit/export.go:169.28,171.4 1 3
pryx-core/internal/audit/export.go:172.3,172.26 1 3
pryx-core/internal/audit/export.go:172.26,174.4 1 3
pryx-core/internal/audit/export.go:175.3,175.23 1 3
pryx-core/internal/audit/export.go:175.23,177.4 1 3
pryx-core/internal/audit/export.go:178.3,178.30 1 3
pryx-core/internal/audit/export.go:178.30,180.4 1 3
pryx-core/internal/audit/export.go:181.3,181.28 1 3
pryx-core/internal/audit/export.go:181.28,183.4 1 0
pryx-core/internal/audit/export.go:184.3,184.39 1 3
pryx-core/internal/audit/export.go:184.39,186.4 1 0
pryx-core/internal/audit/export.go:188.3,189.17 2 3
pryx-core/internal/audit/export.go:189.17,191.4 1 0
pryx-core/internal/audit/export.go:193.3,194.22 2 3
pryx-core/internal/audit/export.go:197.2,197.25 1 1
pryx-core/internal/audit/export.go:201.73,207.17 4 1
pryx-core/internal/audit/export.go:207.17,209.3 1 1
pryx-core/internal/audit/export.go:210.2,213.32 2 1
pryx-core/internal/audit/export.go:213.32,225.28 2 3
pryx-core/internal/audit/export.go:225.28,227.4 1 0
pryx-core/internal/audit/export.go:227.9,229.4 1 3
pryx-core/internal/audit/export.go:231.3,231.39 1 3
pryx-core/internal/audit/export.go:231.39,239.4 1 3
pryx-core/internal/audit/export.go:241.3,241.43 1 3
pryx-core/internal/audit/export.go:241.43,243.4 1 0
pryx-core/internal/audit/export.go:246.2,247.25 2 1
pryx-core/internal/audit/export.go:251.34,253.2 1 4
pryx-core/internal/audit/export.go:256.55,257.23 1 4
pryx-core/internal/audit/export.go:257.23,259.3 1 0
pryx-core/internal/audit/export.go:261.2,263.33 3 4
pryx-core/internal/audit/export.go:263.33,264.23 1 7
pryx-core/internal/audit/export.go:264.23,266.9 2 3
pryx-core/internal/audit/export.go:270.2,270.12 1 4
pryx-core/internal/audit/export.go:270.12,272.3 1 1
pryx-core/internal/audit/export.go:274.2,274.34 1 3
pryx-core/internal/audit/export.go:274.34,276.3 1 0
pryx-core/internal/audit/export.go:278.2,278.37 1 3
pryx-core/internal/audit/export.go:278.37,280.3 1 1
pryx-core/internal/audit/export.go:282.2,282.12 1 3
pryx-core/internal/audit/export.go:297.59,299.2 1 0
pryx-core/internal/audit/export.go:302.65,311.27 2 0
pryx-core/internal/audit/export.go:311.27,313.3 1 0
pryx-core/internal/audit/export.go:314.2,314.25 1 0
pryx-core/internal/audit/export.go:314.25,316.3 1 0
pryx-core/internal/audit/export.go:317.2,317.22 1 0
pryx-core/internal/audit/export.go:317.22,319.3 1 0
pryx-core/internal/audit/export.go:321.2,322.16 2 0
pryx-core/internal/audit/export.go:322.16,324.3 1 0
pryx-core/internal/audit/export.go:326.2,327.12 2 0
pryx-core/internal/audit/export.go:331.43,332.37 1 0
pryx-core/internal/audit/export.go:332.37,334.3 1 0
pryx-core/internal/audit/export.go:335.2,335.12 1 0
pryx-core/internal/audit/handler.go:23.46,28.2 1 0
pryx-core/internal/audit/handler.go:31.48,36.2 4 0
pryx-core/internal/audit/handler.go:39.71,41.16 2 0
pryx-core/internal/audit/handler.go:41.16,44.3 2 0
pryx-core/internal/audit/handler.go:46.2,47.16 2 0
pryx-core/internal/audit/handler.go:47.16,50.3 2 0
pryx-core/internal/audit/handler.go:52.2,58.4 2 0
pryx-core/internal/audit/handler.go:62.72,64.16 2 0
pryx-core/internal/audit/handler.go:64.16,67.3 2 0
pryx-core/internal/audit/handler.go:69.2,69.53 1 0
pryx-core/internal/audit/handler.go:69.53,72.3 2 0
pryx-core/internal/audit/handler.go:74.2,76.16 3 0
pryx-core/internal/audit/handler.go:76.16,79.3 2 0
pryx-core/internal/audit/handler.go:82.2,84.21 3 0
pryx-core/internal/audit/handler.go:85.13,87.21 2 0
pryx-core/internal/audit/handler.go:88.15,90.23 2 0
pryx-core/internal/audit/handler.go:93.2,95.15 3 0
pryx-core/internal/audit/handler.go:99.71,101.16 2 0
pryx-core/internal/audit/handler.go:101.16,104.3 2 0
pryx-core/internal/audit/handler.go:106.2,107.16 2 0
pryx-core/internal/audit/handler.go:107.16,110.3 2 0
pryx-core/internal/audit/handler.go:112.2,115.4 2 0
pryx-core/internal/audit/handler.go:119.72,124.23 3 0
pryx-core/internal/audit/handler.go:124.23,126.3 1 0
pryx-core/internal/audit/handler.go:126.8,128.17 2 0
pryx-core/internal/audit/handler.go:128.17,131.4 2 0
pryx-core/internal/audit/handler.go:132.3,132.15 1 0
pryx-core/internal/audit/handler.go:135.2,136.16 2 0
pryx-core/internal/audit/handler.go:136.16,139.3 2 0
pryx-core/internal/audit/handler.go:141.2,145.4 2 0
pryx-core/internal/audit/handler.go:149.63,156.65 2 0
pryx-core/internal/audit/handler.go:156.65,158.17 2 0
pryx-core/internal/audit/handler.go:158.17,160.4 1 0
pryx-core/internal/audit/handler.go:161.3,161.22 1 0
pryx-core/internal/audit/handler.go:164.2,164.59 1 0
pryx-core/internal/audit/handler.go:164.59,166.17 2 0
pryx-core/internal/audit/handler.go:166.17,168.4 1 0
pryx-core/internal/audit/handler.go:169.3,169.20 1 0
pryx-core/internal/audit/handler.go:173.2,178.63 5 0
pryx-core/internal/audit/handler.go:178.63,180.3 1 0
pryx-core/internal/audit/handler.go:182.2,182.66 1 0
pryx-core/internal/audit/handler.go:182.66,185.3 2 0
pryx-core/internal/audit/handler.go:188.2,188.60 1 0
pryx-core/internal/audit/handler.go:188.60,189.55 1 0
pryx-core/internal/audit/handler.go:189.55,191.4 1 0
pryx-core/internal/audit/handler.go:194.2,194.63 1 0
pryx-core/internal/audit/handler.go:194.63,195.57 1 0
pryx-core/internal/audit/handler.go:195.57,197.4 1 0
pryx-core/internal/audit/handler.go:201.2,204.18 3 0
pryx-core/internal/audit/handler.go:208.65,210.16 2 0
pryx-core/internal/audit/handler.go:210.16,212.3 1 0
pryx-core/internal/audit/handler.go:214.2,221.18 2 0
pryx-core/internal/audit/handler.go:225.53,231.31 4 0
pryx-core/internal/audit/handler.go:231.31,234.3 2 0
pryx-core/internal/audit/handler.go:234.8,234.38 1 0
pryx-core/internal/audit/handler.go:234.38,237.3 2 0
pryx-core/internal/audit/handler.go:237.8,237.38 1 0
pryx-core/internal/audit/handler.go:237.38,240.3 2 0
pryx-core/internal/audit/handler.go:242.2,243.16 2 0
pryx-core/internal/audit/handler.go:243.16,245.3 1 0
pryx-core/internal/audit/handler.go:247.2,248.22 2 0
pryx-core/internal/audit/handler.go:252.70,253.46 1 0
pryx-core/internal/audit/handler.go:253.46,254.72 1 0
pryx-core/internal/audit/handler.go:254.72,269.4 4 0
pryx-core/internal/audit/repository.go:92.54,94.2 1 5
pryx-core/internal/audit/repository.go:97.59,99.20 2 15
pryx-core/internal/audit/repository.go:99.20,101.3 1 15
pryx-core/internal/audit/repository.go:103.2,103.30 1 15
pryx-core/internal/audit/repository.go:103.30,105.3 1 10
pryx-core/internal/audit/repository.go:108.2,139.12 6 15
pryx-core/internal/audit/repository.go:143.75,146.16 3 7
pryx-core/internal/audit/repository.go:146.16,148.3 1 0
pryx-core/internal/audit/repository.go:149.2,152.18 3 7
pryx-core/internal/audit/repository.go:152.18,154.17 2 18
pryx-core/internal/audit/repository.go:154.17,156.4 1 0
pryx-core/internal/audit/repository.go:157.3,157.35 1 18
pryx-core/internal/audit/repository.go:160.2,160.21 1 7
pryx-core/internal/audit/repository.go:164.65,169.2 4 2
pryx-core/internal/audit/repository.go:172.82,178.16 3 1
pryx-core/internal/audit/repository.go:178.16,180.3 1 0
pryx-core/internal/audit/repository.go:181.2,181.30 1 1
pryx-core/internal/audit/repository.go:185.61,208.16 5 18
pryx-core/internal/audit/repository.go:208.16,210.3 1 0
pryx-core/internal/audit/repository.go:213.2,213.26 1 18
pryx-core/internal/audit/repository.go:213.26,215.3 1 18
pryx-core/internal/audit/repository.go:216.2,216.27 1 18
pryx-core/internal/audit/repository.go:216.27,218.3 1 18
pryx-core/internal/audit/repository.go:219.2,219.23 1 18
pryx-core/internal/audit/repository.go:219.23,221.3 1 18
pryx-core/internal/audit/repository.go:222.2,222.24 1 18
pryx-core/internal/audit/repository.go:222.24,224.3 1 0
pryx-core/internal/audit/repository.go:226.2,226.19 1 18
pryx-core/internal/audit/repository.go:236.48,240.27 3 7
pryx-core/internal/audit/repository.go:240.27,243.3 2 0
pryx-core/internal/audit/repository.go:244.2,244.25 1 7
pryx-core/internal/audit/repository.go:244.25,247.3 2 0
pryx-core/internal/audit/repository.go:248.2,248.26 1 7
pryx-core/internal/audit/repository.go:248.26,251.3 2 1
pryx-core/internal/audit/repository.go:252.2,252.24 1 7
pryx-core/internal/audit/repository.go:252.24,255.3 2 0
pryx-core/internal/audit/repository.go:256.2,256.21 1 7
pryx-core/internal/audit/repository.go:256.21,259.3 2 0
pryx-core/internal/audit/repository.go:260.2,260.23 1 7
pryx-core/internal/audit/repository.go:260.23,263.3 2 0
pryx-core/internal/audit/repository.go:264.2,264.23 1 7
pryx-core/internal/audit/repository.go:264.23,267.3 2 0
pryx-core/internal/audit/repository.go:268.2,268.25 1 7
pryx-core/internal/audit/repository.go:268.25,271.3 2 0
pryx-core/internal/audit/repository.go:273.2,274.25 2 7
pryx-core/internal/audit/repository.go:274.25,276.3 1 1
pryx-core/internal/audit/repository.go:278.2,279.24 2 7
pryx-core/internal/audit/repository.go:279.24,281.3 1 0
pryx-core/internal/audit/repository.go:282.2,283.25 2 7
pryx-core/internal/audit/repository.go:283.25,285.3 1 0
pryx-core/internal/audit/repository.go:287.2,288.20 2 7
pryx-core/internal/audit/repository.go:288.20,290.3 1 6
pryx-core/internal/audit/repository.go:292.2,304.46 3 7
pryx-core/internal/audit/repository.go:308.53,312.27 3 2
pryx-core/internal/audit/repository.go:312.27,315.3 2 0
pryx-core/internal/audit/repository.go:316.2,316.25 1 2
pryx-core/internal/audit/repository.go:316.25,319.3 2 0
pryx-core/internal/audit/repository.go:320.2,320.26 1 2
pryx-core/internal/audit/repository.go:320.26,323.3 2 0
pryx-core/internal/audit/repository.go:324.2,324.24 1 2
pryx-core/internal/audit/repository.go:324.24,327.3 2 0
pryx-core/internal/audit/repository.go:328.2,328.21 1 2
pryx-core/internal/audit/repository.go:328.21,331.3 2 0
pryx-core/internal/audit/repository.go:332.2,332.23 1 2
pryx-core/internal/audit/repository.go:332.23,335.3 2 1
pryx-core/internal/audit/repository.go:336.2,336.23 1 2
pryx-core/internal/audit/repository.go:336.23,339.3 2 0
pryx-core/internal/audit/repository.go:340.2,340.25 1 2
pryx-core/internal/audit/repository.go:340.25,343.3 2 0
pryx-core/internal/audit/repository.go:345.2,346.25 2 2
pryx-core/internal/audit/repository.go:346.25,348.3 1 1
pryx-core/internal/audit/repository.go:350.2,351.46 2 2
pryx-core/internal/audit/repository.go:355.52,356.20 1 3
pryx-core/internal/audit/repository.go:356.20,358.3 1 0
pryx-core/internal/audit/repository.go:359.2,360.33 2 3
pryx-core/internal/audit/repository.go:360.33,362.3 1 2
pryx-core/internal/audit/repository.go:363.2,363.15 1 3
pryx-core/internal/auth/auth.go:31.66,33.16 2 0
pryx-core/internal/auth/auth.go:33.16,35.3 1 0
pryx-core/internal/auth/auth.go:36.2,38.38 2 0
pryx-core/internal/auth/auth.go:38.38,40.69 2 0
pryx-core/internal/auth/auth.go:40.69,42.4 1 0
pryx-core/internal/auth/auth.go:43.3,43.72 1 0
pryx-core/internal/auth/auth.go:46.2,47.64 2 0
pryx-core/internal/auth/auth.go:47.64,49.3 1 0
pryx-core/internal/auth/auth.go:50.2,50.18 1 0
pryx-core/internal/auth/auth.go:53.91,54.19 1 0
pryx-core/internal/auth/auth.go:54.19,56.3 1 0
pryx-core/internal/auth/auth.go:58.2,61.6 3 0
pryx-core/internal/auth/auth.go:61.6,62.10 1 0
pryx-core/internal/auth/auth.go:63.19,65.18 2 0
pryx-core/internal/auth/auth.go:65.18,67.60 1 0
pryx-core/internal/auth/auth.go:67.60,68.14 1 0
pryx-core/internal/auth/auth.go:70.5,70.20 1 0
pryx-core/internal/auth/auth.go:72.4,72.21 1 0
pryx-core/internal/auth/auth.go:77.77,84.16 3 0
pryx-core/internal/auth/auth.go:84.16,86.3 1 0
pryx-core/internal/auth/auth.go:87.2,89.38 2 0
pryx-core/internal/auth/auth.go:89.38,91.69 2 0
pryx-core/internal/auth/auth.go:91.69,93.4 1 0
pryx-core/internal/auth/auth.go:94.3,94.72 1 0
pryx-core/internal/auth/auth.go:97.2,98.64 2 0
pryx-core/internal/auth/auth.go:98.64,100.3 1 0
pryx-core/internal/auth/auth.go:101.2,101.18 1 0
pryx-core/internal/auth/manager.go:37.69,38.16 1 3
pryx-core/internal/auth/manager.go:38.16,40.3 1 0
pryx-core/internal/auth/manager.go:41.2,41.31 1 3
pryx-core/internal/auth/manager.go:41.31,43.3 1 0
pryx-core/internal/auth/manager.go:44.2,47.3 1 3
pryx-core/internal/auth/manager.go:50.119,51.34 1 1
pryx-core/internal/auth/manager.go:51.34,53.3 1 0
pryx-core/internal/auth/manager.go:54.2,54.23 1 1
pryx-core/internal/auth/manager.go:54.23,56.3 1 0
pryx-core/internal/auth/manager.go:58.2,59.9 2 1
pryx-core/internal/auth/manager.go:59.9,61.3 1 0
pryx-core/internal/auth/manager.go:63.2,64.16 2 1
pryx-core/internal/auth/manager.go:64.16,66.3 1 0
pryx-core/internal/auth/manager.go:68.2,69.16 2 1
pryx-core/internal/auth/manager.go:69.16,71.3 1 0
pryx-core/internal/auth/manager.go:72.2,72.84 1 1
pryx-core/internal/auth/manager.go:72.84,74.3 1 0
pryx-core/internal/auth/manager.go:76.2,76.19 1 1
pryx-core/internal/auth/manager.go:79.113,81.16 2 1
pryx-core/internal/auth/manager.go:81.16,83.3 1 0
pryx-core/internal/auth/manager.go:85.2,91.8 1 1
pryx-core/internal/auth/manager.go:94.94,95.34 1 1
pryx-core/internal/auth/manager.go:95.34,97.3 1 0
pryx-core/internal/auth/manager.go:98.2,98.23 1 1
pryx-core/internal/auth/manager.go:98.23,100.3 1 0
pryx-core/internal/auth/manager.go:101.2,101.17 1 1
pryx-core/internal/auth/manager.go:101.17,103.3 1 0
pryx-core/internal/auth/manager.go:105.2,105.57 1 1
pryx-core/internal/auth/manager.go:108.44,110.40 2 1
pryx-core/internal/auth/manager.go:110.40,112.3 1 0
pryx-core/internal/auth/manager.go:113.2,113.50 1 1
pryx-core/internal/channels/discord/discord.go:23.77,30.2 1 0
pryx-core/internal/channels/discord/discord.go:32.38,34.2 1 0
pryx-core/internal/channels/discord/discord.go:36.40,38.2 1 0
pryx-core/internal/channels/discord/discord.go:40.61,42.16 2 0
pryx-core/internal/channels/discord/discord.go:42.16,45.3 2 0
pryx-core/internal/channels/discord/discord.go:48.2,51.39 2 0
pryx-core/internal/channels/discord/discord.go:51.39,54.3 2 0
pryx-core/internal/channels/discord/discord.go:56.2,64.23 5 0
pryx-core/internal/channels/discord/discord.go:64.23,67.3 2 0
pryx-core/internal/channels/discord/discord.go:69.2,69.12 1 0
pryx-core/internal/channels/discord/discord.go:72.64,73.21 1 0
pryx-core/internal/channels/discord/discord.go:73.21,76.3 2 0
pryx-core/internal/channels/discord/discord.go:78.2,78.22 1 0
pryx-core/internal/channels/discord/discord.go:78.22,79.43 1 0
pryx-core/internal/channels/discord/discord.go:79.43,81.4 1 0
pryx-core/internal/channels/discord/discord.go:82.3,82.18 1 0
pryx-core/internal/channels/discord/discord.go:85.2,86.12 2 0
pryx-core/internal/channels/discord/discord.go:89.80,90.22 1 0
pryx-core/internal/channels/discord/discord.go:90.22,92.3 1 0
pryx-core/internal/channels/discord/discord.go:94.2,95.12 2 0
pryx-core/internal/channels/discord/discord.go:98.51,100.2 1 0
pryx-core/internal/channels/discord/discord.go:102.90,104.36 1 0
pryx-core/internal/channels/discord/discord.go:104.36,106.3 1 0
pryx-core/internal/channels/discord/discord.go:109.2,111.37 3 0
pryx-core/internal/channels/discord/discord.go:111.37,112.36 1 0
pryx-core/internal/channels/discord/discord.go:112.36,114.9 2 0
pryx-core/internal/channels/discord/discord.go:118.2,118.25 1 0
pryx-core/internal/channels/discord/discord.go:118.25,120.3 1 0
pryx-core/internal/channels/discord/discord.go:123.2,139.23 2 0
pryx-core/internal/channels/discord/discord.go:139.23,144.3 1 0
pryx-core/internal/channels/discord/discord.go:147.103,150.6 2 0
pryx-core/internal/channels/discord/discord.go:150.6,151.10 1 0
pryx-core/internal/channels/discord/discord.go:152.21,153.10 1 0
pryx-core/internal/channels/discord/discord.go:154.28,155.55 1 0
pryx-core/internal/channels/discord/discord.go:155.55,156.27 1 0
pryx-core/internal/channels/discord/discord.go:156.27,158.45 1 0
pryx-core/internal/channels/discord/discord.go:158.45,161.7 1 0
pryx-core/internal/bus/bus.go:29.17,33.2 1 12
pryx-core/internal/bus/bus.go:37.69,48.18 5 20
pryx-core/internal/bus/bus.go:48.18,50.4 1 21
pryx-core/internal/bus/bus.go:53.2,54.23 2 20
pryx-core/internal/bus/bus.go:58.36,64.29 4 172
pryx-core/internal/bus/bus.go:64.29,65.34 1 184
pryx-core/internal/bus/bus.go:65.34,66.11 1 183
pryx-core/internal/bus/bus.go:67.25,67.25 0 133
pryx-core/internal/bus/bus.go:68.12,68.12 0 50
pryx-core/internal/bus/bus.go:77.38,81.31 3 21
pryx-core/internal/bus/bus.go:81.31,84.3 2 20
pryx-core/internal/bus/bus.go:87.64,88.26 1 189
pryx-core/internal/bus/bus.go:88.26,90.3 1 183
pryx-core/internal/bus/bus.go:91.2,91.31 1 6
pryx-core/internal/bus/bus.go:91.31,92.17 1 8
pryx-core/internal/bus/bus.go:92.17,94.4 1 3
pryx-core/internal/bus/bus.go:96.2,96.14 1 3
pryx-core/internal/bus/event.go:37.81,46.2 1 173
pryx-core/internal/channels/manager.go:21.52,29.2 2 2
pryx-core/internal/channels/manager.go:31.52,35.45 3 3
pryx-core/internal/channels/manager.go:35.45,37.3 1 1
pryx-core/internal/channels/manager.go:39.2,44.12 3 2
pryx-core/internal/channels/manager.go:47.57,52.2 4 1
pryx-core/internal/channels/manager.go:54.37,59.31 4 2
pryx-core/internal/channels/manager.go:59.31,61.3 1 2
pryx-core/internal/channels/manager.go:64.56,66.41 1 2
pryx-core/internal/channels/manager.go:66.41,68.3 1 0
pryx-core/internal/channels/manager.go:68.8,70.3 1 2
pryx-core/internal/channels/manager.go:72.2,75.6 3 2
pryx-core/internal/channels/manager.go:75.6,76.10 1 2
pryx-core/internal/channels/manager.go:77.23,79.10 2 2
pryx-core/internal/channels/manager.go:80.19,82.77 2 0
pryx-core/internal/channels/manager.go:82.77,84.44 2 0
pryx-core/internal/channels/manager.go:84.44,87.6 2 0
pryx-core/internal/channels/manager.go:87.11,89.6 1 0
pryx-core/internal/channels/manager.go:95.61,96.23 1 0
pryx-core/internal/channels/manager.go:96.23,101.3 1 0
pryx-core/internal/channels/manager.go:104.66,105.23 1 2
pryx-core/internal/channels/manager.go:105.23,110.3 1 2
pryx-core/internal/channels/ratelimit.go:19.69,26.2 1 1
pryx-core/internal/channels/ratelimit.go:28.37,33.43 4 4
pryx-core/internal/channels/ratelimit.go:33.43,36.3 2 1
pryx-core/internal/channels/ratelimit.go:38.2,38.25 1 4
pryx-core/internal/channels/ratelimit.go:38.25,41.3 2 3
pryx-core/internal/channels/ratelimit.go:43.2,43.14 1 1
pryx-core/internal/channels/ratelimit.go:52.94,57.2 1 1
pryx-core/internal/channels/ratelimit.go:59.76,60.25 1 4
pryx-core/internal/channels/ratelimit.go:60.25,62.3 1 1
pryx-core/internal/channels/ratelimit.go:63.2,63.34 1 3
pryx-core/internal/channels/slack/slack.go:27.86,35.2 1 0
pryx-core/internal/channels/slack/slack.go:37.36,39.2 1 0
pryx-core/internal/channels/slack/slack.go:41.38,43.2 1 0
pryx-core/internal/channels/slack/slack.go:45.59,51.16 3 0
pryx-core/internal/channels/slack/slack.go:51.16,54.3 2 0
pryx-core/internal/channels/slack/slack.go:56.2,74.23 7 0
pryx-core/internal/channels/slack/slack.go:74.23,77.3 2 0
pryx-core/internal/channels/slack/slack.go:79.2,79.12 1 0
pryx-core/internal/channels/slack/slack.go:82.62,83.21 1 0
pryx-core/internal/channels/slack/slack.go:83.21,86.3 2 0
pryx-core/internal/channels/slack/slack.go:88.2,89.12 2 0
pryx-core/internal/channels/slack/slack.go:92.78,93.21 1 0
pryx-core/internal/channels/slack/slack.go:93.21,95.3 1 0
pryx-core/internal/channels/slack/slack.go:97.2,101.12 2 0
pryx-core/internal/channels/slack/slack.go:104.49,106.2 1 0
pryx-core/internal/channels/slack/slack.go:108.59,109.6 1 0
pryx-core/internal/channels/slack/slack.go:109.6,110.10 1 0
pryx-core/internal/channels/slack/slack.go:111.21,112.10 1 0
pryx-core/internal/channels/slack/slack.go:113.33,114.20 1 0
pryx-core/internal/channels/slack/slack.go:115.40,116.41 1 0
pryx-core/internal/channels/slack/slack.go:117.45,118.36 1 0
pryx-core/internal/channels/slack/slack.go:119.39,120.40 1 0
pryx-core/internal/channels/slack/slack.go:121.39,122.62 1 0
pryx-core/internal/channels/slack/slack.go:122.62,124.6 1 0
pryx-core/internal/channels/slack/slack.go:130.74,131.20 1 0
pryx-core/internal/channels/slack/slack.go:132.17,133.69 1 0
pryx-core/internal/channels/slack/slack.go:133.69,135.32 1 0
pryx-core/internal/channels/slack/slack.go:135.32,137.5 1 0
pryx-core/internal/channels/slack/slack.go:140.4,153.25 2 0
pryx-core/internal/channels/slack/slack.go:153.25,158.5 1 0
pryx-core/internal/channels/slack/slack.go:161.21,162.72 1 0
pryx-core/internal/channels/slack/slack.go:162.72,176.25 2 0
pryx-core/internal/channels/slack/slack.go:176.25,181.5 1 0
pryx-core/internal/channels/slack/slack.go:186.101,189.6 2 0
pryx-core/internal/channels/slack/slack.go:189.6,190.10 1 0
pryx-core/internal/channels/slack/slack.go:191.21,192.10 1 0
pryx-core/internal/channels/slack/slack.go:193.28,194.55 1 0
pryx-core/internal/channels/slack/slack.go:194.55,195.27 1 0
pryx-core/internal/channels/slack/slack.go:195.27,197.45 1 0
pryx-core/internal/channels/slack/slack.go:197.45,200.7 1 0
pryx-core/internal/channels/webhook/webhook.go:46.81,48.44 1 3
pryx-core/internal/channels/webhook/webhook.go:48.44,51.3 2 0
pryx-core/internal/channels/webhook/webhook.go:54.2,54.42 1 3
pryx-core/internal/channels/webhook/webhook.go:54.42,56.3 1 0
pryx-core/internal/channels/webhook/webhook.go:58.2,62.3 1 3
pryx-core/internal/channels/webhook/webhook.go:65.38,67.2 1 0
pryx-core/internal/channels/webhook/webhook.go:69.40,71.2 1 0
pryx-core/internal/channels/webhook/webhook.go:73.61,74.24 1 0
pryx-core/internal/channels/webhook/webhook.go:74.24,78.3 2 0
pryx-core/internal/channels/webhook/webhook.go:80.2,89.12 5 0
pryx-core/internal/channels/webhook/webhook.go:89.12,90.68 1 0
pryx-core/internal/channels/webhook/webhook.go:90.68,92.25 2 0
pryx-core/internal/channels/webhook/webhook.go:92.25,97.5 1 0
pryx-core/internal/channels/webhook/webhook.go:101.2,101.12 1 0
pryx-core/internal/channels/webhook/webhook.go:104.64,106.21 2 0
pryx-core/internal/channels/webhook/webhook.go:106.21,108.3 1 0
pryx-core/internal/channels/webhook/webhook.go:109.2,109.12 1 0
pryx-core/internal/channels/webhook/webhook.go:112.80,115.46 2 3
pryx-core/internal/channels/webhook/webhook.go:115.46,117.3 1 0
pryx-core/internal/channels/webhook/webhook.go:119.2,119.18 1 3
pryx-core/internal/channels/webhook/webhook.go:119.18,121.3 1 0
pryx-core/internal/channels/webhook/webhook.go:123.2,126.48 3 3
pryx-core/internal/channels/webhook/webhook.go:126.48,128.3 1 3
pryx-core/internal/channels/webhook/webhook.go:130.2,130.56 1 3
pryx-core/internal/channels/webhook/webhook.go:130.56,135.3 3 1
pryx-core/internal/channels/webhook/webhook.go:135.8,138.17 2 2
pryx-core/internal/channels/webhook/webhook.go:138.17,140.4 1 0
pryx-core/internal/channels/webhook/webhook.go:141.3,141.34 1 2
pryx-core/internal/channels/webhook/webhook.go:146.2,147.39 2 3
pryx-core/internal/channels/webhook/webhook.go:147.39,149.3 1 2
pryx-core/internal/channels/webhook/webhook.go:149.8,149.48 1 1
pryx-core/internal/channels/webhook/webhook.go:149.48,154.3 3 1
pryx-core/internal/channels/webhook/webhook.go:156.2,157.16 2 3
pryx-core/internal/channels/webhook/webhook.go:157.16,159.3 1 0
pryx-core/internal/channels/webhook/webhook.go:161.2,163.27 2 3
pryx-core/internal/channels/webhook/webhook.go:163.27,168.3 4 3
pryx-core/internal/channels/webhook/webhook.go:171.2,180.19 3 3
pryx-core/internal/channels/webhook/webhook.go:180.19,182.3 1 0
pryx-core/internal/channels/webhook/webhook.go:184.2,185.32 2 3
pryx-core/internal/channels/webhook/webhook.go:185.32,187.12 1 5
pryx-core/internal/channels/webhook/webhook.go:187.12,189.4 1 2
pryx-core/internal/channels/webhook/webhook.go:191.3,192.17 2 5
pryx-core/internal/channels/webhook/webhook.go:192.17,195.12 3 0
pryx-core/internal/channels/webhook/webhook.go:197.3,199.80 2 5
pryx-core/internal/channels/webhook/webhook.go:199.80,202.56 1 0
pryx-core/internal/channels/webhook/webhook.go:202.56,205.13 3 0
pryx-core/internal/channels/webhook/webhook.go:208.4,208.81 1 0
pryx-core/internal/channels/webhook/webhook.go:211.3,211.29 1 5
pryx-core/internal/channels/webhook/webhook.go:211.29,214.12 3 2
pryx-core/internal/channels/webhook/webhook.go:217.3,217.13 1 3
pryx-core/internal/channels/webhook/webhook.go:220.2,220.70 1 0
pryx-core/internal/channels/webhook/webhook.go:223.51,225.2 1 0
pryx-core/internal/channels/webhook/webhook.go:227.92,230.15 2 0
pryx-core/internal/channels/webhook/webhook.go:230.15,232.3 1 0
pryx-core/internal/channels/webhook/webhook.go:233.2,233.15 1 0
pryx-core/internal/channels/webhook/webhook.go:233.15,235.3 1 0
pryx-core/internal/channels/webhook/webhook.go:237.2,238.21 2 0
pryx-core/internal/channels/webhook/webhook.go:238.21,240.3 1 0
pryx-core/internal/channels/webhook/webhook.go:242.2,243.16 2 0
pryx-core/internal/channels/webhook/webhook.go:243.16,245.3 1 0
pryx-core/internal/channels/webhook/webhook.go:247.2,253.61 5 0
pryx-core/internal/channels/webhook/webhook.go:256.83,257.35 1 0
pryx-core/internal/channels/webhook/webhook.go:257.35,260.3 2 0
pryx-core/internal/channels/webhook/webhook.go:263.2,263.27 1 0
pryx-core/internal/channels/webhook/webhook.go:263.27,265.13 2 0
pryx-core/internal/channels/webhook/webhook.go:265.13,268.4 2 0
pryx-core/internal/channels/webhook/webhook.go:272.2,276.55 4 0
pryx-core/internal/channels/webhook/webhook.go:276.55,279.3 2 0
pryx-core/internal/channels/webhook/webhook.go:281.2,282.46 2 0
pryx-core/internal/channels/webhook/webhook.go:282.46,284.3 1 0
pryx-core/internal/channels/webhook/webhook.go:284.8,284.50 1 0
pryx-core/internal/channels/webhook/webhook.go:284.50,286.3 1 0
pryx-core/internal/channels/webhook/webhook.go:286.8,288.3 1 0
pryx-core/internal/channels/webhook/webhook.go:290.2,299.23 2 0
pryx-core/internal/channels/webhook/webhook.go:299.23,301.3 1 0
pryx-core/internal/channels/webhook/webhook.go:303.2,303.31 1 0
pryx-core/internal/channels/telegram/telegram.go:24.79,31.2 1 3
pryx-core/internal/channels/telegram/telegram.go:33.39,35.2 1 1
pryx-core/internal/channels/telegram/telegram.go:37.41,39.2 1 1
pryx-core/internal/channels/telegram/telegram.go:41.62,43.16 2 1
pryx-core/internal/channels/telegram/telegram.go:43.16,46.3 2 1
pryx-core/internal/channels/telegram/telegram.go:48.2,56.23 5 0
pryx-core/internal/channels/telegram/telegram.go:56.23,59.3 2 0
pryx-core/internal/channels/telegram/telegram.go:62.2,64.12 2 0
pryx-core/internal/channels/telegram/telegram.go:67.65,68.21 1 0
pryx-core/internal/channels/telegram/telegram.go:68.21,71.3 2 0
pryx-core/internal/channels/telegram/telegram.go:72.2,73.12 2 0
pryx-core/internal/channels/telegram/telegram.go:76.81,77.18 1 0
pryx-core/internal/channels/telegram/telegram.go:77.18,79.3 1 0
pryx-core/internal/channels/telegram/telegram.go:81.2,82.16 2 0
pryx-core/internal/channels/telegram/telegram.go:82.16,84.3 1 0
pryx-core/internal/channels/telegram/telegram.go:86.2,88.12 3 0
pryx-core/internal/channels/telegram/telegram.go:91.52,93.2 1 2
pryx-core/internal/channels/telegram/telegram.go:95.53,103.6 5 0
pryx-core/internal/channels/telegram/telegram.go:103.6,104.10 1 0
pryx-core/internal/channels/telegram/telegram.go:105.21,106.10 1 0
pryx-core/internal/channels/telegram/telegram.go:107.19,109.18 2 0
pryx-core/internal/channels/telegram/telegram.go:109.18,118.13 2 0
pryx-core/internal/channels/telegram/telegram.go:121.4,121.35 1 0
pryx-core/internal/channels/telegram/telegram.go:121.35,122.36 1 0
pryx-core/internal/channels/telegram/telegram.go:122.36,124.6 1 0
pryx-core/internal/channels/telegram/telegram.go:126.5,126.30 1 0
pryx-core/internal/channels/telegram/telegram.go:126.30,127.14 1 0
pryx-core/internal/channels/telegram/telegram.go:130.5,130.36 1 0
pryx-core/internal/channels/telegram/telegram.go:136.64,137.23 1 4
pryx-core/internal/channels/telegram/telegram.go:137.23,139.3 1 0
pryx-core/internal/channels/telegram/telegram.go:141.2,144.19 2 4
pryx-core/internal/channels/telegram/telegram.go:144.19,145.23 1 3
pryx-core/internal/channels/telegram/telegram.go:145.23,147.4 1 1
pryx-core/internal/channels/telegram/telegram.go:147.9,147.33 1 2
pryx-core/internal/channels/telegram/telegram.go:147.33,149.4 1 0
pryx-core/internal/channels/telegram/telegram.go:149.9,149.30 1 2
pryx-core/internal/channels/telegram/telegram.go:149.30,151.4 1 1
pryx-core/internal/channels/telegram/telegram.go:151.9,151.30 1 1
pryx-core/internal/channels/telegram/telegram.go:151.30,153.4 1 0
pryx-core/internal/channels/telegram/telegram.go:153.9,153.32 1 1
pryx-core/internal/channels/telegram/telegram.go:153.32,155.4 1 0
pryx-core/internal/channels/telegram/telegram.go:155.9,155.30 1 1
pryx-core/internal/channels/telegram/telegram.go:155.30,157.4 1 0
pryx-core/internal/channels/telegram/telegram.go:157.9,159.4 1 1
pryx-core/internal/channels/telegram/telegram.go:162.2,176.75 2 4
pryx-core/internal/channels/telegram/telegram.go:179.102,181.6 2 0
pryx-core/internal/channels/telegram/telegram.go:181.6,182.10 1 0
pryx-core/internal/channels/telegram/telegram.go:183.21,184.10 1 0
pryx-core/internal/channels/telegram/telegram.go:185.28,186.11 1 0
pryx-core/internal/channels/telegram/telegram.go:186.11,188.5 1 0
pryx-core/internal/channels/telegram/telegram.go:190.4,190.63 1 0
pryx-core/internal/channels/telegram/telegram.go:190.63,192.23 2 0
pryx-core/internal/channels/telegram/telegram.go:192.23,193.14 1 0
pryx-core/internal/channels/telegram/telegram.go:195.5,197.38 3 0
pryx-core/internal/channels/telegram/telegram.go:197.38,204.6 2 0
pryx-core/internal/config/auth.go:22.38,24.16 2 0
pryx-core/internal/config/auth.go:24.16,28.3 1 0
pryx-core/internal/config/auth.go:30.2,35.54 4 0
pryx-core/internal/config/auth.go:35.54,37.3 1 0
pryx-core/internal/config/auth.go:39.2,39.16 1 0
pryx-core/internal/config/auth.go:42.42,44.16 2 0
pryx-core/internal/config/auth.go:44.16,46.3 1 0
pryx-core/internal/config/auth.go:48.2,48.58 1 0
pryx-core/internal/config/auth.go:51.46,53.16 2 0
pryx-core/internal/config/auth.go:53.16,55.3 1 0
pryx-core/internal/config/auth.go:57.2,61.16 4 0
pryx-core/internal/config/auth.go:61.16,63.3 1 0
pryx-core/internal/config/auth.go:65.2,65.45 1 0
pryx-core/internal/config/auth.go:68.65,70.16 2 0
pryx-core/internal/config/auth.go:70.16,72.3 1 0
pryx-core/internal/config/auth.go:74.2,79.54 4 0
pryx-core/internal/config/auth.go:79.54,81.3 1 0
pryx-core/internal/config/auth.go:83.2,83.34 1 0
pryx-core/internal/config/auth.go:83.34,85.3 1 0
pryx-core/internal/config/auth.go:87.2,90.16 3 0
pryx-core/internal/config/auth.go:90.16,92.3 1 0
pryx-core/internal/config/auth.go:94.2,94.45 1 0
pryx-core/internal/config/config.go:39.27,42.2 2 5
pryx-core/internal/config/config.go:44.21,56.41 3 4
pryx-core/internal/config/config.go:56.41,57.53 1 4
pryx-core/internal/config/config.go:57.53,59.4 1 4
pryx-core/internal/config/config.go:63.2,63.49 1 4
pryx-core/internal/config/config.go:63.49,65.3 1 3
pryx-core/internal/config/config.go:66.2,66.45 1 4
pryx-core/internal/config/config.go:66.45,68.3 1 1
pryx-core/internal/config/config.go:69.2,69.51 1 4
pryx-core/internal/config/config.go:69.51,71.3 1 1
pryx-core/internal/config/config.go:73.2,73.12 1 4
pryx-core/internal/config/config.go:76.49,78.16 2 9
pryx-core/internal/config/config.go:78.16,80.3 1 1
pryx-core/internal/config/config.go:81.2,82.51 2 8
pryx-core/internal/config/config.go:82.51,84.3 1 1
pryx-core/internal/config/config.go:85.2,85.18 1 7
pryx-core/internal/config/config.go:88.42,90.47 2 4
pryx-core/internal/config/config.go:90.47,92.3 1 0
pryx-core/internal/config/config.go:94.2,95.16 2 4
pryx-core/internal/config/config.go:95.16,97.3 1 0
pryx-core/internal/config/config.go:99.2,99.39 1 4
pryx-core/internal/config/config.go:102.42,103.40 1 3
pryx-core/internal/config/config.go:103.40,105.3 1 1
pryx-core/internal/config/config.go:106.2,106.17 1 2
pryx-core/internal/constraints/catalog.go:39.51,40.30 1 1
pryx-core/internal/constraints/catalog.go:40.30,42.3 1 1
pryx-core/internal/constraints/catalog.go:43.2,43.11 1 0
pryx-core/internal/constraints/catalog.go:52.75,53.55 1 13
pryx-core/internal/constraints/catalog.go:53.55,55.3 1 12
pryx-core/internal/constraints/catalog.go:56.2,57.9 2 1
pryx-core/internal/constraints/catalog.go:57.9,59.3 1 0
pryx-core/internal/constraints/catalog.go:60.2,60.27 1 1
pryx-core/internal/constraints/catalog.go:60.27,62.3 1 1
pryx-core/internal/constraints/catalog.go:63.2,63.29 1 1
pryx-core/internal/constraints/catalog.go:63.29,65.3 1 1
pryx-core/internal/constraints/catalog.go:66.2,66.31 1 1
pryx-core/internal/constraints/catalog.go:66.31,68.3 1 1
pryx-core/internal/constraints/catalog.go:69.2,69.10 1 1
pryx-core/internal/constraints/catalog.go:72.67,84.2 4 0
pryx-core/internal/constraints/catalog.go:102.28,107.2 1 10
pryx-core/internal/constraints/catalog.go:109.41,111.59 2 3
pryx-core/internal/constraints/catalog.go:111.59,113.3 1 0
pryx-core/internal/constraints/catalog.go:114.2,114.15 1 3
pryx-core/internal/constraints/catalog.go:117.36,119.16 2 3
pryx-core/internal/constraints/catalog.go:119.16,120.57 1 0
pryx-core/internal/constraints/catalog.go:122.2,122.10 1 3
pryx-core/internal/constraints/catalog.go:125.52,127.54 2 4
pryx-core/internal/constraints/catalog.go:127.54,129.3 1 0
pryx-core/internal/constraints/catalog.go:131.2,131.37 1 4
pryx-core/internal/constraints/catalog.go:131.37,133.3 1 28
pryx-core/internal/constraints/catalog.go:135.2,135.45 1 4
pryx-core/internal/constraints/catalog.go:135.45,136.58 1 40
pryx-core/internal/constraints/catalog.go:136.58,138.4 1 0
pryx-core/internal/constraints/catalog.go:141.2,141.12 1 4
pryx-core/internal/constraints/catalog.go:144.53,146.16 2 0
pryx-core/internal/constraints/catalog.go:146.16,148.3 1 0
pryx-core/internal/constraints/catalog.go:149.2,149.30 1 0
pryx-core/internal/constraints/catalog.go:152.68,154.2 1 37
pryx-core/internal/constraints/catalog.go:156.81,158.16 2 40
pryx-core/internal/constraints/catalog.go:158.16,160.3 1 0
pryx-core/internal/constraints/catalog.go:161.2,166.12 2 40
pryx-core/internal/constraints/catalog.go:169.42,171.26 2 0
pryx-core/internal/constraints/catalog.go:171.26,173.3 1 0
pryx-core/internal/constraints/catalog.go:174.2,174.12 1 0
pryx-core/internal/constraints/catalog.go:177.41,178.18 1 0
pryx-core/internal/constraints/catalog.go:178.18,180.3 1 0
pryx-core/internal/constraints/catalog.go:181.2,181.36 1 0
pryx-core/internal/constraints/catalog.go:181.36,183.3 1 0
pryx-core/internal/constraints/catalog.go:184.2,184.52 1 0
pryx-core/internal/constraints/catalog.go:187.65,189.38 1 24
pryx-core/internal/constraints/catalog.go:189.38,191.3 1 14
pryx-core/internal/constraints/catalog.go:194.2,194.35 1 10
pryx-core/internal/constraints/catalog.go:194.35,195.36 1 74
pryx-core/internal/constraints/catalog.go:195.36,197.4 1 7
pryx-core/internal/constraints/catalog.go:201.2,201.41 1 3
pryx-core/internal/constraints/catalog.go:201.41,203.3 1 1
pryx-core/internal/constraints/catalog.go:205.2,205.35 1 2
pryx-core/internal/constraints/catalog.go:208.61,210.20 2 0
pryx-core/internal/constraints/catalog.go:210.20,212.3 1 0
pryx-core/internal/constraints/catalog.go:214.2,214.49 1 0
pryx-core/internal/constraints/catalog.go:214.49,226.3 2 0
pryx-core/internal/constraints/catalog.go:228.2,228.10 1 0
pryx-core/internal/constraints/openrouter.go:49.64,51.16 2 0
pryx-core/internal/constraints/openrouter.go:51.16,53.3 1 0
pryx-core/internal/constraints/openrouter.go:54.2,55.15 2 0
pryx-core/internal/constraints/openrouter.go:55.15,57.3 1 0
pryx-core/internal/constraints/openrouter.go:59.2,60.16 2 0
pryx-core/internal/constraints/openrouter.go:60.16,62.3 1 0
pryx-core/internal/constraints/openrouter.go:63.2,64.15 2 0
pryx-core/internal/constraints/openrouter.go:67.107,69.27 2 0
pryx-core/internal/constraints/openrouter.go:69.27,70.56 1 0
pryx-core/internal/constraints/openrouter.go:70.56,71.38 1 0
pryx-core/internal/constraints/openrouter.go:71.38,72.61 1 0
pryx-core/internal/constraints/openrouter.go:72.61,74.6 1 0
pryx-core/internal/constraints/openrouter.go:79.2,80.16 2 0
pryx-core/internal/constraints/openrouter.go:80.16,82.3 1 0
pryx-core/internal/constraints/openrouter.go:84.2,84.21 1 0
pryx-core/internal/constraints/openrouter.go:84.21,87.3 2 0
pryx-core/internal/constraints/openrouter.go:89.2,89.38 1 0
pryx-core/internal/constraints/openrouter.go:92.80,94.16 2 0
pryx-core/internal/constraints/openrouter.go:94.16,96.3 1 0
pryx-core/internal/constraints/openrouter.go:97.2,100.16 3 0
pryx-core/internal/constraints/openrouter.go:100.16,102.3 1 0
pryx-core/internal/constraints/openrouter.go:103.2,105.38 2 0
pryx-core/internal/constraints/openrouter.go:105.38,108.3 2 0
pryx-core/internal/constraints/openrouter.go:109.2,109.30 1 0
pryx-core/internal/constraints/openrouter.go:112.61,114.51 2 0
pryx-core/internal/constraints/openrouter.go:114.51,116.3 1 0
pryx-core/internal/constraints/openrouter.go:118.2,119.32 2 0
pryx-core/internal/constraints/openrouter.go:119.32,120.36 1 0
pryx-core/internal/constraints/openrouter.go:120.36,121.12 1 0
pryx-core/internal/constraints/openrouter.go:123.3,123.45 1 0
pryx-core/internal/constraints/openrouter.go:125.2,125.15 1 0
pryx-core/internal/constraints/openrouter.go:128.60,130.38 2 0
pryx-core/internal/constraints/openrouter.go:130.38,132.3 1 0
pryx-core/internal/constraints/openrouter.go:134.2,166.13 12 0
pryx-core/internal/constraints/openrouter.go:169.44,171.16 2 0
pryx-core/internal/constraints/openrouter.go:171.16,173.3 1 0
pryx-core/internal/constraints/openrouter.go:174.2,174.77 1 0
pryx-core/internal/constraints/openrouter.go:177.35,179.13 2 0
pryx-core/internal/constraints/openrouter.go:179.13,181.3 1 0
pryx-core/internal/constraints/openrouter.go:182.2,183.16 2 0
pryx-core/internal/constraints/openrouter.go:183.16,185.3 1 0
pryx-core/internal/constraints/openrouter.go:186.2,186.10 1 0
pryx-core/internal/constraints/openrouter.go:189.48,190.25 1 0
pryx-core/internal/constraints/openrouter.go:190.25,191.13 1 0
pryx-core/internal/constraints/openrouter.go:191.13,193.4 1 0
pryx-core/internal/constraints/openrouter.go:195.2,195.14 1 0
pryx-core/internal/constraints/resolver.go:11.46,12.20 1 5
pryx-core/internal/constraints/resolver.go:12.20,14.3 1 0
pryx-core/internal/constraints/resolver.go:15.2,15.36 1 5
pryx-core/internal/constraints/resolver.go:18.84,32.2 5 8
pryx-core/internal/constraints/resolver.go:34.52,36.9 2 9
pryx-core/internal/constraints/resolver.go:36.9,43.3 1 1
pryx-core/internal/constraints/resolver.go:45.2,51.61 3 8
pryx-core/internal/constraints/resolver.go:51.61,57.3 1 1
pryx-core/internal/constraints/resolver.go:60.2,61.47 2 7
[...]
pryx-core/internal/validation/validator.go:67.65,69.3 1 0
pryx-core/internal/validation/validator.go:71.2,71.12 1 6
pryx-core/internal/validation/validator.go:74.59,75.36 1 4
pryx-core/internal/validation/validator.go:75.36,77.3 1 1
pryx-core/internal/validation/validator.go:79.2,80.33 2 3
pryx-core/internal/validation/validator.go:80.33,82.3 1 2
pryx-core/internal/validation/validator.go:84.2,84.55 1 1
pryx-core/internal/validation/validator.go:87.59,88.36 1 4
pryx-core/internal/validation/validator.go:88.36,90.3 1 1
pryx-core/internal/validation/validator.go:92.2,93.37 2 3
pryx-core/internal/validation/validator.go:93.37,95.3 1 2
pryx-core/internal/validation/validator.go:97.2,97.12 1 1
pryx-core/internal/validation/validator.go:100.58,101.36 1 3
pryx-core/internal/validation/validator.go:101.36,103.3 1 1
pryx-core/internal/validation/validator.go:105.2,106.35 2 2
pryx-core/internal/validation/validator.go:106.35,108.3 1 1
pryx-core/internal/validation/validator.go:110.2,110.56 1 1
pryx-core/internal/validation/validator.go:113.65,114.36 1 5
pryx-core/internal/validation/validator.go:114.36,116.3 1 1
pryx-core/internal/validation/validator.go:118.2,120.39 2 4
pryx-core/internal/validation/validator.go:120.39,122.3 1 1
pryx-core/internal/validation/validator.go:124.2,124.37 1 3
pryx-core/internal/validation/validator.go:124.37,126.3 1 1
pryx-core/internal/validation/validator.go:128.2,128.31 1 2
pryx-core/internal/validation/validator.go:128.31,130.3 1 1
pryx-core/internal/validation/validator.go:132.2,132.56 1 1
pryx-core/internal/validation/validator.go:135.60,136.36 1 0
pryx-core/internal/validation/validator.go:136.36,138.3 1 0
pryx-core/internal/validation/validator.go:140.2,141.16 2 0
pryx-core/internal/validation/validator.go:141.16,143.3 1 0
pryx-core/internal/validation/validator.go:145.2,145.47 1 0
pryx-core/internal/validation/validator.go:145.47,147.3 1 0
pryx-core/internal/validation/validator.go:149.2,149.31 1 0
pryx-core/internal/validation/validator.go:149.31,151.3 1 0
pryx-core/internal/validation/validator.go:153.2,153.56 1 0
pryx-core/internal/validation/validator.go:156.57,157.36 1 5
pryx-core/internal/validation/validator.go:157.36,159.3 1 1
pryx-core/internal/validation/validator.go:161.2,176.44 2 4
pryx-core/internal/validation/validator.go:176.44,177.39 1 22
pryx-core/internal/validation/validator.go:177.39,179.4 1 3
pryx-core/internal/validation/validator.go:182.2,182.60 1 1
pryx-core/internal/validation/validator.go:185.61,186.36 1 4
pryx-core/internal/validation/validator.go:186.36,188.3 1 2
pryx-core/internal/validation/validator.go:190.2,190.36 1 2
pryx-core/internal/validation/validator.go:190.36,192.3 1 0
pryx-core/internal/validation/validator.go:194.2,194.37 1 2
pryx-core/internal/validation/validator.go:194.37,196.3 1 1
pryx-core/internal/validation/validator.go:198.2,198.12 1 1
pryx-core/internal/validation/validator.go:201.79,202.14 1 0
pryx-core/internal/validation/validator.go:202.14,204.3 1 0
pryx-core/internal/validation/validator.go:206.2,206.28 1 0
pryx-core/internal/validation/validator.go:206.28,207.58 1 0
pryx-core/internal/validation/validator.go:207.58,209.4 1 0
pryx-core/internal/validation/validator.go:211.3,211.36 1 0
pryx-core/internal/validation/validator.go:211.36,212.93 1 0
pryx-core/internal/validation/validator.go:212.93,214.5 1 0
pryx-core/internal/validation/validator.go:218.2,218.12 1 0
pryx-core/internal/validation/validator.go:230.36,231.31 1 1
pryx-core/internal/validation/validator.go:231.31,233.3 1 1
pryx-core/internal/validation/validator.go:236.36,237.31 1 5
pryx-core/internal/validation/validator.go:237.31,239.3 1 5
pryx-core/internal/validation/validator.go:242.45,243.31 1 0
pryx-core/internal/validation/validator.go:243.31,245.3 1 0
pryx-core/internal/validation/validator.go:248.42,249.31 1 2
pryx-core/internal/validation/validator.go:249.31,251.3 1 2
pryx-core/internal/validation/validator.go:254.40,255.77 1 0
pryx-core/internal/validation/validator.go:255.77,257.3 1 0
pryx-core/internal/validation/validator.go:259.2,285.39 2 0
pryx-core/internal/validation/validator.go:285.39,286.42 1 0
pryx-core/internal/validation/validator.go:286.42,288.4 1 0
pryx-core/internal/validation/validator.go:291.2,291.14 1 0
pryx-core/internal/validation/validator.go:294.42,298.26 3 5
pryx-core/internal/validation/validator.go:298.26,299.77 1 55
pryx-core/internal/validation/validator.go:299.77,301.4 1 53
pryx-core/internal/validation/validator.go:304.2,304.24 1 5
pryx-core/internal/validation/validator.go:307.54,308.45 1 3
pryx-core/internal/validation/validator.go:308.45,310.3 1 1
pryx-core/internal/validation/validator.go:312.2,312.39 1 2
pryx-core/internal/store/message.go:25.91,39.16 6 1
pryx-core/internal/store/message.go:39.16,41.3 1 0
pryx-core/internal/store/message.go:44.2,46.17 2 1
pryx-core/internal/store/message.go:49.67,52.16 3 1
pryx-core/internal/store/message.go:52.16,54.3 1 0
pryx-core/internal/store/message.go:55.2,58.18 3 1
pryx-core/internal/store/message.go:58.18,60.101 2 1
pryx-core/internal/store/message.go:60.101,62.4 1 0
pryx-core/internal/store/message.go:63.3,63.35 1 1
pryx-core/internal/store/message.go:65.2,65.22 1 1
pryx-core/internal/store/session.go:16.63,29.16 6 141
pryx-core/internal/store/session.go:29.16,31.3 1 0
pryx-core/internal/store/session.go:33.2,33.18 1 141
pryx-core/internal/store/session.go:36.57,40.16 4 1
pryx-core/internal/store/session.go:40.16,42.3 1 0
pryx-core/internal/store/session.go:43.2,43.18 1 1
pryx-core/internal/store/session.go:46.52,49.16 3 1101
pryx-core/internal/store/session.go:49.16,51.3 1 0
pryx-core/internal/store/session.go:52.2,55.18 3 1101
pryx-core/internal/store/session.go:55.18,57.92 2 110001
pryx-core/internal/store/session.go:57.92,59.4 1 0
pryx-core/internal/store/session.go:60.3,60.36 1 110001
pryx-core/internal/store/session.go:62.2,62.22 1 1101
pryx-core/internal/store/store.go:14.41,16.16 2 2
pryx-core/internal/store/store.go:16.16,18.3 1 0
pryx-core/internal/store/store.go:21.2,25.34 4 2
pryx-core/internal/store/store.go:25.34,27.3 1 0
pryx-core/internal/store/store.go:29.2,30.36 2 2
pryx-core/internal/store/store.go:30.36,32.3 1 0
pryx-core/internal/store/store.go:34.2,34.15 1 2
pryx-core/internal/store/store.go:37.31,39.2 1 2
pryx-core/internal/store/store.go:41.33,43.16 2 2
pryx-core/internal/store/store.go:43.16,45.3 1 0
pryx-core/internal/store/store.go:48.2,53.30 2 2
pryx-core/internal/store/store.go:53.30,54.43 1 4
pryx-core/internal/store/store.go:54.43,56.12 1 0
pryx-core/internal/store/store.go:60.2,60.12 1 2
pryx-core/internal/vault/audit.go:73.49,74.30 1 12
pryx-core/internal/vault/audit.go:74.30,76.3 1 12
pryx-core/internal/vault/audit.go:80.52,81.30 1 1
pryx-core/internal/vault/audit.go:81.30,83.3 1 1
pryx-core/internal/vault/audit.go:87.70,95.27 2 12
pryx-core/internal/vault/audit.go:95.27,97.3 1 13
pryx-core/internal/vault/audit.go:100.2,100.41 1 12
pryx-core/internal/vault/audit.go:100.41,102.17 2 0
pryx-core/internal/vault/audit.go:102.17,104.4 1 0
pryx-core/internal/vault/audit.go:105.3,105.51 1 0
pryx-core/internal/vault/audit.go:109.2,109.54 1 12
pryx-core/internal/vault/audit.go:109.54,111.3 1 0
pryx-core/internal/vault/audit.go:114.2,114.42 1 12
pryx-core/internal/vault/audit.go:114.42,116.3 1 0
pryx-core/internal/vault/audit.go:119.2,122.15 3 12
pryx-core/internal/vault/audit.go:126.133,138.16 2 24
pryx-core/internal/vault/audit.go:138.16,140.3 1 2
pryx-core/internal/vault/audit.go:143.2,153.25 7 24
pryx-core/internal/vault/audit.go:153.25,155.3 1 0
pryx-core/internal/vault/audit.go:157.2,157.12 1 24
pryx-core/internal/vault/audit.go:161.78,163.2 1 1
pryx-core/internal/vault/audit.go:166.51,168.2 1 1
pryx-core/internal/vault/audit.go:171.90,173.2 1 1
pryx-core/internal/vault/audit.go:176.91,178.2 1 1
pryx-core/internal/vault/audit.go:181.92,183.2 1 1
pryx-core/internal/vault/audit.go:186.78,188.2 1 1
pryx-core/internal/vault/audit.go:191.70,196.40 3 16
pryx-core/internal/vault/audit.go:196.40,198.3 1 0
pryx-core/internal/vault/audit.go:201.2,202.16 2 16
pryx-core/internal/vault/audit.go:202.16,204.3 1 0
pryx-core/internal/vault/audit.go:206.2,208.29 2 16
pryx-core/internal/vault/audit.go:208.29,210.17 2 15
pryx-core/internal/vault/audit.go:210.17,212.4 1 0
pryx-core/internal/vault/audit.go:213.3,213.40 1 15
pryx-core/internal/vault/audit.go:217.2,217.42 1 16
pryx-core/internal/vault/audit.go:217.42,219.3 1 20
pryx-core/internal/vault/audit.go:222.2,222.49 1 16
pryx-core/internal/vault/audit.go:222.49,224.3 1 0
pryx-core/internal/vault/audit.go:226.2,226.21 1 16
pryx-core/internal/vault/audit.go:241.93,246.16 2 2
pryx-core/internal/vault/audit.go:246.16,248.3 1 0
pryx-core/internal/vault/audit.go:250.2,250.16 1 2
pryx-core/internal/vault/audit.go:251.14,254.33 3 1
pryx-core/internal/vault/audit.go:255.13,256.33 1 1
pryx-core/internal/vault/audit.go:257.10,258.54 1 0
pryx-core/internal/vault/audit.go:263.75,268.16 2 2
pryx-core/internal/vault/audit.go:268.16,270.3 1 0
pryx-core/internal/vault/audit.go:272.2,273.32 2 2
pryx-core/internal/vault/audit.go:273.32,275.42 1 5
pryx-core/internal/vault/audit.go:275.42,277.4 1 0
pryx-core/internal/vault/audit.go:280.3,281.33 2 5
pryx-core/internal/vault/audit.go:281.33,283.4 1 0
pryx-core/internal/vault/audit.go:285.3,285.24 1 5
pryx-core/internal/vault/audit.go:288.2,288.12 1 2
pryx-core/internal/vault/audit.go:292.39,299.16 5 1
pryx-core/internal/vault/audit.go:299.16,301.3 1 0
pryx-core/internal/vault/audit.go:303.2,303.32 1 1
pryx-core/internal/vault/audit.go:303.32,304.20 1 2
pryx-core/internal/vault/audit.go:304.20,305.12 1 0
pryx-core/internal/vault/audit.go:309.3,311.17 3 2
pryx-core/internal/vault/audit.go:311.17,312.12 1 0
pryx-core/internal/vault/audit.go:315.3,315.29 1 2
pryx-core/internal/vault/audit.go:315.29,317.42 2 1
pryx-core/internal/vault/audit.go:317.42,319.5 1 0
pryx-core/internal/vault/audit.go:323.2,323.12 1 1
pryx-core/internal/vault/audit.go:327.37,334.40 5 12
pryx-core/internal/vault/audit.go:334.40,336.3 1 0
pryx-core/internal/vault/audit.go:338.2,338.26 1 12
pryx-core/internal/vault/audit.go:338.26,340.3 1 12
pryx-core/internal/vault/audit.go:342.2,342.12 1 0
pryx-core/internal/vault/audit.go:346.41,347.6 1 12
pryx-core/internal/vault/audit.go:347.6,348.10 1 13
pryx-core/internal/vault/audit.go:349.26,352.17 3 1
pryx-core/internal/vault/audit.go:353.17,354.10 1 12
pryx-core/internal/vault/audit.go:359.43,360.24 1 38
pryx-core/internal/vault/audit.go:360.24,362.3 1 28
pryx-core/internal/vault/audit.go:364.2,364.54 1 10
pryx-core/internal/vault/audit.go:364.54,365.43 1 0
pryx-core/internal/vault/audit.go:365.43,367.4 1 0
pryx-core/internal/vault/audit.go:370.2,370.33 1 10
pryx-core/internal/vault/audit.go:370.33,372.17 2 24
pryx-core/internal/vault/audit.go:372.17,374.4 1 0
pryx-core/internal/vault/audit.go:376.3,376.68 1 24
pryx-core/internal/vault/audit.go:376.68,378.4 1 0
pryx-core/internal/vault/audit.go:381.2,381.45 1 10
pryx-core/internal/vault/audit.go:381.45,383.3 1 0
pryx-core/internal/vault/audit.go:385.2,388.12 3 10
pryx-core/internal/vault/audit.go:391.45,392.26 1 12
pryx-core/internal/vault/audit.go:392.26,394.3 1 0
pryx-core/internal/vault/audit.go:397.2,401.16 4 12
pryx-core/internal/vault/audit.go:401.16,403.3 1 0
pryx-core/internal/vault/audit.go:405.2,407.49 2 12
pryx-core/internal/vault/audit.go:407.49,409.3 1 0
pryx-core/internal/vault/audit.go:411.2,411.12 1 12
pryx-core/internal/vault/audit.go:414.59,416.16 2 12
pryx-core/internal/vault/audit.go:416.16,417.25 1 0
pryx-core/internal/vault/audit.go:417.25,420.4 2 0
pryx-core/internal/vault/audit.go:421.3,421.13 1 0
pryx-core/internal/vault/audit.go:424.2,425.39 2 12
pryx-core/internal/vault/audit.go:425.39,427.17 2 13
pryx-core/internal/vault/audit.go:427.17,428.12 1 12
pryx-core/internal/vault/audit.go:431.3,432.62 2 1
pryx-core/internal/vault/audit.go:432.62,433.12 1 1
pryx-core/internal/vault/audit.go:436.3,437.13 2 0
pryx-core/internal/vault/audit.go:440.2,441.12 2 12
pryx-core/internal/vault/audit.go:444.62,455.27 10 30
pryx-core/internal/vault/audit.go:455.27,458.3 2 3
pryx-core/internal/vault/audit.go:460.2,460.39 1 30
pryx-core/internal/vault/audit.go:463.84,465.16 2 16
pryx-core/internal/vault/audit.go:465.16,467.3 1 0
pryx-core/internal/vault/audit.go:469.2,470.32 2 16
pryx-core/internal/vault/audit.go:470.32,471.20 1 18
pryx-core/internal/vault/audit.go:471.20,472.12 1 0
pryx-core/internal/vault/audit.go:475.3,477.17 3 18
pryx-core/internal/vault/audit.go:477.17,478.12 1 2
pryx-core/internal/vault/audit.go:481.3,481.75 1 16
pryx-core/internal/vault/audit.go:481.75,482.12 1 1
pryx-core/internal/vault/audit.go:484.3,484.70 1 15
pryx-core/internal/vault/audit.go:484.70,485.12 1 0
pryx-core/internal/vault/audit.go:488.3,488.65 1 15
pryx-core/internal/vault/audit.go:491.2,491.19 1 16
pryx-core/internal/vault/audit.go:494.93,496.16 2 15
pryx-core/internal/vault/audit.go:496.16,498.3 1 0
pryx-core/internal/vault/audit.go:500.2,503.29 3 15
pryx-core/internal/vault/audit.go:503.29,505.17 2 59
pryx-core/internal/vault/audit.go:505.17,506.12 1 15
pryx-core/internal/vault/audit.go:509.3,510.62 2 44
pryx-core/internal/vault/audit.go:510.62,511.12 1 0
pryx-core/internal/vault/audit.go:514.3,514.37 1 44
pryx-core/internal/vault/audit.go:514.37,515.12 1 10
pryx-core/internal/vault/audit.go:518.3,518.35 1 34
pryx-core/internal/vault/audit.go:521.2,521.21 1 15
pryx-core/internal/vault/audit.go:524.80,525.70 1 44
pryx-core/internal/vault/audit.go:525.70,527.3 1 0
pryx-core/internal/vault/audit.go:528.2,528.65 1 44
pryx-core/internal/vault/audit.go:528.65,530.3 1 1
pryx-core/internal/vault/audit.go:532.2,532.27 1 43
pryx-core/internal/vault/audit.go:532.27,534.39 2 4
pryx-core/internal/vault/audit.go:534.39,535.30 1 4
pryx-core/internal/vault/audit.go:535.30,537.10 2 2
pryx-core/internal/vault/audit.go:540.3,540.13 1 4
pryx-core/internal/vault/audit.go:540.13,542.4 1 2
pryx-core/internal/vault/audit.go:545.2,545.51 1 41
pryx-core/internal/vault/audit.go:545.51,547.3 1 1
pryx-core/internal/vault/audit.go:549.2,549.54 1 40
pryx-core/internal/vault/audit.go:549.54,551.3 1 2
pryx-core/internal/vault/audit.go:553.2,553.59 1 38
pryx-core/internal/vault/audit.go:553.59,555.3 1 4
pryx-core/internal/vault/audit.go:557.2,557.13 1 34
pryx-core/internal/vault/audit.go:560.73,562.49 2 1
pryx-core/internal/vault/audit.go:562.49,564.3 1 0
pryx-core/internal/vault/audit.go:566.2,566.32 1 1
pryx-core/internal/vault/audit.go:566.32,575.48 2 1
pryx-core/internal/vault/audit.go:575.48,577.4 1 0
pryx-core/internal/vault/audit.go:580.2,580.12 1 1
pryx-core/internal/vault/master.go:55.46,60.2 1 12
pryx-core/internal/vault/master.go:62.54,66.2 3 1
pryx-core/internal/vault/master.go:68.58,69.43 1 16
pryx-core/internal/vault/master.go:69.43,71.3 1 5
pryx-core/internal/vault/master.go:73.2,73.53 1 11
pryx-core/internal/vault/master.go:73.53,76.3 2 3
pryx-core/internal/vault/master.go:78.2,81.19 3 8
pryx-core/internal/vault/master.go:81.19,83.17 2 7
pryx-core/internal/vault/master.go:83.17,85.4 1 0
pryx-core/internal/vault/master.go:86.3,86.16 1 7
pryx-core/internal/vault/master.go:89.2,108.12 6 8
pryx-core/internal/vault/master.go:112.41,116.16 3 2
pryx-core/internal/vault/master.go:116.16,118.3 1 1
pryx-core/internal/vault/master.go:121.2,121.52 1 1
pryx-core/internal/vault/master.go:121.52,123.3 1 1
pryx-core/internal/vault/master.go:125.2,128.12 3 1
pryx-core/internal/vault/master.go:132.44,136.2 3 3
pryx-core/internal/vault/master.go:139.53,143.16 3 7
pryx-core/internal/vault/master.go:143.16,145.3 1 2
pryx-core/internal/vault/master.go:147.2,147.25 1 5
pryx-core/internal/vault/master.go:147.25,149.3 1 0
pryx-core/internal/vault/master.go:152.2,152.46 1 5
pryx-core/internal/vault/master.go:152.46,154.3 1 1
pryx-core/internal/vault/master.go:157.2,160.21 3 4
pryx-core/internal/vault/master.go:164.54,168.19 3 2
pryx-core/internal/vault/master.go:168.19,170.3 1 1
pryx-core/internal/vault/master.go:172.2,174.22 3 1
pryx-core/internal/vault/master.go:178.55,179.20 1 2
pryx-core/internal/vault/master.go:179.20,181.3 1 1
pryx-core/internal/vault/master.go:183.2,189.12 5 1
pryx-core/internal/vault/master.go:193.77,194.56 1 1
pryx-core/internal/vault/master.go:194.56,196.3 1 0
pryx-core/internal/vault/master.go:199.2,199.46 1 1
pryx-core/internal/vault/master.go:199.46,201.3 1 0
pryx-core/internal/vault/master.go:203.2,208.16 4 1
pryx-core/internal/vault/master.go:208.16,210.3 1 0
pryx-core/internal/vault/master.go:213.2,223.52 2 1
pryx-core/internal/vault/master.go:223.52,225.3 1 1
pryx-core/internal/vault/master.go:228.2,237.12 4 1
pryx-core/internal/vault/master.go:241.65,245.19 3 5
pryx-core/internal/vault/master.go:245.19,247.3 1 1
pryx-core/internal/vault/master.go:250.2,260.52 2 4
pryx-core/internal/vault/master.go:260.52,262.3 1 4
pryx-core/internal/vault/master.go:264.2,264.14 1 0
pryx-core/internal/vault/master.go:268.63,277.40 4 2
pryx-core/internal/vault/master.go:277.40,281.3 3 1
pryx-core/internal/vault/master.go:283.2,283.67 1 2
pryx-core/internal/vault/master.go:283.67,286.3 2 0
pryx-core/internal/vault/master.go:288.2,288.15 1 2
pryx-core/internal/vault/master.go:292.68,293.39 1 12
pryx-core/internal/vault/master.go:293.39,295.3 1 3
pryx-core/internal/vault/master.go:296.2,296.12 1 9
pryx-core/internal/vault/master.go:300.51,304.67 3 16
pryx-core/internal/vault/master.go:304.67,306.3 1 5
pryx-core/internal/vault/master.go:308.2,308.12 1 11
pryx-core/internal/vault/master.go:312.50,320.26 5 3
pryx-core/internal/vault/master.go:320.26,322.28 2 3
pryx-core/internal/vault/master.go:322.28,324.4 1 0
pryx-core/internal/vault/master.go:325.3,325.41 1 3
pryx-core/internal/vault/master.go:330.37,332.43 2 10
pryx-core/internal/vault/master.go:332.43,334.3 1 0
pryx-core/internal/vault/master.go:335.2,335.18 1 10
pryx-core/internal/vault/master.go:339.37,341.2 1 1
pryx-core/internal/vault/master.go:344.49,346.2 1 2
pryx-core/internal/vault/scope.go:53.38,94.2 5 0
pryx-core/internal/vault/scope.go:97.60,98.29 1 0
pryx-core/internal/vault/scope.go:98.29,100.3 1 0
pryx-core/internal/vault/scope.go:102.2,106.12 4 0
pryx-core/internal/vault/scope.go:110.49,115.2 3 0
pryx-core/internal/vault/scope.go:118.84,119.29 1 0
pryx-core/internal/vault/scope.go:119.29,121.3 1 0
pryx-core/internal/vault/scope.go:123.2,127.12 4 0
pryx-core/internal/vault/scope.go:132.71,136.56 3 0
pryx-core/internal/vault/scope.go:136.56,138.3 1 0
pryx-core/internal/vault/scope.go:140.2,140.24 1 0
pryx-core/internal/vault/scope.go:145.68,150.2 3 0
pryx-core/internal/vault/scope.go:153.69,157.49 3 0
pryx-core/internal/vault/scope.go:157.49,159.3 1 0
pryx-core/internal/vault/scope.go:161.2,161.14 1 0
pryx-core/internal/vault/scope.go:165.89,168.2 2 0
pryx-core/internal/vault/scope.go:171.75,172.35 1 0
pryx-core/internal/vault/scope.go:172.35,174.3 1 0
pryx-core/internal/vault/scope.go:175.2,175.12 1 0
pryx-core/internal/vault/scope.go:179.95,182.2 2 0
pryx-core/internal/vault/scope.go:185.67,190.40 4 0
pryx-core/internal/vault/scope.go:190.40,192.3 1 0
pryx-core/internal/vault/scope.go:194.2,194.15 1 0
pryx-core/internal/vault/scope.go:198.65,203.49 4 0
pryx-core/internal/vault/scope.go:203.49,204.31 1 0
pryx-core/internal/vault/scope.go:204.31,206.4 1 0
pryx-core/internal/vault/scope.go:209.2,209.16 1 0
pryx-core/internal/vault/scope.go:213.48,215.2 1 0
pryx-core/internal/vault/scope.go:218.56,219.38 1 0
pryx-core/internal/vault/scope.go:219.38,220.17 1 0
pryx-core/internal/vault/scope.go:220.17,222.4 1 0
pryx-core/internal/vault/scope.go:224.2,224.14 1 0
pryx-core/internal/vault/scope.go:235.61,241.15 2 0
pryx-core/internal/vault/scope.go:242.21,243.69 1 0
pryx-core/internal/vault/scope.go:244.22,245.59 1 0
pryx-core/internal/vault/scope.go:246.18,247.73 1 0
pryx-core/internal/vault/scope.go:250.2,250.13 1 0
pryx-core/internal/vault/scope.go:254.69,256.28 2 0
pryx-core/internal/vault/scope.go:256.28,258.3 1 0
pryx-core/internal/vault/scope.go:259.2,259.15 1 0
